  TOUGHREACT V4.13omp : chemical.out

 --> start reading chemical input data from chemical.inp

TOUGHREACT TEST VT-D (V3.10-OMP): DST THC Model 10/03: ECRB Min; DST Pore water pH=8.32             
--------------------------------------------------------------------------------
DEFINITION OF THE GEOCHEMICAL SYSTEM
PRIMARY AQUEOUS SPECIES

   finished reading all primary species
   total primary species     npri =  14
     aqueous primary species npaq =  14
     surface primary species npads=   0

AQUEOUS KINETICS
   finished reading aqueous kinetics
   ntrx =   0

AQUEOUS COMPLEXES
   finished reading secondary species
   naqx =   0

 AQUEOUS COMPLEXES will be automatically selected from the thermodynamic database

MINERALS
gypsum                0  0  0  3
     0.000     0.000     0.000
calcite               0  0  0  2
     1.060    25.000   200.000
microcline-b          1  3  0  0
  1.7800E-13   0    1.000    1.000   36.000    0.000    0.000    0.000
  1.7800E-13   0    1.000    1.000   36.000    0.000    0.000    0.000   1.0000E-06  0
     0.000     0.000     0.000
albite-low            1  3  0  0
  7.0800E-13   0    1.000    1.000   67.700    0.000    0.000    0.000
  7.0800E-13   0    1.000    1.000   67.700    0.000    0.000    0.000   1.0000E-06  0
     0.000     0.000     0.000
anorthite             1  1  0  0
  3.1600E-15   0    1.000    1.000   67.700    0.000    0.000    0.000
smect-ca-cal          1  3  1  0
  2.0000E-14   0    1.000    1.000   58.600    0.000    0.000    0.000
  2.0000E-14   0    1.000    1.000   58.600    0.000    0.000    0.000   1.0000E-06  0
     0.000     0.000     0.000
smect-na-cal          1  3  1  0
  2.0000E-14   0    1.000    1.000   58.600    0.000    0.000    0.000
  2.0000E-14   0    1.000    1.000   58.600    0.000    0.000    0.000   1.0000E-06  0
     0.000     0.000     0.000
smect-mg-cal          1  3  1  0
  2.0000E-14   0    1.000    1.000   58.600    0.000    0.000    0.000
  2.0000E-14   0    1.000    1.000   58.600    0.000    0.000    0.000   1.0000E-06  0
     0.000     0.000     0.000
illite                1  3  0  0
  2.0000E-14   0    1.000    1.000   58.600    0.000    0.000    0.000
  2.0000E-14   0    1.000    1.000   58.600    0.000    0.000    0.000   1.0000E-06  0
     0.000     0.000     0.000
tridymite             1  1  0  0
  3.4500E-13   0    1.000    1.000   68.900    0.000    0.000    0.000
cristoba-a            1  1  0  0
  3.4500E-13   0    1.000    1.000   68.900    0.000    0.000    0.000
quartz                1  1  0  0
  4.5200E-14   0    1.000    1.000   90.100    0.000    0.000    0.000
hydglassfe3           1  1  0  0
  7.7200E-15   0    1.000    1.000   91.000    0.000    0.000    0.000
stell/10-r02          1  3  0  0
  5.6600E-13   0    1.000    1.000   58.000    0.000    0.000    0.000
  5.6600E-13   0    1.000    1.000   58.000    0.000    0.000    0.000   1.0000E-06  0
     0.000     0.000     0.000
heul/10-r02           1  3  0  0
  5.6600E-13   0    1.000    1.000   58.000    0.000    0.000    0.000
  5.6600E-13   0    1.000    1.000   58.000    0.000    0.000    0.000   1.0000E-06  0
     0.000     0.000     0.000
mord/10-r02           1  3  0  0
  5.6600E-13   0    1.000    1.000   58.000    0.000    0.000    0.000
  5.6600E-13   0    1.000    1.000   58.000    0.000    0.000    0.000   1.0000E-06  0
     0.000     0.000     0.000
clpt/10-r02           1  3  0  0
  2.3700E-13   0    1.000    1.000   58.000    0.000    0.000    0.000
  2.3700E-13   0    1.000    1.000   58.000    0.000    0.000    0.000   1.0000E-06  0
     0.000     0.000     0.000
sio2(amor.)           1  3  0  1
  7.3200E-13   0    1.000    1.000   60.900    0.000    0.000    0.000
  1.0000E-10   0    1.000    4.400    0.000    0.000    0.000    0.000   1.0000E-04  1
     0.000     0.000     0.000
fluorite              1  3  0  4
  1.2200E-07   0    2.000    1.000    0.000    0.000    0.000    0.000
  1.2200E-07   0    2.000    1.000    0.000    0.000    0.000    0.000   1.0000E-06  0
     0.000     0.000     0.000
sepiolite             1  3  0  0
  2.6700E-14   0    1.000    1.000   58.600    0.000    0.000    0.000
  2.6700E-14   0    1.000    1.000   58.600    0.000    0.000    0.000   1.0000E-06  0
     0.000     0.000     0.000
nano3                 1  3  0  7
  1.0000E-06   0    1.000    1.000    0.000    0.000    0.000    0.000
  1.0000E-06   0    1.000    1.000    0.000    0.000    0.000    0.000   1.0000E-06  0
     0.000     0.000     0.000
kno3                  1  3  0  6
  1.0000E-06   0    1.000    1.000    0.000    0.000    0.000    0.000
  1.0000E-06   0    1.000    1.000    0.000    0.000    0.000    0.000   1.0000E-06  0
     0.000     0.000     0.000
halite                1  3  0  5
  1.0000E-06   0    1.000    1.000    0.000    0.000    0.000    0.000
  1.0000E-06   0    1.000    1.000    0.000    0.000    0.000    0.000   1.0000E-06  0
     0.000     0.000     0.000
sylvite               1  3  0  8
  1.0000E-06   0    1.000    1.000    0.000    0.000    0.000    0.000
  1.0000E-06   0    1.000    1.000    0.000    0.000    0.000    0.000   1.0000E-06  0
     0.000     0.000     0.000
   finished reading minerals
    nmin  =  24
    nmequ =   2
    nmkin =  22
    nsalt =   8

    Salt Minerals
sio2(amor.)         Salt mineral    1  isalt=  18
calcite             Salt mineral    2  isalt=   2
gypsum              Salt mineral    3  isalt=   1
fluorite            Salt mineral    4  isalt=  19
halite              Salt mineral    5  isalt=  23
kno3                Salt mineral    6  isalt=  22
nano3               Salt mineral    7  isalt=  21
sylvite             Salt mineral    8  isalt=  24

  The following minerals form ideal solid solutions:
     Mineral: smect-ca-cal     Solid solution ID:  1   Index:  1
     Mineral: smect-na-cal     Solid solution ID:  1   Index:  1
     Mineral: smect-mg-cal     Solid solution ID:  1   Index:  1
 
 
 
   Total number of solid solutions:                     1
 
GASES
 co2(g)                                   0
   finished reading gases
    ngas  =   1

SURFACE COMPLEXES
   finished reading surface complexes
    nads  =   0

SPECIES AND GASES WITH KD AND DECAY
Species          Decay const.(1/s)    Th. decay a      Th. decay b
   finished reading kd/decay species
    nkdd  =   0


     Temporarily stop reading chemical.inp to read thermodynamic database....
    --> Start reading thermodynamic database: thk1.01-test.dat    
    --> Finished reading thermodynamic database
     ....back to reading chemical.inp
 
EXCHANGEABLE CATIONS
   finished reading exchanged species
    nexc  =   0


 Finished reading upper part of chemical.inp
 SUMMARY OF THERMODYNAMIC DATA FOR THE CHEMICAL SYSTEM

   Components     a0    charge
  h2o            0.000    0.0
  h+             3.080    1.0
  ca+2           2.870    2.0
  mg+2           2.540    2.0
  na+            1.910    1.0
  cl-            1.810   -1.0
  sio2(aq)       0.000    0.0
  hco3-          2.100   -1.0
  so4-2          3.150   -2.0
  k+             2.270    1.0
  alo2-          1.810   -1.0
  f-             1.330   -1.0
  hfeo2(aq)      0.000    0.0
  no3-           2.810   -1.0


 Log K interpolation coefficients as a function of temperature (K) (a,b,c,d,e)
 valid temperature range (deg.C.):   0.0 to 300.0
                        a*ln(TK)       b          c*TK     d*(TK)**-1  e*(TK)**-2
 al+3                  3.6912E+01 -2.2877E+02 -3.3872E-02  4.8371E+03 -9.3712E+05
 al(oh)2+              8.3274E+01 -5.2565E+02 -8.6329E-02  2.5703E+04 -1.9170E+06
 aloh+2                6.0748E+01 -3.8194E+02 -6.2300E-02  1.6019E+04 -1.5340E+06
 co2(aq)               1.0476E+02 -6.7139E+02 -1.0862E-01  3.8868E+04 -2.6528E+06
 co3-2                -1.2757E+02  8.1810E+02  1.2884E-01 -4.5339E+04  2.9104E+06
 caco3(aq)             1.4438E+02 -9.1027E+02 -1.4193E-01  4.9632E+04 -2.6221E+06
 cacl+                 1.3171E+02 -8.3536E+02 -1.3462E-01  4.7059E+04 -2.8883E+06
 cacl2(aq)             2.6338E+02 -1.6684E+03 -2.6609E-01  9.3145E+04 -5.7496E+06
 caf+                  1.4188E+02 -9.0239E+02 -1.4347E-01  5.1324E+04 -3.2022E+06
 cahco3+               1.4105E+02 -8.9824E+02 -1.4177E-01  5.1476E+04 -3.2723E+06
 cahsio3+              1.3627E+02 -8.8990E+02 -1.0712E-01  5.9740E+04 -4.1201E+06
 caoh+                 2.4806E+01 -1.5684E+02 -2.4148E-02  1.1888E+04 -3.8509E+05
 caso4(aq)             2.6834E+02 -1.7044E+03 -2.6485E-01  9.3746E+04 -5.5141E+06
 fecl+2                6.9837E+01 -4.4010E+02 -7.6755E-02  2.3733E+04 -2.4905E+06
 fef+2                 8.2278E+01 -5.2607E+02 -8.9149E-02  2.8784E+04 -2.7282E+06
 fef2+                 2.1522E+02 -1.3701E+03 -2.1982E-01  7.4011E+04 -5.2623E+06
 feo+                 -1.8876E+01  1.2162E+02  1.4790E-02 -7.5187E+03  3.2769E+04
 feo2-                -9.8766E+01  6.2674E+02  9.5730E-02 -3.0622E+04  1.7558E+06
 feoh+2               -3.5891E+01  2.2825E+02  3.1416E-02 -1.2746E+04 -1.7230E+04
 feso4+                2.1232E+02 -1.3487E+03 -2.1339E-01  7.3917E+04 -5.2669E+06
 halo2                 8.6012E+01 -5.4568E+02 -8.8936E-02  2.9284E+04 -2.0031E+06
 hf(aq)                1.1175E+02 -7.1425E+02 -1.1283E-01  4.0395E+04 -2.4412E+06
 hf2-                  1.2285E+02 -7.8401E+02 -1.2247E-01  4.3545E+04 -2.4908E+06
 fe+3                 -6.5215E+01  4.1825E+02  5.9951E-02 -2.4361E+04  4.5630E+05
 hno3(aq)              1.2142E+02 -7.7404E+02 -1.1868E-01  4.4387E+04 -2.6607E+06
 hsio3-               -4.6820E+00  7.2551E+00  3.3994E-02  8.7470E+03 -9.3132E+05
 kcl(aq)               1.1439E+02 -7.2568E+02 -1.1366E-01  4.0740E+04 -2.3370E+06
 khso4(aq)             2.4880E+02 -1.5914E+03 -2.4544E-01  9.3654E+04 -5.8337E+06
 koh(aq)               9.6343E+00 -5.6953E+01 -5.4710E-03  5.0902E+03  9.4168E+04
 kso4-                 1.5246E+02 -9.7180E+02 -1.4904E-01  5.5130E+04 -3.3947E+06
 mgco3(aq)             1.5504E+02 -9.7796E+02 -1.5021E-01  5.3374E+04 -2.8690E+06
 mgcl+                 1.3970E+02 -8.8829E+02 -1.3928E-01  5.0571E+04 -3.1652E+06
 mgf+                  1.5419E+02 -9.8371E+02 -1.5251E-01  5.6493E+04 -3.5715E+06
 mghco3+               1.4488E+02 -9.2525E+02 -1.4274E-01  5.3644E+04 -3.4331E+06
 mghsio3+              1.4615E+02 -9.5512E+02 -1.1345E-01  6.3875E+04 -4.4151E+06
 mgoh+                 3.6678E+01 -2.3545E+02 -3.3397E-02  1.7429E+04 -9.1969E+05
 mgso4(aq)             2.8213E+02 -1.7938E+03 -2.7620E-01  9.9008E+04 -5.8318E+06
 naco3-                2.7903E-02  1.0617E+01 -2.5764E-05 -2.8236E+02 -5.7095E+02
 nacl(aq)              1.2838E+02 -8.1562E+02 -1.2579E-01  4.5666E+04 -2.7286E+06
 naf(aq)               1.3957E+02 -8.8734E+02 -1.3589E-01  4.9772E+04 -2.9606E+06
 nahco3(aq)            1.2932E+02 -8.2107E+02 -1.2377E-01  4.5306E+04 -2.7527E+06
 nahsio3(aq)           1.3718E+02 -8.9516E+02 -1.0062E-01  5.8519E+04 -3.9977E+06
 naoh(aq)              2.3183E+01 -1.4394E+02 -1.7207E-02  1.0281E+04 -2.9259E+05
 naso4-                1.5443E+02 -9.8620E+02 -1.4872E-01  5.6350E+04 -3.4708E+06
 oh-                  -1.1695E+02  7.4738E+02  1.1722E-01 -3.9280E+04  2.6455E+06
 sif6-2                5.8121E+02 -3.7301E+03 -5.5249E-01  2.1173E+05 -1.3608E+07
 gypsum                2.2823E+02 -1.4546E+03 -2.2704E-01  8.1716E+04 -5.0316E+06
 calcite               1.4238E+02 -9.0314E+02 -1.4436E-01  5.0620E+04 -2.9300E+06
 microcline-b          6.5911E+01 -3.9260E+02 -8.8986E-02  7.6843E+03 -3.5469E+05
 albite-low            7.0966E+01 -4.2762E+02 -9.2739E-02  1.0478E+04 -3.9001E+05
 anorthite             9.1733E+01 -5.5633E+02 -1.3047E-01  1.7746E+04 -6.6053E+05
 smect-ca-cal          5.4147E+02 -3.5014E+03 -4.6887E-01  1.9971E+05 -1.3391E+07
 smect-na-cal          5.1976E+02 -3.3599E+03 -4.5014E-01  1.9080E+05 -1.2826E+07
 smect-mg-cal          5.3578E+02 -3.4646E+03 -4.6434E-01  1.9741E+05 -1.3222E+07
 illite                5.4493E+02 -3.5200E+03 -4.7773E-01  1.9841E+05 -1.3321E+07
 tridymite             7.0132E+01 -4.6520E+02 -4.6876E-02  2.9713E+04 -2.1014E+06
 cristoba-a            7.7039E+01 -5.0276E+02 -6.1531E-02  3.0610E+04 -2.1063E+06
 quartz                7.8088E+01 -5.0933E+02 -6.2504E-02  3.0779E+04 -2.1272E+06
 hydglassfe3           8.5199E+01 -5.4931E+02 -7.4519E-02  3.2765E+04 -1.9851E+06
 stell/10-r02          3.3341E+02 -2.1570E+03 -2.8618E-01  1.2483E+05 -8.2506E+06
 heul/10-r02           3.2082E+02 -2.0742E+03 -2.7369E-01  1.1945E+05 -7.9701E+06
 mord/10-r02           3.0687E+02 -1.9876E+03 -2.5713E-01  1.1573E+05 -7.7908E+06
 clpt/10-r02           3.1774E+02 -2.0558E+03 -2.6861E-01  1.1900E+05 -7.9668E+06
 sio2(amor.)           7.8050E+01 -5.0959E+02 -6.2277E-02  3.1243E+04 -2.1334E+06
 fluorite              2.7474E+02 -1.7496E+03 -2.7519E-01  9.5945E+04 -5.8317E+06
 sepiolite             3.5148E+02 -2.2777E+03 -2.9269E-01  1.4121E+05 -8.4706E+06
 nano3                 1.2616E+02 -7.9951E+02 -1.2367E-01  4.4640E+04 -2.7152E+06
 kno3                  5.3932E+01 -3.4118E+02 -5.0919E-02  1.9443E+04 -1.4520E+06
 halite                1.2701E+02 -8.0507E+02 -1.2438E-01  4.4975E+04 -2.7363E+06
 sylvite               1.1841E+02 -7.4791E+02 -1.1805E-01  4.1281E+04 -2.5918E+06
 co2(g)                9.8763E+01 -6.3531E+02 -1.0043E-01  3.5412E+04 -2.1366E+06

 dV interpolation coefficients as a function of temperature (K) (a,b,c,d,e) for log(K) pressure dependency 
 valid temperature range (deg.C.):   0.0 to 300.0
                        a              b*TK       c*TK**2     d*(TK)**-1  e*(TK)**-2

 Derived Species Reactions
  species        a0   charge  logK(25. C)  h2o    h+     ca+2   mg+2   na+    cl-    sio2(aqhco3-  so4-2  k+     alo2-  f-     hfeo2(ano3-   
 al+3           3.330   3.0      -22.879  -2.00   4.00   0.00   0.00   0.00   0.00   0.00   0.00   0.00   0.00   1.00   0.00   0.00   0.00
 al(oh)2+       2.310   1.0      -12.285   0.00   2.00   0.00   0.00   0.00   0.00   0.00   0.00   0.00   0.00   1.00   0.00   0.00   0.00
 aloh+2         2.800   2.0      -17.922  -1.00   3.00   0.00   0.00   0.00   0.00   0.00   0.00   0.00   0.00   1.00   0.00   0.00   0.00
 co2(aq)        0.000   0.0       -6.341  -1.00   1.00   0.00   0.00   0.00   0.00   0.00   1.00   0.00   0.00   0.00   0.00   0.00   0.00
 co3-2          2.810  -2.0       10.325   0.00  -1.00   0.00   0.00   0.00   0.00   0.00   1.00   0.00   0.00   0.00   0.00   0.00   0.00
 caco3(aq)      0.000   0.0        7.009   0.00  -1.00   1.00   0.00   0.00   0.00   0.00   1.00   0.00   0.00   0.00   0.00   0.00   0.00
 cacl+          2.310   1.0        0.297   0.00   0.00   1.00   0.00   0.00   1.00   0.00   0.00   0.00   0.00   0.00   0.00   0.00   0.00
 cacl2(aq)      0.000   0.0        0.654   0.00   0.00   1.00   0.00   0.00   2.00   0.00   0.00   0.00   0.00   0.00   0.00   0.00   0.00
 caf+           2.310   1.0       -0.677   0.00   0.00   1.00   0.00   0.00   0.00   0.00   0.00   0.00   0.00   0.00   1.00   0.00   0.00
 cahco3+        2.310   1.0       -1.043   0.00   0.00   1.00   0.00   0.00   0.00   0.00   1.00   0.00   0.00   0.00   0.00   0.00   0.00
 cahsio3+       2.310   1.0        8.569   1.00  -1.00   1.00   0.00   0.00   0.00   1.00   0.00   0.00   0.00   0.00   0.00   0.00   0.00
 caoh+          2.310   1.0       12.834   1.00  -1.00   1.00   0.00   0.00   0.00   0.00   0.00   0.00   0.00   0.00   0.00   0.00   0.00
 caso4(aq)      0.000   0.0       -2.100   0.00   0.00   1.00   0.00   0.00   0.00   0.00   0.00   1.00   0.00   0.00   0.00   0.00   0.00
 fecl+2         2.800   2.0      -13.497  -2.00   3.00   0.00   0.00   0.00   1.00   0.00   0.00   0.00   0.00   0.00   0.00   1.00   0.00
 fef+2          2.800   2.0      -18.017  -2.00   3.00   0.00   0.00   0.00   0.00   0.00   0.00   0.00   0.00   0.00   1.00   1.00   0.00
 fef2+          2.310   1.0      -20.362  -2.00   3.00   0.00   0.00   0.00   0.00   0.00   0.00   0.00   0.00   0.00   2.00   1.00   0.00
 feo+           2.310   1.0       -6.370  -1.00   1.00   0.00   0.00   0.00   0.00   0.00   0.00   0.00   0.00   0.00   0.00   1.00   0.00
 feo2-          1.810  -1.0        9.596   0.00  -1.00   0.00   0.00   0.00   0.00   0.00   0.00   0.00   0.00   0.00   0.00   1.00   0.00
 feoh+2         2.800   2.0       -9.817  -1.00   2.00   0.00   0.00   0.00   0.00   0.00   0.00   0.00   0.00   0.00   0.00   1.00   0.00
 feso4+         2.310   1.0      -13.939  -2.00   3.00   0.00   0.00   0.00   0.00   0.00   0.00   1.00   0.00   0.00   0.00   1.00   0.00
 halo2          0.000   0.0       -6.448   0.00   1.00   0.00   0.00   0.00   0.00   0.00   0.00   0.00   0.00   1.00   0.00   0.00   0.00
 hf(aq)         0.000   0.0       -3.164   0.00   1.00   0.00   0.00   0.00   0.00   0.00   0.00   0.00   0.00   0.00   1.00   0.00   0.00
 hf2-           1.810  -1.0       -2.546   0.00   1.00   0.00   0.00   0.00   0.00   0.00   0.00   0.00   0.00   0.00   2.00   0.00   0.00
 fe+3           3.460   3.0      -12.021  -2.00   3.00   0.00   0.00   0.00   0.00   0.00   0.00   0.00   0.00   0.00   0.00   1.00   0.00
 hno3(aq)       0.000   0.0        1.308   0.00   1.00   0.00   0.00   0.00   0.00   0.00   0.00   0.00   0.00   0.00   0.00   0.00   1.00
 hsio3-         1.810  -1.0        9.575   1.00  -1.00   0.00   0.00   0.00   0.00   1.00   0.00   0.00   0.00   0.00   0.00   0.00   0.00
 kcl(aq)        0.000   0.0        2.541   0.00   0.00   0.00   0.00   0.00   1.00   0.00   0.00   0.00   1.00   0.00   0.00   0.00   0.00
 khso4(aq)      0.000   0.0        1.502   0.00   1.00   0.00   0.00   0.00   0.00   0.00   0.00   1.00   1.00   0.00   0.00   0.00   0.00
 koh(aq)        0.000   0.0       14.440   1.00  -1.00   0.00   0.00   0.00   0.00   0.00   0.00   0.00   1.00   0.00   0.00   0.00   0.00
 kso4-          1.810  -1.0       -0.875   0.00   0.00   0.00   0.00   0.00   0.00   0.00   0.00   1.00   1.00   0.00   0.00   0.00   0.00
 mgco3(aq)      0.000   0.0        7.356   0.00  -1.00   0.00   1.00   0.00   0.00   0.00   1.00   0.00   0.00   0.00   0.00   0.00   0.00
 mgcl+          2.310   1.0        0.139   0.00   0.00   0.00   1.00   0.00   1.00   0.00   0.00   0.00   0.00   0.00   0.00   0.00   0.00
 mgf+           2.310   1.0       -1.349   0.00   0.00   0.00   1.00   0.00   0.00   0.00   0.00   0.00   0.00   0.00   1.00   0.00   0.00
 mghco3+        2.310   1.0       -1.033   0.00   0.00   0.00   1.00   0.00   0.00   0.00   1.00   0.00   0.00   0.00   0.00   0.00   0.00
 mghsio3+       2.310   1.0        8.318   1.00  -1.00   0.00   1.00   0.00   0.00   1.00   0.00   0.00   0.00   0.00   0.00   0.00   0.00
 mgoh+          2.310   1.0       11.682   1.00  -1.00   0.00   1.00   0.00   0.00   0.00   0.00   0.00   0.00   0.00   0.00   0.00   0.00
 mgso4(aq)      0.000   0.0       -2.220   0.00   0.00   0.00   1.00   0.00   0.00   0.00   0.00   1.00   0.00   0.00   0.00   0.00   0.00
 naco3-         1.810  -1.0        9.814   0.00  -1.00   0.00   0.00   1.00   0.00   0.00   1.00   0.00   0.00   0.00   0.00   0.00   0.00
 nacl(aq)       0.000   0.0        0.782   0.00   0.00   0.00   0.00   1.00   1.00   0.00   0.00   0.00   0.00   0.00   0.00   0.00   0.00
 naf(aq)        0.000   0.0        1.002   0.00   0.00   0.00   0.00   1.00   0.00   0.00   0.00   0.00   0.00   0.00   1.00   0.00   0.00
 nahco3(aq)     0.000   0.0       -0.149   0.00   0.00   0.00   0.00   1.00   0.00   0.00   1.00   0.00   0.00   0.00   0.00   0.00   0.00
 nahsio3(aq)    0.000   0.0        7.748   1.00  -1.00   0.00   0.00   1.00   0.00   1.00   0.00   0.00   0.00   0.00   0.00   0.00   0.00
 naoh(aq)       0.000   0.0       14.206   1.00  -1.00   0.00   0.00   1.00   0.00   0.00   0.00   0.00   0.00   0.00   0.00   0.00   0.00
 naso4-         1.810  -1.0       -0.696   0.00   0.00   0.00   0.00   1.00   0.00   0.00   0.00   1.00   0.00   0.00   0.00   0.00   0.00
 oh-            1.400  -1.0       13.991   1.00  -1.00   0.00   0.00   0.00   0.00   0.00   0.00   0.00   0.00   0.00   0.00   0.00   0.00
 sif6-2         3.000  -2.0      -26.264  -2.00   4.00   0.00   0.00   0.00   0.00   1.00   0.00   0.00   0.00   0.00   6.00   0.00   0.00

 Mineral Reactions
  minerals    m.vol(L/mol)  logK(25. C)  h2o    h+     ca+2   mg+2   na+    cl-    sio2(aqhco3-  so4-2  k+     alo2-  f-     hfeo2(ano3-   
 gypsum            0.0747      -4.474    2.00   0.00   1.00   0.00   0.00   0.00   0.00   0.00   1.00   0.00   0.00   0.00   0.00   0.00
 calcite           0.0369       1.854    0.00  -1.00   1.00   0.00   0.00   0.00   0.00   1.00   0.00   0.00   0.00   0.00   0.00   0.00
 microcline-b      0.1087     -21.819    0.00   0.00   0.00   0.00   0.00   0.00   3.00   0.00   0.00   1.00   1.00   0.00   0.00   0.00
 albite-low        0.1001     -20.178    0.00   0.00   0.00   0.00   1.00   0.00   3.00   0.00   0.00   0.00   1.00   0.00   0.00   0.00
 anorthite         0.1008     -20.483    0.00   0.00   1.00   0.00   0.00   0.00   2.00   0.00   0.00   0.00   2.00   0.00   0.00   0.00
 smect-ca-cal      0.1325     -36.966    0.52   0.96   0.14   0.26   0.00   0.00   3.97   0.00   0.00   0.00   1.77   0.00   0.00   0.00
 smect-na-cal      0.1325     -36.980    0.52   0.96   0.00   0.26   0.29   0.00   3.97   0.00   0.00   0.00   1.77   0.00   0.00   0.00
 smect-mg-cal      0.1325     -37.057    0.52   0.96   0.00   0.41   0.00   0.00   3.97   0.00   0.00   0.00   1.77   0.00   0.00   0.00
 illite            0.1351     -42.013    0.44   1.12   0.00   0.22   0.00   0.00   3.72   0.00   0.00   0.50   2.06   0.00   0.00   0.00
 tridymite         0.0266      -3.572    0.00   0.00   0.00   0.00   0.00   0.00   1.00   0.00   0.00   0.00   0.00   0.00   0.00   0.00
 cristoba-a        0.0257      -3.194    0.00   0.00   0.00   0.00   0.00   0.00   1.00   0.00   0.00   0.00   0.00   0.00   0.00   0.00
 quartz            0.0227      -3.744    0.00   0.00   0.00   0.00   0.00   0.00   1.00   0.00   0.00   0.00   0.00   0.00   0.00   0.00
 hydglassfe3       0.0205       1.461    0.08  -0.00   0.00   0.00   0.06   0.00   0.60   0.00   0.00   0.06   0.12   0.00   0.01   0.00
 stell/10-r02      0.1331     -16.880    2.80   0.00   0.39   0.00   0.01   0.00   2.81   0.00   0.00   0.00   0.79   0.00   0.00   0.00
 heul/10-r02       0.1266     -16.872    2.60   0.00   0.33   0.00   0.10   0.00   2.80   0.00   0.00   0.04   0.80   0.00   0.00   0.00
 mord/10-r02       0.1273     -15.254    2.20   0.00   0.15   0.00   0.21   0.00   3.00   0.00   0.00   0.09   0.60   0.00   0.00   0.00
 clpt/10-r02       0.1264     -16.022    2.60   0.00   0.28   0.00   0.04   0.00   2.92   0.00   0.00   0.08   0.68   0.00   0.00   0.00
 sio2(amor.)       0.0290      -2.672    0.00   0.00   0.00   0.00   0.00   0.00   1.00   0.00   0.00   0.00   0.00   0.00   0.00   0.00
 fluorite          0.0245     -10.027    0.00   0.00   1.00   0.00   0.00   0.00   0.00   0.00   0.00   0.00   0.00   2.00   0.00   0.00
 sepiolite         0.1428      15.988    5.50  -4.00   0.00   2.00   0.00   0.00   3.00   0.00   0.00   0.00   0.00   0.00   0.00   0.00
 nano3             0.0500       1.590    0.00   0.00   0.00   0.00   1.00   0.00   0.00   0.00   0.00   0.00   0.00   0.00   0.00   1.00
 kno3              0.0500      -0.204    0.00   0.00   0.00   0.00   1.00   0.00   0.00   0.00   0.00   0.00   0.00   0.00   0.00   1.00
 halite            0.0270       1.590    0.00   0.00   0.00   0.00   1.00   1.00   0.00   0.00   0.00   0.00   0.00   0.00   0.00   0.00
 sylvite           0.0375       0.851    0.00   0.00   0.00   0.00   0.00   1.00   0.00   0.00   0.00   1.00   0.00   0.00   0.00   0.00

 Gas Reactions
  gases                     logK( 25.C)  h2o    h+     ca+2   mg+2   na+    cl-    sio2(aqhco3-  so4-2  k+     alo2-  f-     hfeo2(ano3-   
 co2(g)                        -7.809   -1.00   1.00   0.00   0.00   0.00   0.00   0.00   1.00   0.00   0.00   0.00   0.00   0.00   0.00

--------------------------------------------------------------------------------
INITIAL AND INJECTION WATER TYPES
 Initial Water Type =   1
 water temperature (C)=   25.000
 water pressure (bar) =    1.000
          icon        guess            ctot         fix   log(Q/K)
h2o             1     1.0000E+00     1.0000E+00  *                     0.000E+00
h+              1     6.3100E-09    -1.8618E-04  *                     0.000E+00
ca+2            1     2.0000E-03     2.5210E-03  *                     0.000E+00
mg+2            1     6.5000E-04     6.9960E-04  *                     0.000E+00
na+             1     2.6000E-03     2.6680E-03  *                     0.000E+00
cl-             1     3.3000E-03     3.3020E-03  *                     0.000E+00
sio2(aq)        1     1.1000E-03     1.1750E-03  *                     0.000E+00
hco3-           1     3.2000E-03     3.2602E-03  *                     0.000E+00
so4-2           1     1.2000E-03     1.2080E-03  *                     0.000E+00
k+              1     2.0000E-04     2.0470E-04  *                     0.000E+00
alo2-           1     6.0000E-10     6.1730E-10  *                     0.000E+00
f-              1     4.0000E-05     4.5290E-05  *                     0.000E+00
hfeo2(aq)       1     1.1000E-12     1.1550E-12  *                     0.000E+00
no3-            1     1.1000E-12     1.0420E-04  *                     0.000E+00
 Injection Water Type =   1
 water temperature (C)=   25.000
 water pressure (bar) =    1.000
          icon        guess            ctot         fix   log(Q/K)
h2o             1     1.0000E+00     1.0000E+00  *                     0.000E+00
h+              1     6.3100E-09    -1.8618E-04  *                     0.000E+00
ca+2            1     2.0000E-03     2.5210E-03  *                     0.000E+00
mg+2            1     6.5000E-04     6.9960E-04  *                     0.000E+00
na+             1     2.6000E-03     2.6680E-03  *                     0.000E+00
cl-             1     3.3000E-03     3.3020E-03  *                     0.000E+00
sio2(aq)        1     1.1000E-03     1.1750E-03  *                     0.000E+00
hco3-           1     3.2000E-03     3.2602E-03  *                     0.000E+00
so4-2           1     1.2000E-03     1.2080E-03  *                     0.000E+00
k+              1     2.0000E-04     2.0470E-04  *                     0.000E+00
alo2-           1     6.0000E-10     6.1730E-10  *                     0.000E+00
f-              1     4.0000E-05     4.5290E-05  *                     0.000E+00
hfeo2(aq)       1     1.1000E-12     1.1550E-12  *                     0.000E+00
no3-            1     1.1000E-12     1.0420E-04  *                     0.000E+00

      Number of initial waters:      1
      Number of injection waters:   1


--------------------------------------------------------------------------------
INITIAL MINERAL ZONES

MINERAL ZONE=   1
# mineral         vol.frac.    equil/kinetic
gypsum               0.00000E+00    0
calcite              6.70000E-04    0
microcline-b         3.63060E-01    1
 1.0000E-06 1.08010E+03    0
albite-low           2.68100E-01    1
 1.0000E-06 1.08010E+03    0
anorthite            9.02000E-03    1
 1.0000E-06 1.08010E+03    0
smect-ca-cal         7.77000E-03    1
 1.0000E-06 1.31040E+03    0
smect-na-cal         3.33000E-03    1
 1.0000E-06 1.31040E+03    0
smect-mg-cal         7.77000E-03    1
 1.0000E-06 1.31040E+03    0
illite               5.80000E-03    1
 1.0000E-06 1.31040E+03    0
tridymite            5.63000E-02    1
 1.0000E-06 1.08010E+03    0
cristoba-a           2.37670E-01    1
 1.0000E-06 1.08010E+03    0
quartz               2.69500E-02    1
 1.0000E-06 1.08010E+03    0
hydglassfe3          0.00000E+00    1
 1.0000E-06 1.08010E+03    0
stell/10-r02         0.00000E+00    1
 1.0000E-06 1.11260E+03    0
heul/10-r02          0.00000E+00    1
 1.0000E-06 1.11260E+03    0
mord/10-r02          0.00000E+00    1
 1.0000E-06 1.11260E+03    0
clpt/10-r02          0.00000E+00    1
 1.0000E-06 1.11260E+03    0
sio2(amor.)          0.00000E+00    1
 1.0000E-06 1.31040E+03    0
fluorite             0.00000E+00    1
 1.0000E-06 1.11260E+03    0
sepiolite            0.00000E+00    1
 1.0000E-06 1.31040E+03    0
nano3                0.00000E+00    1
 1.0000E-06 1.00000E+03    0
kno3                 0.00000E+00    1
 1.0000E-06 1.00000E+03    0
halite               0.00000E+00    1
 1.0000E-06 1.00000E+03    0
sylvite              0.00000E+00    1
 1.0000E-06 1.00000E+03    0
*
# Sum of mineral volume fractions in zone:  9.86440E-01

MINERAL ZONE=   2
# mineral         vol.frac.    equil/kinetic
gypsum               0.00000E+00    0
calcite              2.02000E-02    0
microcline-b         2.19650E-01    1
 1.0000E-06 1.20250E+03    0
albite-low           1.62200E-01    1
 1.0000E-06 1.20250E+03    0
anorthite            5.46000E-03    1
 1.0000E-06 1.20250E+03    0
smect-ca-cal         2.02900E-02    1
 1.0000E-06 1.20250E+03    0
smect-na-cal         8.70000E-03    1
 1.0000E-06 1.20250E+03    0
smect-mg-cal         2.02900E-02    1
 1.0000E-06 1.20250E+03    0
illite               1.51400E-02    1
 1.0000E-06 1.20250E+03    0
tridymite            3.40600E-02    1
 1.0000E-06 1.20250E+03    0
cristoba-a           1.43790E-01    1
 1.0000E-06 1.20250E+03    0
quartz               1.63000E-02    1
 1.0000E-06 1.20250E+03    0
hydglassfe3          0.00000E+00    1
 1.0000E-06 1.20250E+03    0
stell/10-r02         3.21750E-01    1
 1.0000E-06 1.20250E+03    0
heul/10-r02          0.00000E+00    1
 1.0000E-06 1.20250E+03    0
mord/10-r02          0.00000E+00    1
 1.0000E-06 1.20250E+03    0
clpt/10-r02          0.00000E+00    1
 1.0000E-06 1.20250E+03    0
sio2(amor.)          0.00000E+00    1
 1.0000E-06 1.20250E+03    0
fluorite             0.00000E+00    1
 1.0000E-06 1.20250E+03    0
sepiolite            0.00000E+00    1
 1.0000E-06 1.20250E+03    0
nano3                0.00000E+00    1
 1.0000E-06 1.20250E+03    0
kno3                 0.00000E+00    1
 1.0000E-06 1.20250E+03    0
halite               0.00000E+00    1
 1.0000E-06 1.20250E+03    0
sylvite              0.00000E+00    1
 1.0000E-06 1.20250E+03    0
*
# Sum of mineral volume fractions in zone:  9.87830E-01

MINERAL ZONE=   3
# mineral         vol.frac.    equil/kinetic
gypsum               0.00000E+00    0
calcite              7.00000E-05    0
microcline-b         3.22650E-01    1
 1.0000E-06 9.11000E+02    0
albite-low           2.38260E-01    1
 1.0000E-06 9.11000E+02    0
anorthite            8.02000E-03    1
 1.0000E-06 9.11000E+02    0
smect-ca-cal         5.17000E-03    1
 1.0000E-06 1.09160E+03    0
smect-na-cal         2.21000E-03    1
 1.0000E-06 1.09160E+03    0
smect-mg-cal         5.17000E-03    1
 1.0000E-06 1.09160E+03    0
illite               3.85000E-03    1
 1.0000E-06 1.09160E+03    0
tridymite            2.31000E-02    1
 1.0000E-06 9.11000E+02    0
cristoba-a           3.55880E-01    1
 1.0000E-06 9.11000E+02    0
quartz               2.52600E-02    1
 1.0000E-06 9.11000E+02    0
hydglassfe3          0.00000E+00    1
 1.0000E-06 9.11000E+02    0
stell/10-r02         0.00000E+00    1
 1.0000E-06 9.26800E+02    0
heul/10-r02          0.00000E+00    1
 1.0000E-06 9.26800E+02    0
mord/10-r02          0.00000E+00    1
 1.0000E-06 9.26800E+02    0
clpt/10-r02          0.00000E+00    1
 1.0000E-06 9.26800E+02    0
sio2(amor.)          0.00000E+00    1
 1.0000E-06 1.09160E+03    0
fluorite             0.00000E+00    1
 1.0000E-06 9.26800E+02    0
sepiolite            0.00000E+00    1
 1.0000E-06 1.09160E+03    0
nano3                0.00000E+00    1
 1.0000E-06 1.00000E+03    0
kno3                 0.00000E+00    1
 1.0000E-06 1.00000E+03    0
halite               0.00000E+00    1
 1.0000E-06 1.00000E+03    0
sylvite              0.00000E+00    1
 1.0000E-06 1.00000E+03    0
*
# Sum of mineral volume fractions in zone:  9.89640E-01

MINERAL ZONE=   4
# mineral         vol.frac.    equil/kinetic
gypsum               0.00000E+00    0
calcite              1.98400E-02    0
microcline-b         1.95200E-01    1
 1.0000E-06 2.50220E+03    0
albite-low           1.44150E-01    1
 1.0000E-06 2.50220E+03    0
anorthite            4.85000E-03    1
 1.0000E-06 2.50220E+03    0
smect-ca-cal         1.87200E-02    1
 1.0000E-06 2.50220E+03    0
smect-na-cal         8.02000E-03    1
 1.0000E-06 2.50220E+03    0
smect-mg-cal         1.87200E-02    1
 1.0000E-06 2.50220E+03    0
illite               1.39600E-02    1
 1.0000E-06 2.50220E+03    0
tridymite            1.39700E-02    1
 1.0000E-06 2.50220E+03    0
cristoba-a           2.15300E-01    1
 1.0000E-06 2.50220E+03    0
quartz               1.52900E-02    1
 1.0000E-06 2.50220E+03    0
hydglassfe3          0.00000E+00    1
 1.0000E-06 2.50220E+03    0
stell/10-r02         3.21750E-01    1
 1.0000E-06 2.50220E+03    0
heul/10-r02          0.00000E+00    1
 1.0000E-06 2.50220E+03    0
mord/10-r02          0.00000E+00    1
 1.0000E-06 2.50220E+03    0
clpt/10-r02          0.00000E+00    1
 1.0000E-06 2.50220E+03    0
sio2(amor.)          0.00000E+00    1
 1.0000E-06 2.50220E+03    0
fluorite             0.00000E+00    1
 1.0000E-06 2.50220E+03    0
sepiolite            0.00000E+00    1
 1.0000E-06 2.50220E+03    0
nano3                0.00000E+00    1
 1.0000E-06 2.50220E+03    0
kno3                 0.00000E+00    1
 1.0000E-06 2.50220E+03    0
halite               0.00000E+00    1
 1.0000E-06 2.50220E+03    0
sylvite              0.00000E+00    1
 1.0000E-06 2.50220E+03    0
*
# Sum of mineral volume fractions in zone:  9.89770E-01

MINERAL ZONE=   5
# mineral         vol.frac.    equil/kinetic
gypsum               0.00000E+00    0
calcite              3.80000E-04    0
microcline-b         3.49680E-01    1
 1.0000E-06 9.90500E+02    0
albite-low           2.58220E-01    1
 1.0000E-06 9.90500E+02    0
anorthite            8.69000E-03    1
 1.0000E-06 9.90500E+02    0
smect-ca-cal         6.86000E-03    1
 1.0000E-06 1.19530E+03    0
smect-na-cal         2.94000E-03    1
 1.0000E-06 1.19530E+03    0
smect-mg-cal         6.86000E-03    1
 1.0000E-06 1.19530E+03    0
illite               5.12000E-03    1
 1.0000E-06 1.19530E+03    0
tridymite            2.32100E-02    1
 1.0000E-06 9.90500E+02    0
cristoba-a           1.85890E-01    1
 1.0000E-06 9.90500E+02    0
quartz               1.40460E-01    1
 1.0000E-06 9.90500E+02    0
hydglassfe3          0.00000E+00    1
 1.0000E-06 9.90500E+02    0
stell/10-r02         0.00000E+00    1
 1.0000E-06 1.01490E+03    0
heul/10-r02          0.00000E+00    1
 1.0000E-06 1.01490E+03    0
mord/10-r02          0.00000E+00    1
 1.0000E-06 1.01490E+03    0
clpt/10-r02          8.00000E-05    1
 1.0000E-06 1.01490E+03    0
sio2(amor.)          0.00000E+00    1
 1.0000E-06 1.19530E+03    0
fluorite             0.00000E+00    1
 1.0000E-06 1.01490E+03    0
sepiolite            0.00000E+00    1
 1.0000E-06 1.19530E+03    0
nano3                0.00000E+00    1
 1.0000E-06 1.00000E+03    0
kno3                 0.00000E+00    1
 1.0000E-06 1.00000E+03    0
halite               0.00000E+00    1
 1.0000E-06 1.00000E+03    0
sylvite              0.00000E+00    1
 1.0000E-06 1.00000E+03    0
*
# Sum of mineral volume fractions in zone:  9.88390E-01

MINERAL ZONE=   6
# mineral         vol.frac.    equil/kinetic
gypsum               0.00000E+00    0
calcite              2.00300E-02    0
microcline-b         2.11550E-01    1
 1.0000E-06 1.58390E+03    0
albite-low           1.56220E-01    1
 1.0000E-06 1.58390E+03    0
anorthite            5.26000E-03    1
 1.0000E-06 1.58390E+03    0
smect-ca-cal         1.97400E-02    1
 1.0000E-06 1.58390E+03    0
smect-na-cal         8.46000E-03    1
 1.0000E-06 1.58390E+03    0
smect-mg-cal         1.97400E-02    1
 1.0000E-06 1.58390E+03    0
illite               1.47300E-02    1
 1.0000E-06 1.58390E+03    0
tridymite            1.40400E-02    1
 1.0000E-06 1.58390E+03    0
cristoba-a           1.12470E-01    1
 1.0000E-06 1.58390E+03    0
quartz               8.49800E-02    1
 1.0000E-06 1.58390E+03    0
hydglassfe3          0.00000E+00    1
 1.0000E-06 1.58390E+03    0
stell/10-r02         3.21750E-01    1
 1.0000E-06 1.58390E+03    0
heul/10-r02          0.00000E+00    1
 1.0000E-06 1.58390E+03    0
mord/10-r02          0.00000E+00    1
 1.0000E-06 1.58390E+03    0
clpt/10-r02          0.00000E+00    1
 1.0000E-06 1.58390E+03    0
sio2(amor.)          0.00000E+00    1
 1.0000E-06 1.58390E+03    0
fluorite             0.00000E+00    1
 1.0000E-06 1.58390E+03    0
sepiolite            0.00000E+00    1
 1.0000E-06 1.58390E+03    0
nano3                0.00000E+00    1
 1.0000E-06 1.58390E+03    0
kno3                 0.00000E+00    1
 1.0000E-06 1.58390E+03    0
halite               0.00000E+00    1
 1.0000E-06 1.58390E+03    0
sylvite              0.00000E+00    1
 1.0000E-06 1.58390E+03    0
*
# Sum of mineral volume fractions in zone:  9.88970E-01

MINERAL ZONE=   7
# mineral         vol.frac.    equil/kinetic
gypsum               0.00000E+00    0
calcite              7.00000E-05    0
microcline-b         3.22650E-01    1
 1.0000E-06 9.11000E+02    0
albite-low           2.38260E-01    1
 1.0000E-06 9.11000E+02    0
anorthite            8.02000E-03    1
 1.0000E-06 9.11000E+02    0
smect-ca-cal         5.17000E-03    1
 1.0000E-06 1.09160E+03    0
smect-na-cal         2.21000E-03    1
 1.0000E-06 1.09160E+03    0
smect-mg-cal         5.17000E-03    1
 1.0000E-06 1.09160E+03    0
illite               3.85000E-03    1
 1.0000E-06 1.09160E+03    0
tridymite            2.31000E-02    1
 1.0000E-06 9.11000E+02    0
cristoba-a           3.55880E-01    1
 1.0000E-06 9.11000E+02    0
quartz               2.52600E-02    1
 1.0000E-06 9.11000E+02    0
hydglassfe3          0.00000E+00    1
 1.0000E-06 9.11000E+02    0
stell/10-r02         0.00000E+00    1
 1.0000E-06 9.26800E+02    0
heul/10-r02          0.00000E+00    1
 1.0000E-06 9.26800E+02    0
mord/10-r02          0.00000E+00    1
 1.0000E-06 9.26800E+02    0
clpt/10-r02          0.00000E+00    1
 1.0000E-06 9.26800E+02    0
sio2(amor.)          0.00000E+00    1
 1.0000E-06 1.09160E+03    0
fluorite             0.00000E+00    1
 1.0000E-06 9.26800E+02    0
sepiolite            0.00000E+00    1
 1.0000E-06 1.09160E+03    0
nano3                0.00000E+00    1
 1.0000E-06 1.00000E+03    0
kno3                 0.00000E+00    1
 1.0000E-06 1.00000E+03    0
halite               0.00000E+00    1
 1.0000E-06 1.00000E+03    0
sylvite              0.00000E+00    1
 1.0000E-06 1.00000E+03    0
*
# Sum of mineral volume fractions in zone:  9.89640E-01

MINERAL ZONE=   8
# mineral         vol.frac.    equil/kinetic
gypsum               0.00000E+00    0
calcite              1.98400E-02    0
microcline-b         1.95200E-01    1
 1.0000E-06 2.50220E+03    0
albite-low           1.44150E-01    1
 1.0000E-06 2.50220E+03    0
anorthite            4.85000E-03    1
 1.0000E-06 2.50220E+03    0
smect-ca-cal         1.87200E-02    1
 1.0000E-06 2.50220E+03    0
smect-na-cal         8.02000E-03    1
 1.0000E-06 2.50220E+03    0
smect-mg-cal         1.87200E-02    1
 1.0000E-06 2.50220E+03    0
illite               1.39600E-02    1
 1.0000E-06 2.50220E+03    0
tridymite            1.39700E-02    1
 1.0000E-06 2.50220E+03    0
cristoba-a           2.15300E-01    1
 1.0000E-06 2.50220E+03    0
quartz               1.52900E-02    1
 1.0000E-06 2.50220E+03    0
hydglassfe3          0.00000E+00    1
 1.0000E-06 2.50220E+03    0
stell/10-r02         3.21750E-01    1
 1.0000E-06 2.50220E+03    0
heul/10-r02          0.00000E+00    1
 1.0000E-06 2.50220E+03    0
mord/10-r02          0.00000E+00    1
 1.0000E-06 2.50220E+03    0
clpt/10-r02          0.00000E+00    1
 1.0000E-06 2.50220E+03    0
sio2(amor.)          0.00000E+00    1
 1.0000E-06 2.50220E+03    0
fluorite             0.00000E+00    1
 1.0000E-06 2.50220E+03    0
sepiolite            0.00000E+00    1
 1.0000E-06 2.50220E+03    0
nano3                0.00000E+00    1
 1.0000E-06 2.50220E+03    0
kno3                 0.00000E+00    1
 1.0000E-06 2.50220E+03    0
halite               0.00000E+00    1
 1.0000E-06 2.50220E+03    0
sylvite              0.00000E+00    1
 1.0000E-06 2.50220E+03    0
*
# Sum of mineral volume fractions in zone:  9.89770E-01

MINERAL ZONE=   9
# mineral         vol.frac.    equil/kinetic
gypsum               0.00000E+00    0
calcite              7.00000E-05    0
microcline-b         3.22650E-01    1
 1.0000E-06 9.11000E+02    0
albite-low           2.38260E-01    1
 1.0000E-06 9.11000E+02    0
anorthite            8.02000E-03    1
 1.0000E-06 9.11000E+02    0
smect-ca-cal         5.17000E-03    1
 1.0000E-06 1.09160E+03    0
smect-na-cal         2.21000E-03    1
 1.0000E-06 1.09160E+03    0
smect-mg-cal         5.17000E-03    1
 1.0000E-06 1.09160E+03    0
illite               3.85000E-03    1
 1.0000E-06 1.09160E+03    0
tridymite            2.31000E-02    1
 1.0000E-06 9.11000E+02    0
cristoba-a           3.55880E-01    1
 1.0000E-06 9.11000E+02    0
quartz               2.52600E-02    1
 1.0000E-06 9.11000E+02    0
hydglassfe3          0.00000E+00    1
 1.0000E-06 9.11000E+02    0
stell/10-r02         0.00000E+00    1
 1.0000E-06 9.26800E+02    0
heul/10-r02          0.00000E+00    1
 1.0000E-06 9.26800E+02    0
mord/10-r02          0.00000E+00    1
 1.0000E-06 9.26800E+02    0
clpt/10-r02          0.00000E+00    1
 1.0000E-06 9.26800E+02    0
sio2(amor.)          0.00000E+00    1
 1.0000E-06 1.09160E+03    0
fluorite             0.00000E+00    1
 1.0000E-06 9.26800E+02    0
sepiolite            0.00000E+00    1
 1.0000E-06 1.09160E+03    0
nano3                0.00000E+00    1
 1.0000E-06 1.00000E+03    0
kno3                 0.00000E+00    1
 1.0000E-06 1.00000E+03    0
halite               0.00000E+00    1
 1.0000E-06 1.00000E+03    0
sylvite              0.00000E+00    1
 1.0000E-06 1.00000E+03    0
*
# Sum of mineral volume fractions in zone:  9.89640E-01

MINERAL ZONE=  10
# mineral         vol.frac.    equil/kinetic
gypsum               0.00000E+00    0
calcite              1.98400E-02    0
microcline-b         1.95200E-01    1
 1.0000E-06 2.50220E+03    0
albite-low           1.44150E-01    1
 1.0000E-06 2.50220E+03    0
anorthite            4.85000E-03    1
 1.0000E-06 2.50220E+03    0
smect-ca-cal         1.87200E-02    1
 1.0000E-06 2.50220E+03    0
smect-na-cal         8.02000E-03    1
 1.0000E-06 2.50220E+03    0
smect-mg-cal         1.87200E-02    1
 1.0000E-06 2.50220E+03    0
illite               1.39600E-02    1
 1.0000E-06 2.50220E+03    0
tridymite            1.39700E-02    1
 1.0000E-06 2.50220E+03    0
cristoba-a           2.15300E-01    1
 1.0000E-06 2.50220E+03    0
quartz               1.52900E-02    1
 1.0000E-06 2.50220E+03    0
hydglassfe3          0.00000E+00    1
 1.0000E-06 2.50220E+03    0
stell/10-r02         3.21750E-01    1
 1.0000E-06 2.50220E+03    0
heul/10-r02          0.00000E+00    1
 1.0000E-06 2.50220E+03    0
mord/10-r02          0.00000E+00    1
 1.0000E-06 2.50220E+03    0
clpt/10-r02          0.00000E+00    1
 1.0000E-06 2.50220E+03    0
sio2(amor.)          0.00000E+00    1
 1.0000E-06 2.50220E+03    0
fluorite             0.00000E+00    1
 1.0000E-06 2.50220E+03    0
sepiolite            0.00000E+00    1
 1.0000E-06 2.50220E+03    0
nano3                0.00000E+00    1
 1.0000E-06 2.50220E+03    0
kno3                 0.00000E+00    1
 1.0000E-06 2.50220E+03    0
halite               0.00000E+00    1
 1.0000E-06 2.50220E+03    0
sylvite              0.00000E+00    1
 1.0000E-06 2.50220E+03    0
*
# Sum of mineral volume fractions in zone:  9.89770E-01

MINERAL ZONE=  11
# mineral         vol.frac.    equil/kinetic
gypsum               0.00000E+00    0
calcite              0.00000E+00    0
microcline-b         0.00000E+00    1
 0.0000E+00 0.00000E+00    0
albite-low           0.00000E+00    1
 0.0000E+00 0.00000E+00    0
anorthite            0.00000E+00    1
 0.0000E+00 0.00000E+00    0
smect-ca-cal         0.00000E+00    1
 0.0000E+00 0.00000E+00    0
smect-na-cal         0.00000E+00    1
 0.0000E+00 0.00000E+00    0
smect-mg-cal         0.00000E+00    1
 0.0000E+00 0.00000E+00    0
illite               0.00000E+00    1
 0.0000E+00 0.00000E+00    0
tridymite            0.00000E+00    1
 0.0000E+00 0.00000E+00    0
cristoba-a           0.00000E+00    1
 0.0000E+00 0.00000E+00    0
quartz               0.00000E+00    1
 0.0000E+00 0.00000E+00    0
hydglassfe3          0.00000E+00    1
 0.0000E+00 0.00000E+00    0
stell/10-r02         0.00000E+00    1
 0.0000E+00 0.00000E+00    0
heul/10-r02          0.00000E+00    1
 0.0000E+00 0.00000E+00    0
mord/10-r02          0.00000E+00    1
 0.0000E+00 0.00000E+00    0
clpt/10-r02          0.00000E+00    1
 0.0000E+00 0.00000E+00    0
sio2(amor.)          0.00000E+00    1
 0.0000E+00 0.00000E+00    0
fluorite             0.00000E+00    1
 0.0000E+00 0.00000E+00    0
sepiolite            0.00000E+00    1
 0.0000E+00 0.00000E+00    0
nano3                0.00000E+00    1
 0.0000E+00 0.00000E+00    0
kno3                 0.00000E+00    1
 0.0000E+00 0.00000E+00    0
halite               0.00000E+00    1
 0.0000E+00 0.00000E+00    0
sylvite              0.00000E+00    1
 0.0000E+00 0.00000E+00    0
*
# Sum of mineral volume fractions in zone:  0.00000E+00

MINERAL ZONE=  12
# mineral         vol.frac.    equil/kinetic
gypsum               0.00000E+00    0
calcite              0.00000E+00    0
microcline-b         0.00000E+00    1
 0.0000E+00 0.00000E+00    0
albite-low           0.00000E+00    1
 0.0000E+00 0.00000E+00    0
anorthite            0.00000E+00    1
 0.0000E+00 0.00000E+00    0
smect-ca-cal         0.00000E+00    1
 0.0000E+00 0.00000E+00    0
smect-na-cal         0.00000E+00    1
 0.0000E+00 0.00000E+00    0
smect-mg-cal         0.00000E+00    1
 0.0000E+00 0.00000E+00    0
illite               0.00000E+00    1
 0.0000E+00 0.00000E+00    0
tridymite            0.00000E+00    1
 0.0000E+00 0.00000E+00    0
cristoba-a           0.00000E+00    1
 0.0000E+00 0.00000E+00    0
quartz               0.00000E+00    1
 0.0000E+00 0.00000E+00    0
hydglassfe3          0.00000E+00    1
 0.0000E+00 0.00000E+00    0
stell/10-r02         0.00000E+00    1
 0.0000E+00 0.00000E+00    0
heul/10-r02          0.00000E+00    1
 0.0000E+00 0.00000E+00    0
mord/10-r02          0.00000E+00    1
 0.0000E+00 0.00000E+00    0
clpt/10-r02          0.00000E+00    1
 0.0000E+00 0.00000E+00    0
sio2(amor.)          0.00000E+00    1
 0.0000E+00 0.00000E+00    0
fluorite             0.00000E+00    1
 0.0000E+00 0.00000E+00    0
sepiolite            0.00000E+00    1
 0.0000E+00 0.00000E+00    0
nano3                0.00000E+00    1
 0.0000E+00 0.00000E+00    0
kno3                 0.00000E+00    1
 0.0000E+00 0.00000E+00    0
halite               0.00000E+00    1
 0.0000E+00 0.00000E+00    0
sylvite              0.00000E+00    1
 0.0000E+00 0.00000E+00    0
*
# Sum of mineral volume fractions in zone:  0.00000E+00

MINERAL ZONE=  13
# mineral         vol.frac.    equil/kinetic
gypsum               0.00000E+00    0
calcite              0.00000E+00    0
microcline-b         0.00000E+00    1
 0.0000E+00 0.00000E+00    0
albite-low           0.00000E+00    1
 0.0000E+00 0.00000E+00    0
anorthite            0.00000E+00    1
 0.0000E+00 0.00000E+00    0
smect-ca-cal         0.00000E+00    1
 0.0000E+00 0.00000E+00    0
smect-na-cal         0.00000E+00    1
 0.0000E+00 0.00000E+00    0
smect-mg-cal         0.00000E+00    1
 0.0000E+00 0.00000E+00    0
illite               0.00000E+00    1
 0.0000E+00 0.00000E+00    0
tridymite            0.00000E+00    1
 0.0000E+00 0.00000E+00    0
cristoba-a           0.00000E+00    1
 0.0000E+00 0.00000E+00    0
quartz               0.00000E+00    1
 0.0000E+00 0.00000E+00    0
hydglassfe3          0.00000E+00    1
 0.0000E+00 0.00000E+00    0
stell/10-r02         0.00000E+00    1
 0.0000E+00 0.00000E+00    0
heul/10-r02          0.00000E+00    1
 0.0000E+00 0.00000E+00    0
mord/10-r02          0.00000E+00    1
 0.0000E+00 0.00000E+00    0
clpt/10-r02          0.00000E+00    1
 0.0000E+00 0.00000E+00    0
sio2(amor.)          0.00000E+00    1
 0.0000E+00 0.00000E+00    0
fluorite             0.00000E+00    1
 0.0000E+00 0.00000E+00    0
sepiolite            0.00000E+00    1
 0.0000E+00 0.00000E+00    0
nano3                0.00000E+00    1
 0.0000E+00 0.00000E+00    0
kno3                 0.00000E+00    1
 0.0000E+00 0.00000E+00    0
halite               0.00000E+00    1
 0.0000E+00 0.00000E+00    0
sylvite              0.00000E+00    1
 0.0000E+00 0.00000E+00    0
*
# Sum of mineral volume fractions in zone:  0.00000E+00

MINERAL ZONE=  14
# mineral         vol.frac.    equil/kinetic
gypsum               0.00000E+00    0
calcite              0.00000E+00    0
microcline-b         0.00000E+00    1
 0.0000E+00 0.00000E+00    0
albite-low           0.00000E+00    1
 0.0000E+00 0.00000E+00    0
anorthite            0.00000E+00    1
 0.0000E+00 0.00000E+00    0
smect-ca-cal         0.00000E+00    1
 0.0000E+00 0.00000E+00    0
smect-na-cal         0.00000E+00    1
 0.0000E+00 0.00000E+00    0
smect-mg-cal         0.00000E+00    1
 0.0000E+00 0.00000E+00    0
illite               0.00000E+00    1
 0.0000E+00 0.00000E+00    0
tridymite            0.00000E+00    1
 0.0000E+00 0.00000E+00    0
cristoba-a           0.00000E+00    1
 0.0000E+00 0.00000E+00    0
quartz               0.00000E+00    1
 0.0000E+00 0.00000E+00    0
hydglassfe3          0.00000E+00    1
 0.0000E+00 0.00000E+00    0
stell/10-r02         0.00000E+00    1
 0.0000E+00 0.00000E+00    0
heul/10-r02          0.00000E+00    1
 0.0000E+00 0.00000E+00    0
mord/10-r02          0.00000E+00    1
 0.0000E+00 0.00000E+00    0
clpt/10-r02          0.00000E+00    1
 0.0000E+00 0.00000E+00    0
sio2(amor.)          0.00000E+00    1
 0.0000E+00 0.00000E+00    0
fluorite             0.00000E+00    1
 0.0000E+00 0.00000E+00    0
sepiolite            0.00000E+00    1
 0.0000E+00 0.00000E+00    0
nano3                0.00000E+00    1
 0.0000E+00 0.00000E+00    0
kno3                 0.00000E+00    1
 0.0000E+00 0.00000E+00    0
halite               0.00000E+00    1
 0.0000E+00 0.00000E+00    0
sylvite              0.00000E+00    1
 0.0000E+00 0.00000E+00    0
*
# Sum of mineral volume fractions in zone:  0.00000E+00

     Total number of mineral zones:  14


--------------------------------------------------------------------------------
INITIAL AND INJECTION GAS ZONES

 GAS ZONE=   1
gas      partial pressure
     co2(g)               0.00000E+00

 GAS ZONE=   2
gas      partial pressure
     co2(g)               3.54900E-04

     Number of initial gas zones:   2


     Number of injection gas zones:   0


--------------------------------------------------------------------------------
INITIAL PERMEABILITY-POROSITY ZONES

 PERMEABILITY ZONE=   1
perm law        a-par                 b-par
  1           0.0000E+00      0.0000E+00

 PERMEABILITY ZONE=   2
perm law        a-par                 b-par
  4           1.9144E-03      1.2346E+00

 PERMEABILITY ZONE=   3
perm law        a-par                 b-par
  1           0.0000E+00      0.0000E+00

 PERMEABILITY ZONE=   4
perm law        a-par                 b-par
  4           7.3855E-04      2.3150E-01

 PERMEABILITY ZONE=   5
perm law        a-par                 b-par
  1           0.0000E+00      0.0000E+00

 PERMEABILITY ZONE=   6
perm law        a-par                 b-par
  4           1.5496E-03      3.1650E-01

 PERMEABILITY ZONE=   7
perm law        a-par                 b-par
  1           0.0000E+00      0.0000E+00

 PERMEABILITY ZONE=   8
perm law        a-par                 b-par
  4           7.3855E-04      2.3150E-01

 PERMEABILITY ZONE=   9
perm law        a-par                 b-par
  1           0.0000E+00      0.0000E+00

 PERMEABILITY ZONE=  10
perm law        a-par                 b-par
  4           7.3855E-04      2.3150E-01

 PERMEABILITY ZONE=  11
perm law        a-par                 b-par
  0           0.0000E+00      0.0000E+00

 PERMEABILITY ZONE=  12
perm law        a-par                 b-par
  0           0.0000E+00      0.0000E+00

 PERMEABILITY ZONE=  13
perm law        a-par                 b-par
  0           0.0000E+00      0.0000E+00

 PERMEABILITY ZONE=  14
perm law        a-par                 b-par
  0           0.0000E+00      0.0000E+00

     Total number of permeability zones=  14


--------------------------------------------------------------------------------
INITIAL SURFACE ADSORPTION ZONES

     Total number of adsorption zones=   0


--------------------------------------------------------------------------------
INITIAL LINEAR EQUILIBRIUM Kd ZONES

     Total number of Kd zones=   0


--------------------------------------------------------------------------------
INITIAL ZONES OF CATION EXCHANGE

     Total number of exchange zones=   0



  --> Finished reading chemical.inp file

