   TOUGHREACT V4.13omp : massbalance.out


 Mass (mol) balance for the whole system at time 3.65242E+02 days:

                        Total Moles    
 --------------------------------------------------------------------------------------------------------------------
  Component  Aq_Input Aq_Output Gas_Input Gas_Output            Initial                      Current                Dryout Residual
                                                      Aqueous    Solid     Gas     Aqueous    Solid      Gas       Total   Max(mol/m3)
 --------------------------------------------------------------------------------------------------------------------------
  ca+2       0.000E+00 0.000E+00 0.000E+00 0.000E+00 1.404E+04 4.216E+06 0.000E+00 1.316E+04 4.217E+06 0.000E+00 0.000E+00 0.000E+00
  mg+2       0.000E+00 0.000E+00 0.000E+00 0.000E+00 3.896E+03 1.919E+06 0.000E+00 3.614E+03 1.919E+06 0.000E+00 1.491E-01 6.762E+00
  na+        0.000E+00 0.000E+00 0.000E+00 0.000E+00 1.486E+04 1.013E+08 0.000E+00 1.712E+04 1.013E+08 0.000E+00 5.427E-01 1.088E+01
  cl-        0.000E+00 0.000E+00 0.000E+00 0.000E+00 1.839E+04 0.000E+00 0.000E+00 1.839E+04 1.710E+00 0.000E+00 6.601E-03 9.807E-01
  sio2(aq)   0.000E+00 0.000E+00 0.000E+00 0.000E+00 6.544E+03 1.258E+09 0.000E+00 7.951E+03 1.258E+09 0.000E+00 0.000E+00 0.000E+00
  hco3-      0.000E+00 0.000E+00 0.000E+00 0.000E+00 1.816E+04 4.875E+05 1.209E+01 1.730E+04 4.883E+05 1.191E+01 1.563E-01 3.000E+00
  so4-2      0.000E+00 0.000E+00 0.000E+00 0.000E+00 6.728E+03 0.000E+00 0.000E+00 6.727E+03 1.439E-02 0.000E+00 6.139E-01 1.893E+01
  k+         0.000E+00 0.000E+00 0.000E+00 0.000E+00 1.140E+03 1.267E+08 0.000E+00 4.162E+02 1.267E+08 0.000E+00 3.114E-01 7.484E+00
  alo2-      0.000E+00 0.000E+00 0.000E+00 0.000E+00 3.438E-03 2.457E+08 0.000E+00 9.106E-03 2.457E+08 0.000E+00 4.953E-04 4.373E-02
  f-         0.000E+00 0.000E+00 0.000E+00 0.000E+00 2.522E+02 0.000E+00 0.000E+00 2.522E+02 0.000E+00 0.000E+00 2.354E-02 7.422E-01
  hfeo2(aq)  0.000E+00 0.000E+00 0.000E+00 0.000E+00 6.433E-06 0.000E+00 0.000E+00 6.431E-06 0.000E+00 0.000E+00 6.003E-10 1.893E-08
  no3-       0.000E+00 0.000E+00 0.000E+00 0.000E+00 5.803E+02 0.000E+00 0.000E+00 5.802E+02 5.226E-02 0.000E+00 1.904E-03 3.259E-01
 
             Total Moles and Mass Balances     
               Input+Initial  Output+Current Difference   RelDiff%   DSol/liq%  Tdry/Tvol(mol/m3)
 --------------------------------------------------------------------------------------------------------------------
 ca+2          4.2305E+06      4.2305E+06  -1.2540E+00  -2.9642E-05  -1.4264E-01   0.0000E+00
 mg+2          1.9230E+06      1.9230E+06  -4.6733E-01  -2.4302E-05  -1.6522E-01   9.1289E-03
 na+           1.0132E+08      1.0132E+08  -3.3512E+00  -3.3075E-06   1.4845E-01   3.3243E-02
 cl-           1.8390E+04      1.8387E+04  -3.0842E+00  -1.6770E-02  -6.4334E+01   4.0912E-04
 sio2(aq)      1.2578E+09      1.2578E+09  -1.2730E+00  -1.0121E-07   9.0458E-02   0.0000E+00
 hco3-         5.0563E+05      5.0562E+05  -1.1295E+01  -2.2338E-03  -1.3023E+00   9.5752E-03
 so4-2         6.7279E+03      6.7270E+03  -8.6229E-01  -1.2817E-02  -9.8358E+01   3.7576E-02
 k+            1.2668E+08      1.2668E+08  -3.5687E-01  -2.8171E-07  -4.9302E-02   1.9078E-02
 alo2-         2.4573E+08      2.4573E+08   1.6855E-02   6.8591E-09  -2.9739E+02   3.0320E-05
 f-            2.5224E+02      2.5218E+02  -6.4053E-02  -2.5393E-02  -1.0000E+02   1.4411E-03
 hfeo2(aq)     6.4328E-06      6.4310E-06  -1.7559E-09  -2.7296E-02  -1.0000E+02   3.6748E-11
 no3-          5.8034E+02      5.8024E+02  -9.9355E-02  -1.7120E-02  -6.5531E+01   1.1803E-04
 --------------------------------------------------------------------------------------------------------------------
