  TOUGHREACT V4.13omp : runlog.out
 
  ---> start reading solute.inp
  ---> finished reading solute.inp 

 --> start reading chemical input data from chemical.inp


     Temporarily stop reading chemical.inp to read thermodynamic database....
    --> Start reading thermodynamic database: thk1.01-test.dat    
 
  --- List of all possible aqueous complexes --- 
          al+3                
          al(oh)2+            
          aloh+2              
          co2(aq)             
          co3-2               
          caco3(aq)           
          cacl+               
          cacl2(aq)           
          caf+                
          cahco3+             
          cahsio3+            
          caoh+               
          caso4(aq)           
          fecl+2              
          fef+2               
          fef2+               
          feo+                
          feo2-               
          feoh+2              
          feso4+              
          halo2               
          hf(aq)              
          hf2-                
          fe+3                
          hno3(aq)            
          hsio3-              
          kcl(aq)             
          khso4(aq)           
          koh(aq)             
          kso4-               
          mgco3(aq)           
          mgcl+               
          mgf+                
          mghco3+             
          mghsio3+            
          mgoh+               
          mgso4(aq)           
          naco3-              
          nacl(aq)            
          naf(aq)             
          nahco3(aq)          
          nahsio3(aq)         
          naoh(aq)            
          naso4-              
          oh-                 
          sif6-2              
 
   Mineral       Molar volume (liters/mol)
      albite-low            1.00070E-01
      anorthite             1.00790E-01
      calcite               3.69340E-02
      clpt/10-r02           1.26410E-01
      cristoba-a            2.57400E-02
      fluorite              2.45420E-02
      gypsum                7.46900E-02
      halite                2.70150E-02
      heul/10-r02           1.26640E-01
      illite                1.35080E-01
      microcline-b          1.08741E-01
      mord/10-r02           1.27350E-01
      quartz                2.26880E-02
      sepiolite             1.42830E-01
      sio2(amor.)           2.90000E-02
      smect-ca-cal          1.32510E-01
      smect-na-cal          1.32510E-01
      smect-mg-cal          1.32510E-01
      stell/10-r02          1.33100E-01
      sylvite               3.75240E-02
      tridymite             2.65860E-02
      hydglassfe3           2.05360E-02
      halite                2.70150E-02
      sylvite               3.75240E-02
      nano3                 5.00000E-02
      kno3                  5.00000E-02
  
    --> Finished reading thermodynamic database
     ....back to reading chemical.inp


  --> Finished reading chemical.inp file


  ...running...
     see output file: iter.out             for time and time step information

  ...done! TOUGHREACT V4.13omp   simulation finished
