  TOUGHREACT V4.13omp : chdump.out
 
  INITIAL WATER NUMBER:    1
  TIME t = 0
  SPECIATION TEMPERATURE (C):     75.000    PRESSURE (bar):      1.000
  CHEM.ITERATIONS:     5
  IONIC STRENGTH:   9.1948E-01    STOIC. IONIC STRENGTH:   1.0527E+00
                                                                                                                                                 input
     primary species       molality         gamma    log activ.  tot.aqueous  tot.aqueous  tot.solid    tot.gas      tot.sorbed   aq.kinetics  tot.system  tot.balance  aq.balance
                         (water in kg) (H2O activity)              molality      moles       moles       moles          moles        moles        moles
     ------------------------------------------------------------------------------------------------------------------------------------------------------------------------------
   1 h2o                  9.99221E-01    9.69015E-01    -0.014   5.55526E+01  5.55093E+01  0.00000E+00  0.00000E+00  0.00000E+00  0.00000E+00  5.55093E+01  1.07424E-08 -9.02389E-13
   2 h+                   8.54523E-08    6.44280E-01    -7.259   4.32337E-02  4.32000E-02  0.00000E+00  0.00000E+00  0.00000E+00  0.00000E+00  4.32000E-02  1.07872E-08 -8.63892E-15
   3 ca+2                 4.48177E-03    1.33842E-01    -3.222   4.74069E-03  4.73700E-03  0.00000E+00  0.00000E+00  0.00000E+00  0.00000E+00  4.73700E-03  7.25417E-11 -6.75001E-11
   4 mg+2                 2.34982E-05    1.34991E-01    -5.499   2.67108E-05  2.66900E-05  0.00000E+00  0.00000E+00  0.00000E+00  0.00000E+00  2.66900E-05  7.43351E-13 -6.39570E-13
   5 na+                  9.01240E-01    6.41848E-01    -0.238   9.91272E-01  9.90500E-01  0.00000E+00  0.00000E+00  0.00000E+00  0.00000E+00  9.90500E-01  5.02116E-09 -4.18731E-09
   6 k+                   5.80964E-03    6.38877E-01    -2.430   5.98466E-03  5.98000E-03  0.00000E+00  0.00000E+00  0.00000E+00  0.00000E+00  5.98000E-03  1.22920E-11 -1.11405E-11
   7 fe+2                 2.61623E-07    1.34535E-01    -7.453   3.02436E-07  3.02200E-07  0.00000E+00  0.00000E+00  0.00000E+00  0.00000E+00  3.02200E-07  9.55985E-15 -8.06721E-15
   8 sio2(aq)             9.22007E-04    1.00000E+00    -3.035   1.03481E-03  1.03400E-03  0.00000E+00  0.00000E+00  0.00000E+00  0.00000E+00  1.03400E-03 -4.71464E-13 -8.48167E-12
   9 hco3-                1.84384E-03    6.44581E-01    -2.925   4.56556E-02  4.56200E-02  0.00000E+00  0.00000E+00  0.00000E+00  0.00000E+00  4.56200E-02  1.08164E-08 -3.21996E-11
  10 so4-2                1.44380E-16    1.38832E-01   -16.698   1.32503E-09  1.32400E-09  0.00000E+00  0.00000E+00  0.00000E+00  0.00000E+00  1.32400E-09  4.70583E-16 -3.80503E-23
  11 alo2-                1.07858E-08    6.49275E-01    -8.155   1.36206E-08  1.36100E-08  0.00000E+00  0.00000E+00  0.00000E+00  0.00000E+00  1.36100E-08  2.30390E-16 -8.27786E-17
  12 cl-                  9.11781E-01    6.49275E-01    -0.228   1.00178E+00  1.00100E+00  0.00000E+00  0.00000E+00  0.00000E+00  0.00000E+00  1.00100E+00  5.09154E-09 -4.25066E-09
  13 o2(aq)               3.36310E-66    1.00000E+00   -65.473  -8.65274E-02 -8.64600E-02  0.00000E+00  0.00000E+00  0.00000E+00  0.00000E+00 -8.64600E-02 -2.15282E-08  1.41553E-15

     secondary species     molality         gamma    log activ.  log(K)
     --------------------------------------------------------------------
  14 oh-                  5.18038E-06    6.67803E-01    -5.461    12.707
  15 al+3                 1.38079E-17    1.16129E-02   -18.795   -18.369
  16 halo2(aq)            1.75430E-10    1.00000E+00    -9.756    -5.658
  17 naalo2(aq)           1.55785E-09    1.00000E+00    -8.807     0.415
  18 aloh+2               4.03623E-15    1.33937E-01   -15.267   -14.652
  19 al(oh)2+             1.35689E-12    6.38841E-01   -12.062   -10.611
  20 al(oh)3(aq)          1.10021E-09    1.00000E+00    -8.959    -6.469
  21 cacl+                1.72495E-04    6.38841E-01    -3.958     0.508
  22 cacl2(aq)            5.92766E-05    1.00000E+00    -4.227     0.550
  23 caso4(aq)            2.75374E-18    1.00000E+00   -17.560    -2.360
  24 nacl(aq)             8.95301E-02    1.00000E+00    -1.048     0.583
  25 fecl+                3.65163E-08    6.38841E-01    -7.632    -0.049
  26 fehco3+              2.61274E-09    6.38841E-01    -8.778    -1.601
  27 feco3(aq)            1.38989E-10    1.00000E+00    -9.857     6.738
  28 fecl4-2              1.54429E-09    1.38719E-01    -9.669     1.305
  29 nahco3(aq)           3.97390E-04    1.00000E+00    -3.401     0.238
  30 cahco3+              1.97452E-05    6.38841E-01    -4.899    -1.248
  31 mghco3+              1.06645E-07    6.38841E-01    -7.167    -1.257
  32 co2(aq)              1.10137E-04    1.21231E+00    -3.874    -6.296
  33 co3-2                1.23793E-05    1.38975E-01    -5.764    10.099
  34 caco3(aq)            7.30633E-06    1.00000E+00    -5.136     6.249
  35 kcl(aq)              1.75025E-04    1.00000E+00    -3.757     1.099
  36 mgcl+                3.10593E-06    6.38841E-01    -5.702    -0.024
  37 mgso4(aq)            7.14381E-20    1.00000E+00   -19.146    -3.051
  38 naso4-               1.58696E-16    6.49275E-01   -15.987    -0.949
  39 kso4-                1.33052E-18    6.49275E-01   -18.064    -1.065
  40 nahsio3(aq)          1.02366E-04    1.00000E+00    -3.990     7.962
  41 caoh+                9.99748E-08    6.38841E-01    -7.195    11.218
  42 naoh(aq)             1.33685E-06    1.00000E+00    -5.874    12.882
  43 naco3-               1.05043E-06    6.49275E-01    -6.166    10.263
  44 h3sio4-              1.04327E-05    6.49275E-01    -5.169     9.366
  45 fe+3                 6.84308E-24    1.16085E-02   -25.100    -5.974
  46 hs-                  1.19516E-09    6.48559E-01    -9.111   116.100
  47 h2s(aq)              1.29873E-10    1.21231E+00    -9.803   109.533
  48 ch4(aq)              4.32636E-02    1.21231E+00    -1.280   122.029
  49 h2(aq)               3.83156E-07    1.21231E+00    -6.333    39.056
  50 acetic~acid(aq)      7.53362E-10    1.00000E+00    -9.123   119.701
  51 so2(aq)              4.48766E-29    1.21231E+00   -28.264    29.798
  52 hso3-                5.35709E-24    6.49275E-01   -23.459    32.238

     Solution charge imbalance =   2.590E-03 equiv  (  1.415E-01%)

     eq.minerals             moles        log(K)     log(Q/K)   v.frac solid
     ------------------------------------------------------------
   1 calcite              0.00000E+00     1.115       -0.00254

     kin.minerals            moles        log(K)     log(Q/K)   v.frac solid rate(mol/sec)
     ---------------------------------------------------------------------------
   1 magnesite            0.00000E+00     1.101       -2.26548
   2 quartz               0.00000E+00    -3.201        0.16604
   3 kaolinite            0.00000E+00   -35.108       -1.80430
   4 illite               0.00000E+00   -41.439        0.51009
   5 oligoclase           0.00000E+00   -86.182       -9.41339
   6 smectite-na          0.00000E+00   -34.800       -0.15853
   7 k-feldspar           0.00000E+00   -19.773        0.08252
   8 chlorite             0.00000E+00     0.192       -0.02306
   9 hematite             0.00000E+00   -15.177       -3.45740
  10 pyrite-2             0.00000E+00   180.933       -7.13083
  11 smectite-ca          0.00000E+00   -34.952       -0.40454
  12 albite~low           0.00000E+00   -17.698        0.19949
  13 dolomite-2           0.00000E+00     3.619       -3.67135
  14 siderite-2           0.00000E+00    -1.044       -2.07556
  15 ankerite-2           0.00000E+00     0.441       -1.86117
  16 dawsonite            0.00000E+00   -15.921       -2.65592

      gases                  moles     log(K)     log(Q/K/fuga)    log(Pgas)   phi    
     ------------------------------------------------------------------------
   1 co2(g)               0.00000E+00    -8.168        0.00000       -2.00062   0.99627



  ELEMENT:         AJ  7
  TIME (s/d/yr)     3.15569E+08/ 3.65242E+03/ 1.00001E+01
  TIME STEP (s) :   7.17175E+03
  TEMPERATURE (C):     75.000
  PRESSURE (Pa):    2.02575E+07
  LIQ SATURATION:    0.000299
  GAS SATURATION:    0.084154
  SUM SATURATIONS:   0.084453
  POROSITY:          0.340424
  CHEM.ITERATIONS:   200
  IONIC STRENGTH:   6.8955E+01    STOIC. IONIC STRENGTH:   1.5038E+02
                                                                                                                                                 input
     primary species       molality         gamma    log activ.  tot.aqueous  tot.aqueous  tot.solid    tot.gas      tot.sorbed   aq.kinetics  tot.system  tot.balance  aq.balance
                         (water in kg) (H2O activity)              molality      moles       moles       moles          moles        moles        moles
     ------------------------------------------------------------------------------------------------------------------------------------------------------------------------------
   1 h2o                  7.36736E-01    1.02705E+00     0.012   3.15410E+01  2.32374E+01  8.97234E+03 -1.97168E+07  0.00000E+00  0.00000E+00 -3.98014E+03 -1.97039E+07  5.22562E-03
   2 h+                   2.60235E-02    4.71647E-01    -1.911   6.00594E+01  4.42479E+01  1.83121E+04  1.97168E+07  0.00000E+00  0.00000E+00  4.02909E+03  1.97312E+07  9.83034E-03
   3 ca+2                 9.38652E+00    6.36938E-02    -0.223   1.55795E+01  1.14780E+01 -8.68114E+00  0.00000E+00  0.00000E+00  0.00000E+00  8.09540E-02  2.71587E+00 -1.56445E-02
   4 mg+2                 4.52909E-01    9.08174E-02    -1.386   9.34524E-01  6.88498E-01  2.29198E+02  0.00000E+00  0.00000E+00  0.00000E+00  1.50900E-02  2.29872E+02 -1.06381E-04
   5 na+                  3.21550E+00    6.80282E-01     0.340   4.31116E+00  3.17619E+00  4.96182E+00  0.00000E+00  0.00000E+00  0.00000E+00  2.54475E+00  5.59326E+00  7.27652E-04
   6 k+                   4.90778E-04    5.78361E-01    -3.547   5.20099E-04  3.83176E-04  5.39792E+02  0.00000E+00  0.00000E+00  0.00000E+00  1.06634E-02  5.39782E+02 -4.90960E-07
   7 fe+2                 4.12983E-01    8.25038E-02    -1.468   1.28300E+00  9.45233E-01 -6.53726E-07  0.00000E+00  0.00000E+00  0.00000E+00  2.34440E-03  9.42888E-01 -2.34318E-03
   8 sio2(aq)             4.87878E-04    1.00000E+00    -3.312   4.89418E-04  3.60572E-04  2.04221E+04  0.00000E+00  0.00000E+00  0.00000E+00  5.35869E-03  2.04221E+04 -1.13361E-06
   9 hco3-                4.67401E-01    6.28276E-01    -0.532   1.34249E+01  9.89062E+00 -8.51802E+00  1.97168E+07  0.00000E+00  0.00000E+00  4.02929E+03  1.97128E+07  6.23593E-04
  10 so4-2                1.35010E-17    5.37652E-02   -18.139   4.98537E-11  3.67291E-11  0.00000E+00  0.00000E+00  0.00000E+00  0.00000E+00  3.35750E-09 -3.32077E-09  8.25958E-15
  11 alo2-                1.40113E-06    7.33313E-01    -5.988   1.80399E+01  1.32907E+01  1.93064E+04  0.00000E+00  0.00000E+00  0.00000E+00  1.35935E-08  1.93197E+04  2.98881E-03
  12 cl-                  1.72583E+00    7.33313E-01     0.102   3.87248E+00  2.85300E+00  0.00000E+00  0.00000E+00  0.00000E+00  0.00000E+00  2.53842E+00  3.14575E-01  8.95618E-04
  13 o2(aq)               7.77502E-62    1.00000E+00   -61.109  -3.25414E-03 -2.39744E-03 -3.38400E-08  0.00000E+00  0.00000E+00  0.00000E+00 -2.19242E-01  2.16844E-01 -5.39137E-07

     secondary species     molality         gamma    log activ.  log(K)
     --------------------------------------------------------------------
  14 oh-                  1.57220E-11    1.03960E+00   -10.787    12.707
  15 al+3                 6.00000E+00    4.51343E-03    -1.567   -18.369
  16 halo2(aq)            5.75086E-03    1.00000E+00    -2.240    -5.658
  17 naalo2(aq)           8.60833E-07    1.00000E+00    -6.065     0.415
  18 aloh+2               6.00000E+00    6.80918E-02    -0.389   -14.652
  19 al(oh)2+             6.00000E+00    5.70132E-01     0.534   -10.611
  20 al(oh)3(aq)          3.82266E-02    1.00000E+00    -1.418    -6.469
  21 cacl+                4.12838E-01    5.70132E-01    -0.628     0.508
  22 cacl2(aq)            2.70613E-01    1.00000E+00    -0.568     0.550
  23 caso4(aq)            1.00256E-16    1.00000E+00   -15.999    -2.360
  24 nacl(aq)             7.23624E-01    1.00000E+00    -0.140     0.583
  25 fecl+                8.53716E-02    5.70132E-01    -1.313    -0.049
  26 fehco3+              7.09405E-01    5.70132E-01    -0.393    -1.601
  27 feco3(aq)            1.50129E-07    1.00000E+00    -6.824     6.738
  28 fecl4-2              7.20614E-02    6.05638E-02    -2.360     1.305
  29 nahco3(aq)           3.73021E-01    1.00000E+00    -0.428     0.238
  30 cahco3+              5.48827E+00    5.70132E-01     0.495    -1.248
  31 mghco3+              3.84939E-01    5.70132E-01    -0.659    -1.257
  32 co2(aq)              6.00000E+00    2.70815E+00     1.211    -6.296
  33 co3-2                2.64192E-08    7.20560E-02    -8.720    10.099
  34 caco3(aq)            8.07902E-06    1.00000E+00    -5.093     6.249
  35 kcl(aq)              2.86544E-05    1.00000E+00    -4.543     1.099
  36 mgcl+                9.65319E-02    5.70132E-01    -1.259    -0.024
  37 mgso4(aq)            3.37750E-17    1.00000E+00   -16.471    -3.051
  38 naso4-               1.93577E-17    7.33313E-01   -16.848    -0.949
  39 kso4-                3.28744E-21    7.33313E-01   -20.618    -1.065
  40 nahsio3(aq)          9.71020E-10    1.00000E+00    -9.013     7.962
  41 caoh+                5.28904E-10    5.70132E-01    -9.521    11.218
  42 naoh(aq)             2.38841E-11    1.00000E+00   -10.622    12.882
  43 naco3-               3.89158E-09    7.33313E-01    -8.545    10.263
  44 h3sio4-              2.45588E-11    7.33313E-01   -10.745     9.366
  45 fe+3                 6.65355E-11    3.72405E-03   -12.606    -5.974
  46 hs-                  4.11705E-15    7.19762E-01   -14.528   116.100
  47 h2s(aq)              4.98607E-11    2.70815E+00    -9.870   109.533
  48 ch4(aq)              5.34681E-04    2.70815E+00    -2.839   122.029
  49 h2(aq)               8.45441E-10    2.70815E+00    -8.640    39.056
  50 acetic~acid(aq)      1.09275E-03    1.00000E+00    -2.961   119.701
  51 so2(aq)              1.61615E-22    2.70815E+00   -21.359    29.798
  52 hso3-                1.80283E-22    7.33313E-01   -21.879    32.238

     Solution charge imbalance =   6.459E+01 equiv  (  9.325E+01%)

     eq.minerals             moles        log(K)     log(Q/K)   v.frac solid
     ------------------------------------------------------------
   1 calcite             -8.68519E+00     1.115        0.04112   1.8944E-02

     kin.minerals            moles        log(K)     log(Q/K)   v.frac solid rate(mol/sec)
     ---------------------------------------------------------------------------
   1 magnesite            0.00000E+00     1.101       -1.10835   0.0000E+00   0.0000E+00
   2 quartz              -4.72205E-09    -3.201       -0.10892   5.7925E-01   8.9390E-13
   3 kaolinite            8.60391E+03   -35.108       12.70231   2.0164E-02  -1.6288E+00
   4 illite               8.99654E+02   -41.439       11.31662   9.5536E-03  -1.7031E-01
   5 oligoclase           3.94853E-03   -86.182        5.03594   1.9806E-01  -7.4747E-07
   6 smectite-na          1.64788E+01   -34.800        8.96841   3.9002E-02  -3.1195E-03
   7 k-feldspar           6.36054E-09   -19.773        0.30659   8.1842E-02  -1.2041E-12
   8 chlorite            -2.21122E-07     0.192      -13.86678   4.5583E-02   4.1859E-11
   9 hematite            -6.76799E-08   -15.177      -10.49891   4.9732E-03   1.2812E-11
  10 pyrite-2             0.00000E+00   180.933       -9.66926   0.0000E+00   0.0000E+00
  11 smectite-ca          6.96611E-04   -34.952        8.98983   2.0633E-10  -1.3187E-07
  12 albite~low           1.10150E-10   -17.698        2.11701   2.4282E-12  -2.0852E-14
  13 dolomite-2           0.00000E+00     3.619       -2.47055   0.0000E+00   0.0000E+00
  14 siderite-2           2.73379E-08    -1.044        0.95792   9.6880E-10  -5.1752E-12
  15 ankerite-2           1.01432E-08     0.441        0.65307   0.0000E+00  -1.9202E-12
  16 dawsonite            1.67173E-01   -15.921        7.83222   4.9137E-47  -3.1647E-05

      gases                  moles     log(K)     log(Q/K/fuga)    log(Pgas)   phi    
     ------------------------------------------------------------------------
   1 co2(g)               1.97168E+07    -8.168        0.00000        5.99213   0.53225



  Write chemical speciation in chemical.inp format
 
  Time =  1.000000E+01 yr

# Grid block: A1 10
# Index  Temp(C)  Press(bar)
   1    75.000    199.9310
# component    icon      guess        ctotal    fix  log(Q/K)
h2o              1    1.0000E+00   1.000000E+00   *     0.0
h+               1    2.3099E-05   1.176071E+00   *     0.0
ca+2             1    3.1934E-02   3.883210E-02   *     0.0
mg+2             1    4.4989E-03   5.841795E-03   *     0.0
na+              1    8.9111E-01   9.908244E-01   *     0.0
k+               1    4.0279E-03   4.143503E-03   *     0.0
fe+2             1    6.1641E-04   9.360791E-04   *     0.0
sio2(aq)         1    2.1477E-03   2.148640E-03   *     0.0
hco3-            1    7.3901E-02   1.271528E+00   *     0.0
so4-2            1    2.2210E-16   1.307032E-09   *     0.0
alo2-            1    1.9467E-10   1.062433E-08   *     0.0
cl-              1    9.0096E-01   9.881758E-01   *     0.0
o2(aq)           1    3.4139E-64  -8.534796E-02   *     0.0
*
