  TOUGHREACT V4.13omp : chemical.out

 --> start reading chemical input data from chemical.inp

Deep Sky Thetford: Asterisk Format                                                                  
--------------------------------------------------------------------------------
DEFINITION OF THE GEOCHEMICAL SYSTEM
PRIMARY AQUEOUS SPECIES

   finished reading all primary species
   total primary species     npri =  13
     aqueous primary species npaq =  13
     surface primary species npads=   0

AQUEOUS KINETICS
   finished reading aqueous kinetics
   ntrx =   0

AQUEOUS COMPLEXES
   finished reading secondary species
   naqx =   0

 AQUEOUS COMPLEXES will be automatically selected from the thermodynamic database

MINERALS
   finished reading minerals
    nmin  =   0
    nmequ =   0
    nmkin =   0
    nsalt =   0

    Salt Minerals

  The following minerals form ideal solid solutions:
   None
 
GASES
 co2(g)                                   0
   finished reading gases
    ngas  =   1

SURFACE COMPLEXES
   finished reading surface complexes
    nads  =   0

SPECIES AND GASES WITH KD AND DECAY
Species          Decay const.(1/s)    Th. decay a      Th. decay b
   finished reading kd/decay species
    nkdd  =   0


     Temporarily stop reading chemical.inp to read thermodynamic database....
    --> Start reading thermodynamic database: TherAkin10.dat      
    --> Finished reading thermodynamic database
     ....back to reading chemical.inp
 
EXCHANGEABLE CATIONS
   finished reading exchanged species
    nexc  =   0


 Finished reading upper part of chemical.inp
 SUMMARY OF THERMODYNAMIC DATA FOR THE CHEMICAL SYSTEM

   Components     a0    charge
  h2o            0.000    0.0
  h+             3.080    1.0
  na+            1.910    1.0
  k+             2.270    1.0
  ca+2           2.870    2.0
  mg+2           2.540    2.0
  hco3-          2.100   -1.0
  so4-2          3.150   -2.0
  cl-            1.810   -1.0
  sio2(aq)       0.000    0.0
  alo2-          1.810   -1.0
  fe+2           2.620    2.0
  o2(aq)         0.000    0.0


 Log K interpolation coefficients as a function of temperature (K) (a,b,c,d,e)
 valid temperature range (deg.C.):   0.0 to 300.0
                        a*ln(TK)       b          c*TK     d*(TK)**-1  e*(TK)**-2
 (o-phth)-2            1.0872E+03 -6.9355E+03 -1.1007E+00  5.6569E+05 -2.5339E+07
 acetic~acid(aq)       2.9783E+02 -1.9042E+03 -3.0274E-01  1.5474E+05 -7.0679E+06
 acetate               1.8382E+02 -1.1775E+03 -1.8695E-01  1.1478E+05 -4.6483E+06
 acetone(aq)           4.8999E+02 -3.1349E+03 -4.9865E-01  2.7347E+05 -1.1868E+07
 benzene(aq)           9.1794E+02 -5.8706E+03 -9.3936E-01  5.1000E+05 -2.2433E+07
 clo4-                -7.0575E+01  4.6075E+02  6.9014E-02 -2.6214E+04  2.1703E+06
 co2(aq)               1.0336E+02 -6.6225E+02 -1.0747E-01  3.8310E+04 -2.6168E+06
 co3-2                -1.2715E+02  8.1537E+02  1.2850E-01 -4.5171E+04  2.8995E+06
 ethane(aq)            4.0126E+02 -2.5733E+03 -4.0254E-01  2.3129E+05 -1.0144E+07
 fe+3                 -3.7867E+01  2.4777E+02  4.1026E-02 -1.8727E+04  8.9571E+05
 h2(aq)                4.3717E+01 -2.8270E+02 -4.4544E-02  3.1989E+04 -1.2695E+06
 methane(aq)           2.2512E+02 -1.4452E+03 -2.2600E-01  1.3093E+05 -5.7841E+06
 ch4(aq)               2.2512E+02 -1.4452E+03 -2.2600E-01  1.3093E+05 -5.7841E+06
 methanol(aq)          1.6956E+02 -1.0850E+03 -1.7409E-01  9.9956E+04 -4.1304E+06
 oh-                  -1.1609E+02  7.4186E+02  1.1647E-01 -3.8963E+04  2.6264E+06
 so3-2                 2.0824E+01 -1.3461E+02 -1.9554E-02  2.2335E+04 -5.7655E+05
 al(oh)2+              2.2744E+01 -1.3902E+02 -3.3579E-02  5.0864E+03 -9.2409E+05
 al(oh)3(aq)           4.5302E+01 -2.9955E+02 -3.2594E-02  1.6254E+04 -8.9612E+05
 al(oh)4-              4.3257E+01 -2.8063E+02 -3.3690E-02  1.6084E+04 -9.3064E+05
 al(so4)2-             5.9243E+02 -3.7723E+03 -5.7156E-01  2.0457E+05 -1.3029E+07
 al13o4(oh)24(7+)      0.0000E+00 -1.9875E+02  0.0000E+00  0.0000E+00  0.0000E+00
 al2(oh)2+4            2.3595E+02 -1.4936E+03 -2.2410E-01  7.0141E+04 -5.0895E+06
 al3(oh)4(5+)          0.0000E+00 -5.4769E+01  0.0000E+00  0.0000E+00  0.0000E+00
 aloh+2                5.8907E+01 -3.6953E+02 -5.7066E-02  1.3932E+04 -1.2162E+06
 halo2(aq)             8.5813E+01 -5.4438E+02 -8.8781E-02  2.9201E+04 -1.9974E+06
 al+3                  3.6067E+01 -2.2324E+02 -3.3211E-02  4.4829E+03 -9.1283E+05
 naalo2(aq)            1.5177E+02 -9.6704E+02 -1.4725E-01  5.4975E+04 -3.3276E+06
 also4+                3.2479E+02 -2.0482E+03 -3.3925E-01  1.0490E+05 -7.0096E+06
 ca(h3sio4)2(aq)       0.0000E+00  1.5053E+01  0.0000E+00  0.0000E+00  0.0000E+00
 cacl+                 1.3103E+02 -8.3024E+02 -1.3376E-01  4.6829E+04 -2.9136E+06
 cacl2(aq)             2.6397E+02 -1.6725E+03 -2.6682E-01  9.3589E+04 -5.7991E+06
 caco3(aq)             1.4428E+02 -9.0987E+02 -1.4188E-01  4.9758E+04 -2.6449E+06
 cah2sio4(aq)          0.0000E+00  1.8562E+01  0.0000E+00  0.0000E+00  0.0000E+00
 cah3sio4+             0.0000E+00  8.7920E+00  0.0000E+00  0.0000E+00  0.0000E+00
 cahco3+               1.4238E+02 -9.0678E+02 -1.4307E-01  5.1998E+04 -3.3081E+06
 caoh+                 4.8490E+01 -3.0192E+02 -5.1744E-02  1.8938E+04 -8.5279E+05
 caso4(aq)             2.6777E+02 -1.7008E+03 -2.6432E-01  9.3540E+04 -5.5017E+06
 clo-                 -3.0337E+01  2.0047E+02  2.9826E-02 -9.8053E+03  1.0198E+06
 clo2-                -3.8919E+01  2.5465E+02  3.9270E-02 -1.0603E+04  1.2495E+06
 clo3-                -4.4384E+01  2.8887E+02  4.5858E-02 -1.4413E+04  1.4171E+06
 fe(oh)2(aq)          -4.9796E+00  2.9729E+01  6.8993E-03  5.0397E+03  2.4624E+04
 fe(oh)2+              4.9637E+01 -3.1063E+02 -4.8114E-02  1.4306E+04 -7.6766E+05
 fe(oh)3(aq)           0.0000E+00  3.6835E+00  0.0000E+00  0.0000E+00  0.0000E+00
 fe(oh)3-              0.0000E+00  3.2962E+01  0.0000E+00  0.0000E+00  0.0000E+00
 fe(oh)4-              5.8063E+00 -3.8572E+01  2.3431E-02  1.4282E+03  6.0653E+05
 fe(so4)2-             0.0000E+00 -1.1704E+01  0.0000E+00  0.0000E+00  0.0000E+00
 fe2(oh)2+4            9.7274E+01 -6.0932E+02 -8.0885E-02  2.6718E+04 -1.7874E+06
 fe3(oh)4(5+)          1.4405E+02 -8.9853E+02 -1.1834E-01  3.6425E+04 -2.5123E+06
 fecl+                 1.3604E+02 -8.6383E+02 -1.3730E-01  4.8907E+04 -3.0401E+06
 fecl+2                1.5262E+02 -9.6441E+02 -1.5222E-01  5.0214E+04 -3.1900E+06
 fecl2(aq)             2.7002E+02 -1.7116E+03 -2.7172E-01  9.6352E+04 -5.9118E+06
 fecl2+                2.5719E+02 -1.6270E+03 -2.6168E-01  8.6327E+04 -5.3811E+06
 fecl4-                4.4592E+02 -2.8306E+03 -4.3893E-01  1.5445E+05 -9.3220E+06
 fecl4-2              -5.9197E+01  3.8822E+02  2.4758E-02 -1.8729E+04  5.7228E+05
 feco3(aq)            -4.9426E+02  3.1460E+03  4.8872E-01 -1.7444E+05  1.0224E+07
 feco3+                1.1271E+02 -6.7915E+02 -1.3566E-01  2.7598E+04 -2.0467E+06
 fehco3+               1.5321E+02 -9.6630E+02 -1.5586E-01  5.1442E+04 -3.0882E+06
 fehso4+2              0.0000E+00 -1.0030E+01  0.0000E+00  0.0000E+00  0.0000E+00
 feo(aq)               5.2747E+01 -3.3081E+02 -5.0326E-02  2.2392E+04 -7.8061E+05
 feoh+                 2.8176E+01 -1.7774E+02 -2.5611E-02  1.2397E+04 -5.2002E+05
 feoh+2                4.3984E+01 -2.7258E+02 -4.2601E-02  1.1660E+04 -7.5851E+05
 feso4(aq)             2.5058E+02 -1.5940E+03 -2.4250E-01  8.7676E+04 -5.1239E+06
 feso4+                2.6205E+02 -1.6544E+03 -2.7005E-01  8.7541E+04 -5.5242E+06
 hs-                   2.0386E+02 -1.3144E+03 -2.0664E-01  1.2257E+05 -5.1832E+06
 h2s(aq)               3.2165E+02 -2.0661E+03 -3.2620E-01  1.6444E+05 -7.9518E+06
 h2sio4-2              9.9570E+01 -6.5687E+02 -5.1514E-02  4.7876E+04 -2.9104E+06
 h2so4(aq)             0.0000E+00  1.0200E+00  0.0000E+00  0.0000E+00  0.0000E+00
 h3sio4-               1.2110E+02 -7.9518E+02 -8.1293E-02  5.3249E+04 -3.4984E+06
 h4(h2sio4)4-4         0.0000E+00  3.5746E+01  0.0000E+00  0.0000E+00  0.0000E+00
 h6(h2sio4)4-2         0.0000E+00  1.3446E+01  0.0000E+00  0.0000E+00  0.0000E+00
 hcl(aq)               3.1813E+02 -2.0125E+03 -3.1404E-01  1.0851E+05 -6.1992E+06
 hclo(aq)              0.0000E+00  7.5330E+00  0.0000E+00  0.0000E+00  0.0000E+00
 hclo2(aq)             0.0000E+00  1.9938E+01  0.0000E+00  0.0000E+00  0.0000E+00
 hfeo2-               -5.7337E+01  3.6641E+02  6.2183E-02 -1.2334E+04  1.5190E+06
 ho2-                 -1.3035E+02  8.3400E+02  1.3252E-01 -4.0937E+04  3.0897E+06
 hs2o3-                0.0000E+00  1.3253E+02  0.0000E+00  0.0000E+00  0.0000E+00
 hsio3-               -5.6009E+00  1.2880E+01  3.5279E-02  8.2277E+03 -8.1249E+05
 hso3-                 1.5763E+02 -1.0131E+03 -1.5800E-01  7.2763E+04 -3.7763E+06
 hso4-                 1.5437E+02 -9.9063E+02 -1.5057E-01  5.8117E+04 -3.6369E+06
 hso5-                 1.4017E+02 -9.0056E+02 -1.3798E-01  5.8780E+04 -3.2712E+06
 kcl(aq)               1.1449E+02 -7.2588E+02 -1.1354E-01  4.0160E+04 -2.2906E+06
 khso4(aq)             2.4309E+02 -1.5539E+03 -2.3929E-01  9.0003E+04 -5.5513E+06
 koh(aq)               0.0000E+00  1.4460E+01  0.0000E+00  0.0000E+00  0.0000E+00
 kso4-                 1.5172E+02 -9.6700E+02 -1.4844E-01  5.4823E+04 -3.3736E+06
 mg(h3sio4)2(aq)       0.0000E+00  1.3723E+01  0.0000E+00  0.0000E+00  0.0000E+00
 mg4(oh)4+4            2.9399E+02 -1.9183E+03 -2.3213E-01  1.2492E+05 -5.9334E+06
 mgcl+                 1.4464E+02 -9.2065E+02 -1.4462E-01  5.3131E+04 -3.4131E+06
 mgco3(aq)             1.5467E+02 -9.7579E+02 -1.4997E-01  5.3376E+04 -2.8826E+06
 mgh2sio4(aq)          0.0000E+00  1.7482E+01  0.0000E+00  0.0000E+00  0.0000E+00
 mgh3sio4+             0.0000E+00  8.5420E+00  0.0000E+00  0.0000E+00  0.0000E+00
 mghco3+               1.4465E+02 -9.2374E+02 -1.4285E-01  5.3640E+04 -3.4446E+06
 mgoh+                 3.3683E+01 -2.1514E+02 -2.9539E-02  1.5485E+04 -7.2135E+05
 mgso4(aq)             5.4072E+02 -3.4368E+03 -5.2632E-01  1.8893E+05 -1.0945E+07
 nacl(aq)              1.2748E+02 -8.0980E+02 -1.2503E-01  4.5318E+04 -2.7066E+06
 naco3-                5.5748E+01 -3.5618E+02 -2.4308E-02  1.9021E+04 -7.2732E+05
 nah3sio4(aq)         -5.2360E+02  3.3235E+03  5.1452E-01 -1.7955E+05  1.0420E+07
 nahco3(aq)           -1.9296E+02  1.2242E+03  1.9025E-01 -6.6962E+04  3.8160E+06
 nahsio3(aq)           1.2913E+02 -8.4423E+02 -9.4029E-02  5.5671E+04 -3.7218E+06
 naoh(aq)             -3.9778E+02  2.5265E+03  3.8913E-01 -1.3467E+05  7.9779E+06
 naso4-                2.2849E+02 -1.4587E+03 -2.1256E-01  8.1356E+04 -4.7528E+06
 s-2                   2.9059E+02 -1.8570E+03 -2.9624E-01  1.5464E+05 -6.9128E+06
 s2-2                  3.7569E+02 -2.4177E+03 -3.8237E-01  2.2092E+05 -9.4619E+06
 s2o3-2                3.2087E+02 -2.0608E+03 -3.2323E-01  1.6414E+05 -7.8212E+06
 s2o4-2                3.0307E+02 -1.9453E+03 -3.0442E-01  1.5196E+05 -7.2851E+06
 s2o5-2                2.8417E+02 -1.8221E+03 -2.8424E-01  1.3328E+05 -6.7175E+06
 s2o6-2                2.6789E+02 -1.7163E+03 -2.6651E-01  1.1654E+05 -6.2211E+06
 s2o8-2                2.4715E+02 -1.5841E+03 -2.4358E-01  9.9467E+04 -5.5558E+06
 s3-2                  6.7021E+02 -4.3054E+03 -6.7976E-01  3.6101E+05 -1.6514E+07
 s3o6-2                5.5968E+02 -3.5854E+03 -5.6083E-01  2.5588E+05 -1.3189E+07
 s4-2                  9.6587E+02 -6.2004E+03 -9.7820E-01  5.0156E+05 -2.3590E+07
 s4o6-2                8.7106E+02 -5.5849E+03 -8.7565E-01  3.9968E+05 -2.0683E+07
 s5-2                  1.2608E+03 -8.0903E+03 -1.2761E+00  6.4184E+05 -3.0642E+07
 s5o6-2                1.1454E+03 -7.3372E+03 -1.1516E+00  5.3449E+05 -2.7168E+07
 so2(aq)               2.7468E+02 -1.7620E+03 -2.7704E-01  1.1651E+05 -6.5412E+06
 co2(g)                9.7602E+01 -6.2773E+02 -9.9514E-02  3.4934E+04 -2.1047E+06

 dV interpolation coefficients as a function of temperature (K) (a,b,c,d,e) for log(K) pressure dependency 
 valid temperature range (deg.C.):   0.0 to 300.0
                        a              b*TK       c*TK**2     d*(TK)**-1  e*(TK)**-2

 Derived Species Reactions
  species        a0   charge  logK(25. C)  h2o    h+     na+    k+     ca+2   mg+2   hco3-  so4-2  cl-    sio2(aqalo2-  fe+2   o2(aq) 
 (o-phth)-2     3.000  -2.0      542.875  -5.00   6.00   0.00   0.00   0.00   0.00   8.00   0.00   0.00   0.00   0.00   0.00  -7.50
 acetic~acid(   0.000   0.0      142.004   0.00   2.00   0.00   0.00   0.00   0.00   2.00   0.00   0.00   0.00   0.00   0.00  -2.00
 acetate        0.000   0.0      146.755   0.00   1.00   0.00   0.00   0.00   0.00   2.00   0.00   0.00   0.00   0.00   0.00  -2.00
 acetone(aq)    0.000   0.0      291.872   0.00   3.00   0.00   0.00   0.00   0.00   3.00   0.00   0.00   0.00   0.00   0.00  -4.00
 benzene(aq)    0.000   0.0      537.533  -3.00   6.00   0.00   0.00   0.00   0.00   6.00   0.00   0.00   0.00   0.00   0.00  -7.50
 clo4-          3.590  -1.0       15.709   0.00   0.00   0.00   0.00   0.00   0.00   0.00   0.00   1.00   0.00   0.00   0.00   2.00
 co2(aq)      100.231   0.0       -6.342  -1.00   1.00   0.00   0.00   0.00   0.00   1.00   0.00   0.00   0.00   0.00   0.00   0.00
 co3-2          2.810  -2.0       10.325   0.00  -1.00   0.00   0.00   0.00   0.00   1.00   0.00   0.00   0.00   0.00   0.00   0.00
 ethane(aq)     0.000   0.0      254.513   1.00   2.00   0.00   0.00   0.00   0.00   2.00   0.00   0.00   0.00   0.00   0.00  -3.50
 fe+3           3.460   3.0       -8.489  -0.50   1.00   0.00   0.00   0.00   0.00   0.00   0.00   0.00   0.00   0.00   1.00   0.25
 h2(aq)       100.231   0.0       46.107   1.00   0.00   0.00   0.00   0.00   0.00   0.00   0.00   0.00   0.00   0.00   0.00  -0.50
 methane(aq)    0.000   0.0      144.147   1.00   1.00   0.00   0.00   0.00   0.00   1.00   0.00   0.00   0.00   0.00   0.00  -2.00
 ch4(aq)      100.231   0.0      144.147   1.00   1.00   0.00   0.00   0.00   0.00   1.00   0.00   0.00   0.00   0.00   0.00  -2.00
 methanol(aq)   0.000   0.0      117.910   1.00   1.00   0.00   0.00   0.00   0.00   1.00   0.00   0.00   0.00   0.00   0.00  -1.50
 oh-            1.400  -1.0       13.991   1.00  -1.00   0.00   0.00   0.00   0.00   0.00   0.00   0.00   0.00   0.00   0.00   0.00
 so3-2          3.000  -2.0       46.624   0.00   0.00   0.00   0.00   0.00   0.00   0.00   1.00   0.00   0.00   0.00   0.00  -0.50
 al(oh)2+       2.310   1.0      -12.780   0.00   2.00   0.00   0.00   0.00   0.00   0.00   0.00   0.00   0.00   1.00   0.00   0.00
 al(oh)3(aq)    0.000   0.0       -6.721   1.00   1.00   0.00   0.00   0.00   0.00   0.00   0.00   0.00   0.00   1.00   0.00   0.00
 al(oh)4-       1.810  -1.0       -0.731   2.00   0.00   0.00   0.00   0.00   0.00   0.00   0.00   0.00   0.00   1.00   0.00   0.00
 al(so4)2-      1.810  -1.0      -27.767  -2.00   4.00   0.00   0.00   0.00   0.00   0.00   2.00   0.00   0.00   1.00   0.00   0.00
 al13o4(oh)24   7.880   7.0     -198.749   2.00  20.00   0.00   0.00   0.00   0.00   0.00   0.00   0.00   0.00  13.00   0.00   0.00
 al2(oh)2+4     4.500   4.0      -38.071  -2.00   6.00   0.00   0.00   0.00   0.00   0.00   0.00   0.00   0.00   2.00   0.00   0.00
 al3(oh)4(5+)   5.630   5.0      -54.769  -2.00   8.00   0.00   0.00   0.00   0.00   0.00   0.00   0.00   0.00   3.00   0.00   0.00
 aloh+2         2.800   2.0      -17.868  -1.00   3.00   0.00   0.00   0.00   0.00   0.00   0.00   0.00   0.00   1.00   0.00   0.00
 halo2(aq)      0.000   0.0       -6.448   0.00   1.00   0.00   0.00   0.00   0.00   0.00   0.00   0.00   0.00   1.00   0.00   0.00
 al+3           3.330   3.0      -22.879  -2.00   4.00   0.00   0.00   0.00   0.00   0.00   0.00   0.00   0.00   1.00   0.00   0.00
 naalo2(aq)     0.000   0.0        0.748   0.00   0.00   1.00   0.00   0.00   0.00   0.00   0.00   0.00   0.00   1.00   0.00   0.00
 also4+         2.310   1.0      -25.877  -2.00   4.00   0.00   0.00   0.00   0.00   0.00   1.00   0.00   0.00   1.00   0.00   0.00
 ca(h3sio4)2(   0.000   0.0       15.053   4.00  -2.00   0.00   0.00   1.00   0.00   0.00   0.00   0.00   2.00   0.00   0.00   0.00
 cacl+          2.310   1.0        0.701   0.00   0.00   0.00   0.00   1.00   0.00   0.00   0.00   1.00   0.00   0.00   0.00   0.00
 cacl2(aq)      0.000   0.0        0.654   0.00   0.00   0.00   0.00   1.00   0.00   0.00   0.00   2.00   0.00   0.00   0.00   0.00
 caco3(aq)      0.000   0.0        7.009   0.00  -1.00   0.00   0.00   1.00   0.00   1.00   0.00   0.00   0.00   0.00   0.00   0.00
 cah2sio4(aq)   0.000   0.0       18.562   2.00  -2.00   0.00   0.00   1.00   0.00   0.00   0.00   0.00   1.00   0.00   0.00   0.00
 cah3sio4+      2.310   1.0        8.792   2.00  -1.00   0.00   0.00   1.00   0.00   0.00   0.00   0.00   1.00   0.00   0.00   0.00
 cahco3+        2.310   1.0       -1.043   0.00   0.00   0.00   0.00   1.00   0.00   1.00   0.00   0.00   0.00   0.00   0.00   0.00
 caoh+          2.310   1.0       12.852   1.00  -1.00   0.00   0.00   1.00   0.00   0.00   0.00   0.00   0.00   0.00   0.00   0.00
 caso4(aq)      0.000   0.0       -2.100   0.00   0.00   0.00   0.00   1.00   0.00   0.00   1.00   0.00   0.00   0.00   0.00   0.00
 clo-           1.810  -1.0       15.102   0.00   0.00   0.00   0.00   0.00   0.00   0.00   0.00   1.00   0.00   0.00   0.00   0.50
 clo2-          1.810  -1.0       23.108   0.00   0.00   0.00   0.00   0.00   0.00   0.00   0.00   1.00   0.00   0.00   0.00   1.00
 clo3-          1.810  -1.0       17.260   0.00   0.00   0.00   0.00   0.00   0.00   0.00   0.00   1.00   0.00   0.00   0.00   1.50
 fe(oh)2(aq)    0.000   0.0       20.595   2.00  -2.00   0.00   0.00   0.00   0.00   0.00   0.00   0.00   0.00   0.00   1.00   0.00
 fe(oh)2+       2.310   1.0       -2.818   1.50  -1.00   0.00   0.00   0.00   0.00   0.00   0.00   0.00   0.00   0.00   1.00   0.25
 fe(oh)3(aq)    0.000   0.0        3.683   2.50  -2.00   0.00   0.00   0.00   0.00   0.00   0.00   0.00   0.00   0.00   1.00   0.25
 fe(oh)3-       1.810  -1.0       32.962   3.00  -3.00   0.00   0.00   0.00   0.00   0.00   0.00   0.00   0.00   0.00   1.00   0.00
 fe(oh)4-       1.810  -1.0       13.109   3.50  -3.00   0.00   0.00   0.00   0.00   0.00   0.00   0.00   0.00   0.00   1.00   0.25
 fe(so4)2-      1.810  -1.0      -11.704  -0.50   1.00   0.00   0.00   0.00   0.00   0.00   2.00   0.00   0.00   0.00   1.00   0.25
 fe2(oh)2+4     4.500   4.0       -9.699   1.00   0.00   0.00   0.00   0.00   0.00   0.00   0.00   0.00   0.00   0.00   2.00   0.50
 fe3(oh)4(5+)   5.630   5.0      -19.172   2.50  -1.00   0.00   0.00   0.00   0.00   0.00   0.00   0.00   0.00   0.00   3.00   0.75
 fecl+          2.310   1.0        0.165   0.00   0.00   0.00   0.00   0.00   0.00   0.00   0.00   1.00   0.00   0.00   1.00   0.00
 fecl+2         2.800   2.0       -7.674  -0.50   1.00   0.00   0.00   0.00   0.00   0.00   0.00   1.00   0.00   0.00   1.00   0.25
 fecl2(aq)      0.000   0.0        2.464   0.00   0.00   0.00   0.00   0.00   0.00   0.00   0.00   2.00   0.00   0.00   1.00   0.00
 fecl2+         2.310   1.0      -10.609  -0.50   1.00   0.00   0.00   0.00   0.00   0.00   0.00   2.00   0.00   0.00   1.00   0.25
 fecl4-         1.810  -1.0       -7.677  -0.50   1.00   0.00   0.00   0.00   0.00   0.00   0.00   4.00   0.00   0.00   1.00   0.25
 fecl4-2        3.000  -2.0        1.939   0.00   0.00   0.00   0.00   0.00   0.00   0.00   0.00   4.00   0.00   0.00   1.00   0.00
 feco3(aq)      0.000   0.0        5.568   0.00  -1.00   0.00   0.00   0.00   0.00   1.00   0.00   0.00   0.00   0.00   1.00   0.00
 feco3+         2.310   1.0       -7.871  -0.50   0.00   0.00   0.00   0.00   0.00   1.00   0.00   0.00   0.00   0.00   1.00   0.25
 fehco3+        2.310   1.0       -2.044   0.00   0.00   0.00   0.00   0.00   0.00   1.00   0.00   0.00   0.00   0.00   1.00   0.00
 fehso4+2       2.800   2.0      -10.030  -0.50   2.00   0.00   0.00   0.00   0.00   0.00   1.00   0.00   0.00   0.00   1.00   0.25
 feo(aq)        0.000   0.0       21.038   1.00  -2.00   0.00   0.00   0.00   0.00   0.00   0.00   0.00   0.00   0.00   1.00   0.00
 feoh+          2.310   1.0       10.895   1.00  -1.00   0.00   0.00   0.00   0.00   0.00   0.00   0.00   0.00   0.00   1.00   0.00
 feoh+2         2.800   2.0       -4.108   0.50   0.00   0.00   0.00   0.00   0.00   0.00   0.00   0.00   0.00   0.00   1.00   0.25
 feso4(aq)      0.000   0.0       -2.189   0.00   0.00   0.00   0.00   0.00   0.00   0.00   1.00   0.00   0.00   0.00   1.00   0.00
 feso4+         2.310   1.0      -10.406  -0.50   1.00   0.00   0.00   0.00   0.00   0.00   1.00   0.00   0.00   0.00   1.00   0.25
 hs-            1.840  -1.0      138.321   0.00   1.00   0.00   0.00   0.00   0.00   0.00   1.00   0.00   0.00   0.00   0.00  -2.00
 h2s(aq)      100.231   0.0      131.337   0.00   2.00   0.00   0.00   0.00   0.00   0.00   1.00   0.00   0.00   0.00   0.00  -2.00
 h2sio4-2       3.000  -2.0       22.910   2.00  -2.00   0.00   0.00   0.00   0.00   0.00   0.00   0.00   1.00   0.00   0.00   0.00
 h2so4(aq)      0.000   0.0        1.020   0.00   2.00   0.00   0.00   0.00   0.00   0.00   1.00   0.00   0.00   0.00   0.00   0.00
 h3sio4-        1.810  -1.0        9.812   2.00  -1.00   0.00   0.00   0.00   0.00   0.00   0.00   0.00   1.00   0.00   0.00   0.00
 h4(h2sio4)4-   5.600  -4.0       35.746   8.00  -4.00   0.00   0.00   0.00   0.00   0.00   0.00   0.00   4.00   0.00   0.00   0.00
 h6(h2sio4)4-   3.000  -2.0       13.446   8.00  -2.00   0.00   0.00   0.00   0.00   0.00   0.00   0.00   4.00   0.00   0.00   0.00
 hcl(aq)        0.000   0.0        0.700   0.00   1.00   0.00   0.00   0.00   0.00   0.00   0.00   1.00   0.00   0.00   0.00   0.00
 hclo(aq)       0.000   0.0        7.533   0.00   1.00   0.00   0.00   0.00   0.00   0.00   0.00   1.00   0.00   0.00   0.00   0.50
 hclo2(aq)      0.000   0.0       19.938   0.00   1.00   0.00   0.00   0.00   0.00   0.00   0.00   1.00   0.00   0.00   0.00   1.00
 hfeo2-         1.810  -1.0       33.985   2.00  -3.00   0.00   0.00   0.00   0.00   0.00   0.00   0.00   0.00   0.00   1.00   0.00
 ho2-           1.810  -1.0       28.297   1.00  -1.00   0.00   0.00   0.00   0.00   0.00   0.00   0.00   0.00   0.00   0.00   0.50
 hs2o3-         1.810  -1.0      132.525  -1.00   3.00   0.00   0.00   0.00   0.00   0.00   2.00   0.00   0.00   0.00   0.00  -2.00
 hsio3-         1.810  -1.0        9.942   1.00  -1.00   0.00   0.00   0.00   0.00   0.00   0.00   0.00   1.00   0.00   0.00   0.00
 hso3-          1.810  -1.0       39.423   0.00   1.00   0.00   0.00   0.00   0.00   0.00   1.00   0.00   0.00   0.00   0.00  -0.50
 hso4-          2.370  -1.0       -1.974   0.00   1.00   0.00   0.00   0.00   0.00   0.00   1.00   0.00   0.00   0.00   0.00   0.00
 hso5-          1.810  -1.0       17.290   0.00   1.00   0.00   0.00   0.00   0.00   0.00   1.00   0.00   0.00   0.00   0.00   0.50
 kcl(aq)        0.000   0.0        1.500   0.00   0.00   0.00   1.00   0.00   0.00   0.00   0.00   1.00   0.00   0.00   0.00   0.00
 khso4(aq)      0.000   0.0       -0.806   0.00   1.00   0.00   1.00   0.00   0.00   0.00   1.00   0.00   0.00   0.00   0.00   0.00
 koh(aq)        0.000   0.0       14.460   1.00  -1.00   0.00   1.00   0.00   0.00   0.00   0.00   0.00   0.00   0.00   0.00   0.00
 kso4-          1.810  -1.0       -0.875   0.00   0.00   0.00   1.00   0.00   0.00   0.00   1.00   0.00   0.00   0.00   0.00   0.00
 mg(h3sio4)2(   0.000   0.0       13.723   4.00  -2.00   0.00   0.00   0.00   1.00   0.00   0.00   0.00   2.00   0.00   0.00   0.00
 mg4(oh)4+4     4.500   4.0       39.743   4.00  -4.00   0.00   0.00   0.00   4.00   0.00   0.00   0.00   0.00   0.00   0.00   0.00
 mgcl+          2.310   1.0        0.139   0.00   0.00   0.00   0.00   0.00   1.00   0.00   0.00   1.00   0.00   0.00   0.00   0.00
 mgco3(aq)      0.000   0.0        7.356   0.00  -1.00   0.00   0.00   0.00   1.00   1.00   0.00   0.00   0.00   0.00   0.00   0.00
 mgh2sio4(aq)   0.000   0.0       17.482   2.00  -2.00   0.00   0.00   0.00   1.00   0.00   0.00   0.00   1.00   0.00   0.00   0.00
 mgh3sio4+      2.310   1.0        8.542   2.00  -1.00   0.00   0.00   0.00   1.00   0.00   0.00   0.00   1.00   0.00   0.00   0.00
 mghco3+        2.310   1.0       -1.033   0.00   0.00   0.00   0.00   0.00   1.00   1.00   0.00   0.00   0.00   0.00   0.00   0.00
 mgoh+          2.310   1.0       11.785   1.00  -1.00   0.00   0.00   0.00   1.00   0.00   0.00   0.00   0.00   0.00   0.00   0.00
 mgso4(aq)      0.000   0.0       -2.382   0.00   0.00   0.00   0.00   0.00   1.00   0.00   1.00   0.00   0.00   0.00   0.00   0.00
 nacl(aq)       0.000   0.0        0.782   0.00   0.00   1.00   0.00   0.00   0.00   0.00   0.00   1.00   0.00   0.00   0.00   0.00
 naco3-         1.810  -1.0        9.816   0.00  -1.00   1.00   0.00   0.00   0.00   1.00   0.00   0.00   0.00   0.00   0.00   0.00
 nah3sio4(aq)   0.000   0.0        8.622   2.00  -1.00   1.00   0.00   0.00   0.00   0.00   0.00   0.00   1.00   0.00   0.00   0.00
 nahco3(aq)     0.000   0.0       -0.170   0.00   0.00   1.00   0.00   0.00   0.00   1.00   0.00   0.00   0.00   0.00   0.00   0.00
 nahsio3(aq)    0.000   0.0        8.298   1.00  -1.00   1.00   0.00   0.00   0.00   0.00   0.00   0.00   1.00   0.00   0.00   0.00
 naoh(aq)       0.000   0.0       14.154   1.00  -1.00   1.00   0.00   0.00   0.00   0.00   0.00   0.00   0.00   0.00   0.00   0.00
 naso4-         1.810  -1.0       -0.811   0.00   0.00   1.00   0.00   0.00   0.00   0.00   1.00   0.00   0.00   0.00   0.00   0.00
 s-2            3.000  -2.0      151.263   0.00   0.00   0.00   0.00   0.00   0.00   0.00   1.00   0.00   0.00   0.00   0.00  -2.00
 s2-2           3.000  -2.0      243.375  -1.00   2.00   0.00   0.00   0.00   0.00   0.00   2.00   0.00   0.00   0.00   0.00  -3.50
 s2o3-2         3.000  -2.0      133.548  -1.00   2.00   0.00   0.00   0.00   0.00   0.00   2.00   0.00   0.00   0.00   0.00  -2.00
 s2o4-2         3.000  -2.0      118.465  -1.00   2.00   0.00   0.00   0.00   0.00   0.00   2.00   0.00   0.00   0.00   0.00  -1.50
 s2o5-2         3.000  -2.0       83.663  -1.00   2.00   0.00   0.00   0.00   0.00   0.00   2.00   0.00   0.00   0.00   0.00  -1.00
 s2o6-2         3.000  -2.0       51.428  -1.00   2.00   0.00   0.00   0.00   0.00   0.00   2.00   0.00   0.00   0.00   0.00  -0.50
 s2o8-2         3.000  -2.0       22.507  -1.00   2.00   0.00   0.00   0.00   0.00   0.00   2.00   0.00   0.00   0.00   0.00   0.50
 s3-2           3.000  -2.0      335.576  -2.00   4.00   0.00   0.00   0.00   0.00   0.00   3.00   0.00   0.00   0.00   0.00  -5.00
 s3o6-2         3.000  -2.0      146.122  -2.00   4.00   0.00   0.00   0.00   0.00   0.00   3.00   0.00   0.00   0.00   0.00  -2.00
 s4-2           3.000  -2.0      427.997  -3.00   6.00   0.00   0.00   0.00   0.00   0.00   4.00   0.00   0.00   0.00   0.00  -6.50
 s4o6-2         3.000  -2.0      224.909  -3.00   6.00   0.00   0.00   0.00   0.00   0.00   4.00   0.00   0.00   0.00   0.00  -3.50
 s5-2           3.000  -2.0      520.638  -4.00   8.00   0.00   0.00   0.00   0.00   0.00   5.00   0.00   0.00   0.00   0.00  -8.00
 s5o6-2         3.000  -2.0      332.577  -4.00   8.00   0.00   0.00   0.00   0.00   0.00   5.00   0.00   0.00   0.00   0.00  -5.00
 so2(aq)      100.231   0.0       37.568  -1.00   2.00   0.00   0.00   0.00   0.00   0.00   1.00   0.00   0.00   0.00   0.00  -0.50

 Gas Reactions
  gases                     logK( 25.C)  h2o    h+     na+    k+     ca+2   mg+2   hco3-  so4-2  cl-    sio2(aqalo2-  fe+2   o2(aq) 
 co2(g)                        -7.810   -1.00   1.00   0.00   0.00   0.00   0.00   1.00   0.00   0.00   0.00   0.00   0.00   0.00

--------------------------------------------------------------------------------
INITIAL AND INJECTION WATER TYPES
 Initial Water Type =   1
 water temperature (C)=   15.000
 water pressure (bar) =    1.013
          icon        guess            ctot         fix   log(Q/K)
h2o             1     1.0000E+00     1.0000E+00  *                     0.000E+00
h+              1     1.0000E-07     1.0000E-07  *                     0.000E+00
na+             1     1.0000E-01     1.0000E-01  *                     0.000E+00
k+              1     1.0000E-10     1.0000E-10  *                     0.000E+00
ca+2            1     1.0000E-10     1.0000E-10  *                     0.000E+00
mg+2            1     1.0000E-10     1.0000E-10  *                     0.000E+00
hco3-           1     1.0000E-10     1.0000E-10  *                     0.000E+00
so4-2           1     1.0000E-10     1.0000E-10  *                     0.000E+00
cl-             1     1.0000E-01     1.0000E-01  *                     0.000E+00
sio2(aq)        1     1.0000E-10     1.0000E-10  *                     0.000E+00
alo2-           1     1.0000E-10     1.0000E-10  *                     0.000E+00
fe+2            1     1.0000E-10     1.0000E-10  *                     0.000E+00
o2(aq)          1     1.0000E-10     1.0000E-10  *                     0.000E+00

      Number of initial waters:      1
      Number of injection waters:   0


--------------------------------------------------------------------------------
INITIAL MINERAL ZONES

MINERAL ZONE=   1
# mineral         vol.frac.    equil/kinetic
*
# Sum of mineral volume fractions in zone:  0.00000E+00

     Total number of mineral zones:   1


--------------------------------------------------------------------------------
INITIAL AND INJECTION GAS ZONES

     Number of initial gas zones:   0


     Number of injection gas zones:   0


--------------------------------------------------------------------------------
INITIAL PERMEABILITY-POROSITY ZONES

     Total number of permeability zones=   0


--------------------------------------------------------------------------------
INITIAL SURFACE ADSORPTION ZONES

     Total number of adsorption zones=   0


--------------------------------------------------------------------------------
INITIAL LINEAR EQUILIBRIUM Kd ZONES

     Total number of Kd zones=   0


--------------------------------------------------------------------------------
INITIAL ZONES OF CATION EXCHANGE

     Total number of exchange zones=   0



  --> Finished reading chemical.inp file

