 
      ----------- TOUGHREACT V4.13omp  -------
                       EOS 14
           Lawrence Berkeley National Laboratory   
                    Jan 10, 2022
 
     ***** OpenMP Parallel Code Settings **** 
    *** maximum number of threads allotted  =  24
    *** maximum number of threads available =  24
 

---------------------------------------------------------------------------------------------------------------
 
 
     -- One or more of the following references are recommended to cite for publications including journal papers, 
                 conference papers, reports using the TOUGHREACT simulator -- 
 
 
     For general approaches and methods:
     -----------------------------------

          Xu, T., and K. Pruess, Modeling multiphase non-isothermal fluid flow and reactive geochemical transport 
     in variably saturated fractured rocks: 1. Methodology, American Journal Science, v.301, p.16-33, 2001.

          Xu, T., E.L. Sonnenthal, N. Spycher, and K. Pruess, TOUGHREACT - A simulation program for non-isothermal 
     multiphase reactive geochemical transport in variably saturated geologic media: Applications to geothermal 
     injectivity and CO2 geological sequestration, Computers & Geosciences, v.32,  p.145-165, 2006.

          Xu, T., N. Spycher, E.L. Sonnenthal, G. Zhang, L. Zheng, and K. Pruess, TOUGHREACT Version 2.0: 
     A simulator for subsurface reactive transport under non-isothermal multiphase flow conditions. 
     Computers & Geosciences, v.37,  p.763-774, 2011.
 

     For applications to CO2 geological sequestration:
     -------------------------------------------------

          Xu, T, J.A. Apps, and K. Pruess, Numerical simulation of CO2 disposal by mineral trapping in deep aquifers, 
     Applied Geochemistry, v.19, p.917-936, 2004.

          Xu, T, J. A. Apps, and K. Pruess, Mineral sequestration of carbon dioxide in a sandstone-shale system, 
     Chemical Geochemistry, v.217, p.295-318, 2005.

          Xu, T, J. A. Apps, K. Pruess and and H. YamamotoNumerical modeling of injection and mineral trapping of 
     CO2 with H2S and SO2 in a sandstone formation, Chemical Geochemistry, v.242, p.319-318, 2007.

          Aradttir, E.S.P., E.L. Sonnenthal, G. Bjrnsson,& H. Jnsson, Multidimensional reactive transport  modeling of CO2 mineral sequestration in basalts
     at the Hellisheidi geothermal field, Iceland, International Journal of Greenhouse Gas Control, v.9, p.24-40, 2012.
 

     For applications to nuclear waste geological disposal: 
     ------------------------------------------------------ 

          Spycher N.F., E.L. Sonnenthal, and J.A. Apps, Fluid flow and reactive transport around potential nuclear 
     waste emplacement tunnels at Yucca Mountain, Nevada, Journal of Contaminant Hydrology, v.62-63, p.653-673, 2003.

          Dobson, P.F., T.J. Kneafsey, E.L. Sonnenthal, N.F. Spycher, and J.A. Apps, Experimental and numerical  
     simulation of dissolution and precipitation:  Implications for fracture sealing at Yucca Mountain, Nevada, 
     Journal of Contaminant Hydrology. v.62-63, p.459-476, 2003. 

          Sonnenthal E., A. Ito, N. Spycher, M. Yui, J. Apps, Y. Sugita, M. Conrad, and S. Kawakami, Approaches to 
     modeling coupled thermal, hydrological, and chemical processes in the Drift Scale Heater Test at Yucca Mountain, 
     International Journal of Rock Mechanics and Mining Sciences, v.42, p.698-719, 2005.

          Mukhopadhyay S., E.L. Sonnenthal, and N. Spycher, Modeling coupled thermal-hydrological-chemical processes 
     in the unsaturated fractured rock of Yucca Mountain, Nevada: Heterogeneity and seepage, Physics and 
     Chemistry of the Earth, v.31, p.626-633, 2006.
 

     For applications to geothermal systems: 
     --------------------------------------- 

          Xu, T., Y. Ontoy, P. Molling, N. Spycher, M. Parini, and K. Pruess, Reactive transport modeling of injection 
     well scaling and acidizing at Tiwi Field, Philippines, Geothermics, v.33, p.477-491, 2004.

          Dobson, P.F., S. Salah, N. Spycher, and E.L. Sonnenthal, Simulation of water-rock interaction 
     in the  Yellowstone geothermal system using TOUGHREACT, Geothermics, v.33, p.493-502, 2004.
 

     For applications to vadose zone reactive transport: 
     --------------------------------------------------- 

          Xu T., E. Sonnenthal, and G.S. Bodvarsson, A reaction-transport model for calcite precipitation and evaluation  
     of infiltration fluxes in unsaturated fractured rock, Journal of Contaminant Hydrology, v.64, p.113-127, 2003.

          Singleton, M.J., E.L. Sonnenthal, M.E. Conrad, D.J, DePaolo, and G.W. Gee, Multiphase reactive transport 
     modeling of stable isotope fractionation in unsaturated zone pore water and vapor:  Application to seasonal 
     infiltration events at the Hanford Site, WA, Vadose Zone Journal, v.3, p.775-785, 2004. 

          Sonnenthal, E., T. Xu, and G. Bodvarsson, Reply to "Commentary: Assessment of past infiltration fluxes 
     through Yucca Mountain on the basis of the secondary mineral record - is it a viable methodology?" by 
     Y.V. Dublyansky and S.Z. Smirnov, Journal of Contaminant Hydrology, v.77, p.225-231, 2005.
 

     For applications to biogeochemistry: 
     --------------------------------------- 

          Xu, T., Incorporation of aqueous reaction kinetics and biodegradation into TOUGHREACT: Application 
     of a multi-region model to hydrobiogeochemical transport of denitrification and sulfate reduction,
     Vadose Zone Journal, February issue, p.305-315, 2008 
 
 
**************************************************************************************************************************
 
 
 
 

       @@@@@   @@   @  @   @@@  @  @   @@       @@@  @  @   @  @  @  @      @@   @@@@@  @   @@   @   @     @@@   @  @  @   @
         @    @  @  @  @  @     @  @  @  @     @     @  @@ @@  @  @  @     @  @    @    @  @  @  @@  @     @  @  @  @  @@  @
         @    @  @  @  @  @ @@  @@@@    @       @@   @  @ @ @  @  @  @     @@@@    @    @  @  @  @ @ @     @@@   @  @  @ @ @
         @    @  @  @  @  @  @  @  @   @          @  @  @   @  @  @  @     @  @    @    @  @  @  @  @@     @ @   @  @  @  @@
         @     @@    @@    @@@  @  @  @@@@     @@@   @  @   @   @@   @@@@  @  @    @    @   @@   @   @     @  @   @@   @   @


                    TOUGHREACT V4.13omp  IS A PROGRAM FOR NONISOTHERMAL MULTIPHASE MULTICOMPONENT REACTIVE TRANSPORT IN PERMEABLE 
                  MEDIA, DEVELOPED AT LAWRENCE BERKELEY NATIONAL LABORATORY.

                          ********************************************************************************
                          *******************                                         ********************
                          *******************   TOUGHREACT V4.13omp  Jan 10, 2022  ********************
                          *******************          T2CG2 Solver Package           ********************
                          *******************                                         ********************
                          ********************************************************************************

        Copyright 2017 by The Regents of the University of California (subject to approval by the U.S. Department of Energy).

 NOTICE: This software was developed under funding from the U.S. Department of Energy and the U.S. Government consequently retains
 certain rights as follows: the U.S. Government has been granted for itself and others acting on its behalf a paid-up, nonexclusive,
 irrevocable, worldwide license in the software to reproduce, prepare derivative works, and perform publicly and display publicly.
 Beginning five (5) years after the date permission to assert copyright is obtained from the U.S. Department of Energy, and subject
 to any subsequent five (5) year renewals, the U.S. Government is granted for itself and others acting on its behalf a paid-up,
 nonexclusive, irrevocable, worldwide license in the software to reproduce, prepare derivative works, distribute copies to the
 public, perform publicly and display publicly, and to permit others to do so.


 PARAMETERS FOR FLEXIBLE DIMENSIONING OF MAJOR ARRAYS (MAIN PROGRAM) ARE AS FOLLOWS

 MNEL = 400000   MNCON =1200000   MNEQ =  4   MNK =  3   MNPH =  3   MNB = 12   MNOGN = 2000   MGTAB =1400000
 ===================================================================================================================================

 MAXIMUM NUMBER OF VOLUME ELEMENTS (GRID BLOCKS):            MNEL  =   400000
 MAXIMUM NUMBER OF CONNECTIONS (INTERFACES):                 MNCON =  1200000
 MAXIMUM LENGTH OF PRIMARY VARIABLE ARRAYS:                  MPRIM =  1600000
 MAXIMUM NUMBER OF GENERATION ITEMS (SINKS/SOURCES):         MNOGN =     2000
 MAXIMUM NUMBER OF TABULAR (TIME-DEPENDENT) GENERATION DATA: MGTAB =  1400000
 LENGTH OF SECONDARY PARAMETER ARRAY:                        MSEC  =  94000000
 MAXIMUM NUMBER OF JACOBIAN MATRIX ELEMENTS:                 MNZ   =  44800000

 LARGE LINEAR EQUATION ARRAYS: LENGTH OF IRN IS              LIRN  =  44800000
                               LENGTH OF ICN AND CO IS       LICN  =  44800000

 ===================================================================================================================================

 array dimensioning is made according to the needs of the conjugate gradient solvers
 when using LUBAND, only a smaller-size problem can be accommodated
 restriction with MA28 is: {number of elements} + 2 * {number of connections} < {MNEL + 2* MNCON}/4

 ===================================================================================================================================


 SUMMARY OF DISK FILES

 FILE *VERS*  EXISTS --- OPEN AS AN OLD FILE
 FILE *MESH*  EXISTS --- OPEN AS AN OLD FILE
 FILE *INCON* EXISTS --- OPEN AS AN OLD FILE
 FILE *GENER* EXISTS --- OPEN AS AN OLD FILE
 FILE *FIXPT* EXISTS --- OPEN AS AN OLD FILE
 FILE *SAVE*  EXISTS --- OPEN AS AN OLD FILE
 FILE *LINEQ* EXISTS --- OPEN AS AN OLD FILE
 FILE *TABLE* EXISTS --- OPEN AS AN OLD FILE

 ===================================================================================================================================

     PROBLEM TITLE:  # 2-D radial flow problem for CO2 injection into a saline aquifer (Frio rock)   



 DOMAIN NO.  1     MATERIAL NAME -- SAND1
     
 WRITE FILE *GENER* FROM INPUT DATA

                       **************************************************************************************
                       *                                                                                    *
                       *     Comments in Input Data (have encountered   2 records with unknown keywords)    *
                       *                              (print up to 50 of them)                              *
                       *                                                                                    *
                       **************************************************************************************
                       *                                                                                    *
                       *       ..... IE(16) = 2 chooses CO2, = 3 is for methane.                            *
                       *  ----*----1 MOP: 123456789*123456789*1234 ---*----5----*----6----*----7----*----8  *
                       *                                                                                    *
                       **************************************************************************************

                        ************************************************************************************
                        *                       EVALUATE FLOATING POINT ARITHMETIC                         *
                        ************************************************************************************
                        *                                                                                  *
                        * FLOATING POINT PROCESSOR HAS APPROXIMATELY 15 SIGNIFICANT DIGITS                 *
                        *                                                                                  *
                        * DEFAULT VALUE OF INCREMENT FACTOR FOR NUMERICAL DERIVATIVES IS DFAC = 0.1490E-07 *
                        * DEFAULT VALUE FOR DFAC WILL BE USED                                              *
                        *                                                                                  *
                        ************************************************************************************

 
 all NCON =   2164 connections read from file *MESH* reference known elements, and have been initialized to the data arrays


 &&&&&&&&&&&&&&&&&&&&&&&&&&&&&&&&&&&&&&&&&&&&&&&&&&&&&&&&&&&&&&&&&&&&&&&&&&&&&&&&&&&&&&&&&&&&&&&&&&&&&&&&&&&&&&&&&&&&&&&&&&&&&&&&&&&
 &&&&&&&&&&&&&&&&&&&&&&&&&&&&&&&&&   Summary of capabilities for random permeability modification   &&&&&&&&&&&&&&&&&&&&&&&&&&&&&&&&
 &&&&&&&&&&&&&&&&&&&&&&&&&&&&&&&&&&&&&&&&&&&&&&&&&&&&&&&&&&&&&&&&&&&&&&&&&&&&&&&&&&&&&&&&&&&&&&&&&&&&&&&&&&&&&&&&&&&&&&&&&&&&&&&&&&&

 Modification of absolute permeability on a grid block-by-grid block basis will be made when a domain "SEED " is present in data
 block "ROCKS", as follows.
                                    k    --->    k' = k*m

 Here, k is the absolute permeability specified for the reservoir domain to which the grid block belongs. Parameter m is a
 "permeability modifier" which can be internally generated or externally prescribed by the user on a block-by-block basis.

 When permeability modification is in effect, the strength of capillary pressure will, following Leverett (1941), automatically be
 scaled as   Pcap ---> Pcap' = Pcap/SQRT(m).

 User-supplied permeability modifiers have to be entered as parameter "PMX" in columns 41-50 of an ELEMEnt record.
 Permeability modification options are selected through parameters in data block "ROCKS".

 &&&&&&&&&&&&&&&&&&&&&&&&&&&&&&&&&&&&&&&&&&&&&&&&&&&&&&&&&&&&&&&&&&&&&&&&&&&&&&&&&&&&&&&&&&&&&&&&&&&&&&&&&&&&&&&&&&&&&&&&&&&&&&&&&&&
 Summary of available permeability modification options
          (with s - random number between 0 and 1; PMX - user-supplied modifiers in data block "ELEME"):
      (1) externally supplied:        m = PMX - PER(2)
      (2) "linear"      (DROK.ne.0):  m = PER(1) * s - PER(2)
      (3) "logarithmic" (DROK.eq.0):  m = exp(- PER(1) * s) - PER(2)
 &&&&&&&&&&&&&&&&&&&&&&&&&&&&&&&&&&&&&&&&&&&&&&&&&&&&&&&&&&&&&&&&&&&&&&&&&&&&&&&&&&&&&&&&&&&&&&&&&&&&&&&&&&&&&&&&&&&&&&&&&&&&&&&&&&&

            &&&& if a domain "SEED " is present, permeability modification will be made
            &&&& if no domain "SEED " is present, no permeability modification will be made
 >>>>>>>>>>>>>>>>>>>>>>>>>>>>>>>>>>>>>>>>>>>>>>>>>>>>>>>>>>>>>>>>>><<<<<<<<<<<<<<<<<<<<<<<<<<<<<<<<<<<<<<<<<<<<<<<<<<<<<<<<<<<<<<<<<
 >>>>>>>>>>>>>>>>>>>>>>>>>>>  domain = "SEED " is not present, no permeability modification will be made  <<<<<<<<<<<<<<<<<<<<<<<<<<
 >>>>>>>>>>>>>>>>>>>>>>>>>>>>>>>>>>>>>>>>>>>>>>>>>>>>>>>>>>>>>>>>>><<<<<<<<<<<<<<<<<<<<<<<<<<<<<<<<<<<<<<<<<<<<<<<<<<<<<<<<<<<<<<<<<

 Data provided in domain "SEED " are used to select the following options.

 DROK   = *** random number seed for internal generation of "linear" permeability modifiers.
        = 0: (default) no internal generation of "linear" permeability modifiers.
        > 0: perform "linear" permeability modification; random modifiers are generated internally with DROK as seed.

 POR    = *** random number seed for internal generation of "logarithmic" permeability modifiers,
        = 0: (default) no internal generation of "logarithmic" permeability modifiers.
        > 0: perform "logarithmic" permeability modification; random modifiers are generated internally with POR as seed.

            &&&&&&&&&&&&&&&&&&&&&&&&&&&&&&&&&&&&&&&&&&&&&&&&&&&&&&&&&&&&&&&&&&&&&&&&&&&&&&&&&&&&&&&&&&&&&&&&&&&&&&&&&&&&&&&&&&&&&&&&
            &&&&& note: if both DROK and POR are specified as non-zero, DROK takes precedence                                  &&&&&
            &&&&&       if both DROK and POR are zero, permeability modifiers as supplied through "ELEME" data will be used    &&&&&
            &&&&&&&&&&&&&&&&&&&&&&&&&&&&&&&&&&&&&&&&&&&&&&&&&&&&&&&&&&&&&&&&&&&&&&&&&&&&&&&&&&&&&&&&&&&&&&&&&&&&&&&&&&&&&&&&&&&&&&&&

 PER(1) = *** scale factor (optional) for internally generated  permeability modifiers.
        = 0: (defaults to PER(1) = 1): permeability modifiers are generated as random numbers in the interval (0, 1).
        > 0: permeability modifiers are generated as random numbers in the interval (0, PER(1)).

 PER(2) = *** shift (optional) for internal or external permeability modifiers.
        = 0: (default) no shift is applied to permeability modifiers.
        > 0: permeability modifiers are shifted according to m' = m - PER(2). All m' < 0 are set equal to zero.


 MESH HAS   1120 ELEMENTS (   1120 ACTIVE) AND   2164 CONNECTIONS (INTERFACES) BETWEEN THEM
 GENER HAS     4 SINKS/SOURCES

**********************************************************************************************************************************
*                                                                                                                                *
*                           M A T R I X   S O L V E R   A N D   R E L E V A N T   I N F O R M A T I O N                          *
*                                                                                                                                *
**********************************************************************************************************************************

    The solver is determined from the SOLVR data block - MOP(21) IS OVERRIDEN !!!


    The solution method indicator MATSLV =  5
         MATSLV = 1: SUBROUTINE DSLUCS (DEFAULT)  - Direct solver using LU decomposition 
         MATSLV = 2: SUBROUTINE DSLUBC - BI-CONJUGATE GRADIENT SOLVER
                                         Incomplete LU factorization preconditioning
         MATSLV = 3: SUBROUTINE DSLUCS (DEFAULT) - Lanczos-type Conjugate Gradient Squared solver 
                                                   Incomplete LU factorization preconditioning
         MATSLV = 4: SUBROUTINE DSLUGM - Generalized Minimum Residual Conjugate Gradient solver
                                         Incomplete LU factorization preconditioning
         MATSLV = 5: SUBROUTINE DLUSTB - STABILIZED BI-CONJUGATE GRADIENT SOLVER 
                                         Incomplete LU factorization preconditioning
         MATSLV = 6: SUBROUTINE LUBAND - Direct solver using LU decomposition 

    RITMAX: Maximum # of CG iterations as fraction of the total number of equations           =  8.00000E-01
         (0.0 < RITMAX <= 1.0,   Default = 0.1)
    CLOSUR: Convergence criterion for the CG iterations                                       =  1.00000E-07
         (1.0e-12 <= CLOSUR <= 1.0e-6,  Default = 1.0e-6)
    NMAXIT: Maximum # of CG iterations - not to exceed the total number of equations NELA*NEQ =  2688
         (20 < NMAXIT <= NREDM)


    The matrix Z-preprocessing system is ZPROCS = Z1

         ZPROCS = Z0: No Z-preprocessing; default for NEQ = 1 and for MATSLV = 6
         ZPROCS = Z1: Replacement of zeros on the main-diagonal by a small number; 
                       default for NEQ > 1 and for 0 < MATSLV < 6
         ZPROCS = Z2: Linear combination of equations in each element to produce non-zero main diagonal entries
         ZPROCS = Z3: Normalization of equations, followed by Z2
         ZPROCS = Z4: Same as in OPROCS = O4


    The matrix O-preprocessing system is OPROCS = O0

         OPROCS = O0: No O-preprocessing; default for NEQ = 1 and for MATSLV = 6
         OPROCS = O1: Elimination of lower half of the main-diagonal submatrix with center pivoting
         OPROCS = O2: O1+Elimination of upper half of the main-diagonal submatrix with center pivoting
         OPROCS = O3: O2+Normalization - Results in unit main-diagonal submatrices 
         OPROCS = O4: pre-processing which results in unit main-diagonal submatrices without center pivoting



 END OF TOUGH2 INPUT JOB --- ELAPSED TIME =   0.0067 SECONDS


 ***********************************************************************************************************************************
 *          ARRAY *MOP* ALLOWS TO GENERATE MORE PRINTOUT IN VARIOUS SUBROUTINES, AND TO MAKE SOME CALCULATIONAL CHOICES.           *
 ***********************************************************************************************************************************

   MOP(1)  = 0 *** ALLOWS TO GENERATE A SHORT PRINTOUT FOR EACH NEWTON-RAPHSON ITERATION
           = 0, 1, OR 2: GENERATE 0, 1, OR 2 LINES OF PRINTOUT

            MORE PRINTOUT IS GENERATED FOR MOP(I) > 0 IN THE FOLLOWING SUBROUTINES (THE LARGER MOP IS, THE MORE WILL BE PRINTED).

   MOP(2)  = 0 *** CYCIT       MOP(3) = 0 *** MULTI       MOP(4) = 0 *** QU       MOP(5) = 0 *** EOS       MOP(6) = 0 *** LINEQ    
   MOP(8)  = 0 *** DISF (T2DM ONLY)

   MOP(7)  = 0 *** IF UNEQUAL ZERO, WILL GENERATE A PRINTOUT OF INPUT DATA

            CALCULATIONAL CHOICES OFFERED BY MOP ARE AS FOLLOWS:

   MOP(9)  = 0 *** CHOOSES FLUID COMPOSITION ON WITHDRAWAL (PRODUCTION).
           = 0: ACCORDING TO RELATIVE MOBILITIES.
           = 1: ACCORDING TO COMPOSITION IN PRODUCING ELEMENT.

   MOP(10) = 0 *** CHOOSES INTERPOLATION FORMULA FOR DEPENDENCE OF THERMAL CONDUCTIVITY ON LIQUID SATURATION (SL).
           = 0: K = KDRY + SQRT(SL)*(KWET-KDRY)
           = 1: K = KDRY + SL*(KWET-KDRY)

   MOP(11) = 0 *** CHOOSES EVALUATION OF MOBILITY AND ABSOLUTE PERMEABILITY AT INTERFACES.
           = 0: MOBILITIES ARE UPSTREAM WEIGHTED WITH WUP. (DEFAULT IS WUP = 1.0). PERMEABILITY IS UPSTREAM WEIGHTED.
           = 1: MOBILITIES ARE AVERAGED BETWEEN ADJACENT ELEMENTS. PERMEABILITY IS UPSTREAM WEIGHTED.
           = 2: MOBILITIES ARE UPSTREAM WEIGHTED WITH WUP. (DEFAULT IS WUP = 1.0). PERMEABILITY IS HARMONIC WEIGHTED.
           = 3: MOBILITIES ARE AVERAGED BETWEEN ADJACENT ELEMENTS. PERMEABILITY IS HARMONIC WEIGHTED.
           = 4: MOBILITY * PERMEABILITY PRODUCT IS HARMONIC WEIGHTED.

   MOP(12) = 1 *** CHOOSES PROCEDURE FOR INTERPOLATING GENERATION RATES FROM A TIME TABLE.
           = 0: TRIPLE LINEAR INTERPOLATION.
           = 1: "STEP FUNCTION" OPTION.
           = 2: "RIGOROUS STEP FUNCTION" OPTION.

   MOP(13) = 0 *** T2DM ONLY.  SPECIFIES ASSIGNMENT OF COMPONENTS OF BOUNDARY VELOCITY AND CONCENTRATION GRADIENT VECTORS.
                   AFFECTS ONLY THE INTERPOLATED  COMPONENTS.  DIRECT COMPONENTS ARE USED WHERE AVAILABLE.
           = 0: VELOCITY AND GRADIENT AT BOUNDARY ARE ZERO.
           = 1: VELOCITY IS ZERO; GRADIENT AT BOUNDARY IS NEAREST-NEIGHBOR.
           = 2: VELOCITY IS NEAREST NEIGHBOR; GRADIENT AT BOUNDARY IS ZERO.
           = 3: VELOCITY AND GRADIENT AT BOUNDARY ARE NEAREST-NEIGHBOR.

   MOP(14) = 0 *** SPECIFIES USE OF TEMPERATURE-DEPENDENT ROCK HEAT CAPACITY AND THERMAL CONDUCTIVITY
           = 0: DO NOT USE TEMPERATURE-DEPENDENT ROCK HEAT CAPACITY AND THERMAL CONDUCTIVITY.
           = 1: CALCULATE T-DEPENDENT HEAT CAPACITY.
           = 2: CALCULATE T-DEPENDENT THERMAL CONDUCTIVITY
           = 3: CALCULATE BOTH T-DEPENDENT Cp & k

   MOP(15) = 0 *** ALLOWS TO SELECT A SEMI-ANALYTICAL HEAT EXCHANGE CALCULATION WITH CONFINING BEDS.
           = 0: NO SEMI-ANALYTICAL HEAT EXCHANGE
           > 0: SEMI-ANALYTICAL HEAT EXCHANGE ENGAGED (WHEN A SPECIAL SUBROUTINE MODULE *QLOSS* IS PRESENT)

   MOP(16) = 4 *** PERMITS TO CHOOSE TIME STEP SELECTION OPTION
           = 0: USE TIME STEPS EXPLICITLY PROVIDED AS INPUT.
           > 0: INCREASE TIME STEP BY AT LEAST A FACTOR 2, IF CONVERGENCE OCCURS IN .LE. MOP(16) ITERATIONS.

   MOP(17) = 0 *** Wellbore Permeability Model
           = 0: Wellbore Permeability Model Off
           = 1: Wellbore Perm Model On (ISOX=5): Mean Wt
           = 2: Wellbore Perm Model On (ISOX=5): Geom Mean Wt

   MOP(18) = 0 *** ALLOWS TO SELECT HANDLING OF INTERFACE DENSITY.
           = 0: PERFORM UPSTREAM WEIGHTING FOR INTERFACE DENSITY.
           > 0: COMPUTE INTERFACE DENSITY AS AVERAGE OF THE TWO GRID BLOCK DENSITIES.
                HOWEVER, WHEN ONE OF THE TWO PHASE SATURATIONS IS ZERO, DO UPSTREAM WEIGHTING.

   MOP(19) = 0 *** is used in some EOS-modules for selecting different options

   MOP(20) = 0 *** is used in some EOS-modules for selecting different options

   MOP(21) = 5 *** PERMITS TO SELECT LINEAR EQUATION SOLVER
           = 0: DEFAULTS TO MOP(21) = 3
           = 1: DEFAULTS TO MOP(21) = 3
           = 2: SUBROUTINE DSLUBC: BI-CONJUGATE GRADIENT SOLVER; PRECONDITIONER: INCOMPLETE LU FACTORIZATION
           = 3: SUBROUTINE DSLUCS: BI-CONJUGATE GRADIENT SOLVER - LANCZOS TYPE; PRECONDITIONER: INCOMPLETE LU FACTORIZATION
           = 4: SUBROUTINE DSLUGM: GENERALIZED MINIMUM RESIDUAL CONJUGATE GRADIENTS; PRECONDITIONER: INCOMPLETE LU FACTORIZATION
           = 5: SUBROUTINE DLUSTB: Stabilized bi-conjugate gradient solver; PRECONDITIONER: INCOMPLETE LU FACTORIZATION
           = 6: SUBROUTINE LUBAND: Direct solver using LU decomposition


   MOP(22) = 0 *** T2DM ONLY.  SPECIFIES METHOD OF SUMMATION OF DUPLICATE ELEMENTS IN THE JACOBIAN. ***
           = 0: USE SUMDUP2.
           = 1: USE SUMDUP.
           = 2:                                        

   MOP(23) = 0 *** T2DM ONLY.  HANDLES EFFECTS OF NON-CONNECTED NEIGHBOR GRID BLOCKS ON DISPERSIVE FLUX IN  DISF. ***
           = 0: INCLUDE INFLUENCE OF NEIGHBOR GRID BLOCKS.  (MORE ACCURATE JACOBIAN, SLOWER LINEAR EQUATION SOLUTION).
           = 1: NEGLECT INFLUENCE OF NEIGHBOR GRID BLOCKS.  (LESS ACCURATE JACOBIAN, FASTER LINEAR EQUATION SOLUTION).


   MOP(24) = 0 *** PERMITS TO SELECT HANDLING OF MULTIPHASE DIFFUSIVE FLUXES AT INTERFACES
           = 0: HARMONIC WEIGHTING OF FULLY-COUPLED EFFECTIVE MULTIPHASE DIFFUSIVITY
           = 1: SEPARATE HARMONIC WEIGHTING OF GAS AND LIQUID PHASE DIFFUSIVITIES.

 ***********************************************************************************************************************************
 FILE *CO2TAB*  EXISTS --- OPEN AS AN OLD FILE
                               *************************************************
                               *     CO2 PROPERTIES READ FROM FILE CO2TAB      *
                               *         NPK=127;  NTK= 51                     *
                               *  P(1) =  1.00000E+05;  P(127) =  6.00000E+07  *
                               *  T(1) =  3.04000E+00;  T( 51) =  1.03040E+02  *
                               *************************************************

 ***********************************************************************************************************************************
 *                                ECO2: EQUATION OF STATE FOR MIXTURES OF WATER/SODIUM CHLORIDE/CO2                                *
 ***********************************************************************************************************************************

    OPTIONS SELECTED ARE: (NK,NEQ,NPH,NB) = (3,3,3, 6)

                          NK  =  3   - NUMBER OF FLUID COMPONENTS
                          NEQ =  3   - NUMBER OF EQUATIONS PER GRID BLOCK
                          NPH =  3   - NUMBER OF PHASES THAT CAN BE PRESENT
                          NB  =  6   - NUMBER OF SECONDARY PARAMETERS (OTHER THAN COMPONENT MASS FRACTIONS)

                   FOR NB = 6, DIFFUSION IS "OFF", FOR NB = 8, DIFFUSION IS "ON"


    AVAILABLE OPTIONS: (NK,NEQ,NPH,NB)=(3,4,3,6 OR 8) -WATER, NACL, CO2; NON-ISOTHERMAL;      VAR. (P, XS OR SS+10, X3 OR SG+10, T)
                                       (3,3,3,6 OR 8) -WATER, NACL, CO2; ISOTHERMAL;          VAR. (P, XS OR SS+10, X3 OR SG+10, T)

    DEFAULT OPTIONS ARE (3,4,3,6) - NON-ISOTHERMAL, DIFFUSION "OFF"

 ***********************************************************************************************************************************


 THE PRIMARY VARIABLES ARE
  P   - PRESSURE
  XSM - SALT MASS FRACTION IN TWO-COMPONENT H2O-NaCl (XS)  OR SOLID SATURATION  (SS+10.)
  X3  - CO2 MASS FRACTION  OR  SG+10. - GAS PHASE SATURATION + 10.
  T   - TEMPERATURE

 ******************************                                        *********************************************************
 *         COMPONENTS         *                                        *   FLUID PHASE CONDITION        PRIMARY VARIABLES      *
 ******************************                                        *********************************************************
 *                            *                                        *                                                       *
 *       # 1  -  WATER        *                                        *   SINGLE-PHASE GAS           P,     XSM,      X3,   T *
 *                            *                                        *                                                       *
 *       # 2  -  NACL         *                                        *   SINGLE-PHASE AQUEOUS       P,     XSM,      X3,   T *
 *                            *                                        *                                                       *
 *       # 3  -  CO2          *                                        *   TWO-PHASE                  P,     XSM,  SG+10.,   T *
 *                            *                                        *                                                       *
 *       # 4  -  HEAT         *                                        *********************************************************
 *                            *
 ******************************

 ***********************************************************************************************************************************
 *                           ARRAY *IE*  ALLOWS TO MAKE CHOICES AMONG DIFFERENT EOS OPTIONS                                        *
 ***********************************************************************************************************************************

    IE(1)  = 1: *** NUMBER OF ADDITIONAL RECORDS READ IN DATA BLOCK SELEC.

    IE(11) = 0: *** ALLOWS CHOICE OF DEPENDENCE OF PERMEABILITY ON ACTIVE FLOW POROSITY.
           = 0: PERMEABILITY DOES NOT VARY WITH FLOW POROSITY.
           = 1: PERMEABILITY VARIES AS PHIF**FE(1).
           = 2: SERIES FRACTURE MODEL.
           = 3: SERIES TUBE MODEL.

    IE(12) = 0: *** ALLOWS CHOICE OF MODEL FOR WATER SOLUBILITY IN CO2.
           = 0: AFTER SPYCHER AND PRUESS (2005).
           = 1: EVAPORATION MODEL (WATER DENSITY IN GAS BASED ON DENSITY OF VAPOR IN EQUILIBRIUM WITH BRINE).

    IE(13) = 0: *** Allows choice of dependence of brine density on dissolved CO2.
           = 0: brine density varies with dissolved CO2, according to the correlation for CO2 molar volume in solution
                from J. Garcia (LBNL-49023).
           = 1: brine density is independent of CO2 concentration.

    IE(14) = 0: *** ALLOWS CHOICE OF TREATMENT OF THERMOPHYSICAL PROPERTIES DEPENDENCE ON SALT CONTENT.
           = 0: FULL DEPENDENCE (DEFAULT).
           = 1 or larger: SUPPRESS ALL PROPERTY DEPENDENCE ON SALINITY, EXCEPT FOR SALT SOLUBILITY AND BRINE ENTHALPY.
               (i.e., suppress salinity effects on brine density, viscosity, and enthalpy, and on heat of CO2 dissolution)

    IE(15) = 0: *** ALLOWS CHOICE OF CORRELATION FOR  BRINE ENTHALPY.
           = 0: Lorenz et al. (2000).
           = 1: MICHAELIDES (1981).
           = 2: MILLER (1978).

    IE(16) = 1: *** allows choice of mutual solubility model for low temperature.
           = 0: Default
           = 1: Exactly the same as implemented in ECO2N
           = 2: Density and enthalpy using S&P2010/2011 EOS


 ***********************************************************************************************************************************


 ********** VOLUME- AND MASS-BALANCES *********************************************************************************************

 ********** [KCYC,ITER] = [      0,  0] *****                                THE TIME IS  0.00000E+00 SECONDS, OR  0.00000E+00 DAYS


 Balances for entire system

                          PHASES PRESENT                                        COMPONENT MASS IN PLACE (kg)
 ********************************************************* ************************************************************************
 PHASES     *      GAS          AQUEOUS        SOLID       COMPONENTS *     WATER          SALT             CO2           HEAT
 ********************************************************* ************************************************************************
            *                                              PHASES     *
 VOL. (m^3) *  0.0000000E+00  2.9709200E+31  0.0000000E+00 GAS PHASE  *  0.0000000E+00  0.0000000E+00  0.0000000E+00  0.0000000E+00
 MASS (kg)  *  0.0000000E+00  3.0413324E+34  0.0000000E+00 AQUEOUS    *  2.8588525E+34  1.8247995E+33  3.0413324E+22  8.7060497E+39
 ********************************************************* SOLID SALT *  0.0000000E+00  0.0000000E+00  0.0000000E+00  0.0000000E+00
                                                           ROCK       *  0.0000000E+00  0.0000000E+00  0.0000000E+00  1.0346142E+40
                                                           TOTAL      *  2.8588525E+34  1.8247995E+33  3.0413324E+22  1.9052191E+40
                                                           ************************************************************************

 **********************************************************************************************************************************


 ************************************************************************************************************************
 Optional CO2 Thermal Conductivity: Invoked by linking thcondsubs.f90
   IE(10) = 0: Controls calculation of  CO2 thermal conductivity
          = 0: Do nothing, use CWET and CDRY from ROCKS block
          = 1: Calculate CON1 and CON2 from rock, brine, and CO2 thermal conductivities, using
               CWET for rock thermal conductivity, RKS 
               CDRY for pore shape factor, ALPHA
           =2: Calculate CON1 and CON2 using CWET from ROCKS block and a scaled CDRY that depends on CO2 density, using
               CDRY for gas-like CO2 
               FE(11), FE(12),..., FE(11+NM-1) for liquid-like CO2 

 ************************************************************************************************************************

          # 2-D radial flow problem for CO2 injection into a saline aquifer (Frio rock)   

                                                                                KCYC =    1  -  ITER =    3  -  TIME = 1.00000E+00
 ELEMENT SOURCE INDEX      GENERATION RATE     ENTHALPY     FF(NaCl)     FF(CO2)      FF(GAS)      FF(aq.)       P(WB)
                             (kg/s) OR (W)      (J/kg)                                                           (Pa)

  AH  1   inj 1         1      5.00000E+00    5.38000E+04  0.00000E+00  1.00000E+00
  AI  1   inj 2         2      5.00000E+00    5.38000E+04  0.00000E+00  1.00000E+00
  AJ  1   inj 3         3      5.00000E+00    5.38000E+04  0.00000E+00  1.00000E+00
  AK  1   inj 4         4      5.00000E+00    5.38000E+04  0.00000E+00  1.00000E+00

 WRITE FILE *SAVE* AFTER    100 TIME STEPS  ---  THE TIME IS 8.987990E+05 SECONDS

 +++++++++   CANNOT FIND PARAMETERS AT ELEMENT *A1  1*          XX(M) =  0.00000E+00  1.21786-314  1.21787-314  1.21788-314

 WRITE FILE *SAVE* AFTER    200 TIME STEPS  ---  THE TIME IS 7.476975E+06 SECONDS

 +++++++++   CANNOT FIND PARAMETERS AT ELEMENT *A1  1*          XX(M) =  0.00000E+00  1.21786-314  1.21787-314  1.21788-314
 +++++++++   CANNOT FIND PARAMETERS AT ELEMENT *A1  1*          XX(M) =  0.00000E+00  1.21786-314  1.21787-314  1.21788-314
 +++++++++   CANNOT FIND PARAMETERS AT ELEMENT *A1  1*          XX(M) =  0.00000E+00  1.21786-314  1.21787-314  1.21788-314

 ********** VOLUME- AND MASS-BALANCES *********************************************************************************************

 ********** [KCYC,ITER] = [    292,  7] *****                                THE TIME IS  3.15569E+07 SECONDS, OR  3.65242E+02 DAYS


 Balances for entire system

                          PHASES PRESENT                                        COMPONENT MASS IN PLACE (kg)
 ********************************************************* ************************************************************************
 PHASES     *      GAS          AQUEOUS        SOLID       COMPONENTS *     WATER          SALT             CO2           HEAT
 ********************************************************* ************************************************************************
            *                                              PHASES     *
 VOL. (m^3) *  8.3696385E+05  2.9709200E+31  7.3787701E+01 GAS PHASE  *  2.4617037E+06  0.0000000E+00  5.2261856E+08  3.3264693E+14
 MASS (kg)  *  5.2508026E+08  3.0413324E+34  1.5844752E+05 AQUEOUS    *  2.8588525E+34  1.8247995E+33  3.0413324E+22  8.7060497E+39
 ********************************************************* SOLID SALT *  0.0000000E+00  1.5844752E+05  0.0000000E+00  8.8737009E+09
                                                           ROCK       *  0.0000000E+00  0.0000000E+00  0.0000000E+00  1.0346142E+40
                                                           TOTAL      *  2.8588525E+34  1.8247995E+33  3.0413324E+22  1.9052191E+40
                                                           ************************************************************************

 **********************************************************************************************************************************


          # 2-D radial flow problem for CO2 injection into a saline aquifer (Frio rock)   

                                                                                KCYC =  292  -  ITER =    7  -  TIME = 3.15569E+07
 ELEMENT SOURCE INDEX      GENERATION RATE     ENTHALPY     FF(NaCl)     FF(CO2)      FF(GAS)      FF(aq.)       P(WB)
                             (kg/s) OR (W)      (J/kg)                                                           (Pa)

  AH  1   inj 1         1      5.00000E+00    5.38000E+04  0.00000E+00  1.00000E+00
  AI  1   inj 2         2      5.00000E+00    5.38000E+04  0.00000E+00  1.00000E+00
  AJ  1   inj 3         3      5.00000E+00    5.38000E+04  0.00000E+00  1.00000E+00
  AK  1   inj 4         4      5.00000E+00    5.38000E+04  0.00000E+00  1.00000E+00

 WRITE FILE *SAVE* AFTER    300 TIME STEPS  ---  THE TIME IS 3.495631E+07 SECONDS


 WRITE FILE *SAVE* AFTER    400 TIME STEPS  ---  THE TIME IS 7.513231E+07 SECONDS


 WRITE FILE *SAVE* AFTER    500 TIME STEPS  ---  THE TIME IS 1.177923E+08 SECONDS


 WRITE FILE *SAVE* AFTER    600 TIME STEPS  ---  THE TIME IS 1.609923E+08 SECONDS


 WRITE FILE *SAVE* AFTER    700 TIME STEPS  ---  THE TIME IS 2.041923E+08 SECONDS


 WRITE FILE *SAVE* AFTER    800 TIME STEPS  ---  THE TIME IS 2.468523E+08 SECONDS


 WRITE FILE *SAVE* AFTER    900 TIME STEPS  ---  THE TIME IS 2.900523E+08 SECONDS


 ********** VOLUME- AND MASS-BALANCES *********************************************************************************************

 ********** [KCYC,ITER] = [    962,  3] *****                                THE TIME IS  3.15569E+08 SECONDS, OR  3.65242E+03 DAYS


 Balances for entire system

                          PHASES PRESENT                                        COMPONENT MASS IN PLACE (kg)
 ********************************************************* ************************************************************************
 PHASES     *      GAS          AQUEOUS        SOLID       COMPONENTS *     WATER          SALT             CO2           HEAT
 ********************************************************* ************************************************************************
            *                                              PHASES     *
 VOL. (m^3) *  8.5909525E+06  2.9709200E+31  8.1076727E+02 GAS PHASE  *  2.5295863E+07  0.0000000E+00  5.3583520E+09  3.4114186E+15
 MASS (kg)  *  5.3836478E+09  3.0413324E+34  1.7409914E+06 AQUEOUS    *  2.8588525E+34  1.8247995E+33  3.0413324E+22  8.7060497E+39
 ********************************************************* SOLID SALT *  0.0000000E+00  1.7409914E+06  0.0000000E+00  9.7552472E+10
                                                           ROCK       *  0.0000000E+00  0.0000000E+00  0.0000000E+00  1.0346142E+40
                                                           TOTAL      *  2.8588525E+34  1.8247995E+33  3.0413324E+22  1.9052191E+40
                                                           ************************************************************************

 **********************************************************************************************************************************


          # 2-D radial flow problem for CO2 injection into a saline aquifer (Frio rock)   

                                                                                KCYC =  962  -  ITER =    3  -  TIME = 3.15569E+08
 ELEMENT SOURCE INDEX      GENERATION RATE     ENTHALPY     FF(NaCl)     FF(CO2)      FF(GAS)      FF(aq.)       P(WB)
                             (kg/s) OR (W)      (J/kg)                                                           (Pa)

  AH  1   inj 1         1      2.50000E+00    5.38000E+04  0.00000E+00  1.00000E+00
  AI  1   inj 2         2      2.50000E+00    5.38000E+04  0.00000E+00  1.00000E+00
  AJ  1   inj 3         3      2.50000E+00    5.38000E+04  0.00000E+00  1.00000E+00
  AK  1   inj 4         4      2.50000E+00    5.38000E+04  0.00000E+00  1.00000E+00

 WRITE FILE *SAVE* AFTER    962 TIME STEPS  ---  THE TIME IS 3.155690E+08 SECONDS


 ***********************************************************************************************************************************
 *                                                                                                                        *
 *                                                 SUMMARY OF PROGRAM UNITS USED                                                   *
 *                                                                                                                        *
 ***********************************************************************************************************************************

       UNIT    VERSION     DATE                 COMMENTS
 ___________________________________________________________________________________________________________________________________

      IO       1.0      15 APRIL     1991      OPEN FILES *VERS*, *MESH*, *INCON*, *GENER*, *SAVE*, *LINEQ*, AND *TABLE*          
      TOUGHREACT V4.13omp  Jan 10, 2022       MAIN PROGRAM                                                                        
      INPUT    1.60      12 Apr       2016      READ ALL DATA PROVIDED THROUGH FILE *INPUT*                                       
      FLOP     2.0      12 FEB       2012      CALCULATE NUMBER OF SIGNIFICANT DIGITS FOR FLOATING POINT ARITHMETIC               
      RFILE    1.8      30 Nov       2015      INITIALIZE DATA FROM FILES *MESH* OR *MINC*, *GENER*, AND *INCON*                  
                                               also initializes permeability modifiers and coordinate arrays                      
                                               and optionally reads tables with flowing wellbore pressures                        
      PMIN     1.0      26 September 1997      initialize block-by-block permeability modifiers                                   
      SIN      1.00      1 October   1999      initialize parameters for the solver package, and generate informative printout    
      CYCIT    2.3     15 December  2015      EXECUTIVE ROUTINE FOR MARCHING IN TIME                                              
                                                                                                                                  
      EOS      1.0      27 February  2014      *ECO2H* THERMOPHYSICAL PROPERTIES MODULE FOR H2O/NACL/CO2                          
                                               using H2O-CO2 phase partitioning according to Spycher and Pruess, TiPM 2010 (high T
      HALITE   1.0      25 FEBRUARY  1993      EQUILIBRIUM HALITE SOLUBILITY                                                      
                                                                                                                                  
      PVTCX    1.1      08 October       2013      H2O-CO2 phase partitioning for brines (Nic Spycher, LBNL)                      
                                               output mass fractions (K.P.)                                                       
                                                                                                                                  
      FUGA     1.1      08 October       2013      calculate H2O-CO2 fugacity coefficients (Nic Spycher, LBNL)                    
      NCG      1.1x     27 August    2014      SPECIFIC ENTHALPY, DENSITY, AND VISCOSITY OF GASEOUS CO2(matching NIST,LP)         
                                                                                                                                  
      YH2O     1.0       8 August    2005      calculate H2O and CO2 mol fractions (Nic Spycher, LBNL)                            
                                                                                                                                  
      CALC_GAM 1.0      16 February  2005      calculate CO2 activity coefficient (Nic Spycher, LBNL)                             
      DHAL     1.0      11 MARCH     1996      HALITE DENSITY AS FUNCTION OF T AND P                                              
      SAT      1.0 S    17 SEPTEMBER 1990      STEAM TABLE EQUATION: SATURATION PRESSURE AS FUNCTION OF TEMPERATURE (M. OS.)      
      SATB     1.0      26 MARCH     1992      VAPOR PRESSURE OF BRINE AS FUNCTION OF T, P AND SALT MASS FRACTION                 
      COBRI    1.0       2 February  2014      DENSITY AND ENTHALPY OF LIQUID BRINE AS FUNCTION OF T, P AND SALT MASS FRACTION    
                                               choose brine enthalpy correlation by IE(15); default is Lorenz et al. (2000)       
      COWAT    1.0 S    17 SEPTEMBER 1990      LIQUID WATER DENSITY AND INT. ENERGY VERSUS TEMPERATURE AND PRESSURE (M. OS.)      
      TCRIT    1.0       5 November  1999      CRITICAL T OF NACL SOLUTIONS AS A FUNCTION OF SALINITY                             
      BRINEN   1.0       5 October   2000      DEVIATION OF BRINE ENTHALPY vs. T AND SALT MASS FRACTION after Lorenz et al.       
      MOVO     1.0      25 March     2005      molar volume of dissolved CO2 after J. Garcia, LBNL-49023                          
      VISB     1.1       2 June      2005      VISCOSITY OF BRINE AS FUNCTION OF T, P AND SALT MASS FRACTION                      
      VISH2O   1.0      22 MARCH     1996      VISCOSITY OF LIQUID WATER OR VAPOR AS FUNCTION OF TEMPERATURE, PRESSURE AND DENSITY
      SOLUT    1.2       2 June      2005      HEAT OF SOLUTION OF CO2 AS FUNCTION OF T AND SALT MASS FRACTION                    
      PCAP     1.1      14 April     2009      CAPILLARY PRESSURE AS FUNCTION OF SATURATION                                       
      AKREL    1.0      30 MAY       1993      PERMEABILITY REDUCTION FACTOR AS FUNCTION OF POROSITY REDUCTION                    
      HHAL     1.0       5 November  1999      HALITE SPECIFIC ENTHALPY AS FUNCTION OF T                                          
                                                                                                                                  
      BALLA    1.15      8 October     2013      PERFORM SUMMARY BALANCES FOR VOLUME, MASS, AND ENERGY                            
      Get_TOUGH_HT_Variables 2.4   21 December 2015      Extract hydrological and thermal conditions from flow                    
      READSOLU 2.4      8 February  2017      Read input data for solute transport                                                
      init     2.4       8 February  2017      Read and initialize chemical input data                                            
      readtherm_hkf 2.2      15 December  2015      Read chemical thermodynamic database                                          
      echotherm 2.1     03 December  2013      Echo all data read in chemical thermodynamic database                              
      aqkin_stoichiometry 2.1 10 March 2015      Obtain stoichiometry coefficients for aqueouskinetic reactions                   
      fugacomp   2.1    08 October  2013      Assigns gas fugacity coefficient computation method                                 
      Gas_fuga_coe 2.1  24 February  2015      Calculate gas fugacity coefficients                                                
      GasFugFunction 2.1    08 October 2013      Calculate gas fugacity coefficients                                              
      assign    3.0     12 September  2013      Assigns logK values to each reaction                                              
      hkfpar     2.1    12 September  2013      Assigns data for calculation of Debye-Huckel parameters                           
      nrinit   2.3     12 April  2016      Solve initial chemical system by Newton-Raphson iteration                              
      cheminit   2.3    12 April  2016      Initializes chemical parameters for Newton-Raphsoniterations                          
      dh_hkf81 2.3     5 Apr 2016      Calculate activity coefficient of aqueous species                                          
      cs_cp    2.2      15 September 2014      Calculate total concentrations and partial derivatives                             
      cmq_cp_init 1.1       1 May  2014      Calculate initial saturation indexes of minerals and gases                           
      cr_cp_init    1.0      12 April  2016      Calculate initial kinetic mineral mineral saturation indices                     
      jacobinit 2.1     12 September  2013      Construct Jacobian matrix for initial chemical system                             
      CHDUMP   2.2      2 May 2016      Write chemical speciation data                                                            
      WRITE_ITER  2.1   17 September 2013      Write iteration information                                                        
      TSTEP    1.0      4 MARCH      1991      ADJUST TIME STEPS TO COINCIDE WITH USER-DEFINED TARGET TIMES                       
      MULTI    1.5      30 November     2015      ASSEMBLE ALL ACCUMULATION AND FLOW TERMS                                        
                                               includes capabilities for radiative heat transfer and diffusion in all phases      
                                                  with local equilibrium phase partitioning between gas and liquid                
                                               allows block-by-block permeability modification                                    
      QU       1.1      23 January   1998      ASSEMBLE ALL SOURCE AND SINK TERMS                                                 
                                               "rigorous" step rate capability for MOP(12) = 2,                                   
                                               and capability for flowing wellbore pressure corrections                           
      TTAB     1.0       5 November  1997      Interpolate sink/source rates and enthalpies from tables.                          
      FINDL    1.0      22 JANUARY   1990      INTERPOLATE FROM A TABLE OF TIME-DEPENDENT DATA                                    
      THCOND   1.00     29 DECEMBER  2014      CALCULATE THERMAL CONDUCTIVITY FOR BRINE/CO2 MIXTURES                              
      LINEQ    2.00      4 October   1999      Interface for linear equation solvers T2CG2                                        
                                               Can call a direct solver or a package of conjugate gradient solvers                
      CONVER2  2.1      28 August  2014      UPDATE PRIMARY VARIABLES AFTER CONVERGENCE IS ACHIEVED   /(Used when coupled with rea
      COUPLE    2.4    27 March    2019      COUPLE TRANSPORT WITH REACTION (els and ns changes)                                  
      WRITE_PLOT   3.8   23 May 2019      Write variables vs. block for species, minerals and gases                               
      WRITE_TIME_ECO2 2.1 17 September 2013      Write variables vs. time for species, minerals and gases                         
      MATRIXC_IMPLICIT    2.4     27 Jan 2016      ASSEMBLE MATRIX FOR SOLUTE TRANSPORT                                           
      DIFFUSION_LHS    1.0     16 Dec 2015      LHS DIFFUSION MATRIX TERM FOR SOLUTE TRANSPORT                                    
      LINEQC    2.10    08 October    2013      Interface for linear equation solvers T2CG2                                       
                                               Can call a direct solver or a package of conjugate gradient solvers                
      DRY_MAP    2.1     12 September 2013      Map dry-out grid blocks                                                           
      rsfarea  2.2      14 January 2014      Calculate reactive surface area                                                      
      newtoneq 3.3       28 Jan  2016      Solve equations of chemical system by Newton-raphson                                   
      chemeq       2.3  6 Apr  2016      Computes chemical parameters at each NR iteration                                        
      chemeq       2.3  6 Apr  2016      Computes chemical parameters at each NR iteration                                        
      rate_species 2.1  17 September  2013      Calculate part of rate constant contributed from dependent species                
      rate_species 2.1  17 September  2013      Calculate part of rate constant contributed from dependent species                
      rate_species 2.1  17 September  2013      Calculate part of rate constant contributed from dependent species                
      cmq_cp   4.0     05 April  2016      Calculate saturation indexes of minerals and gases                                     
      rate_species 2.1  17 September  2013      Calculate part of rate constant contributed from dependent species                
      rate_species 2.1  17 September  2013      Calculate part of rate constant contributed from dependent species                
      cr_cp    2.5      19 January  2019      Calculate mineral reaction rates and their derivatives                              
      jacobeq  2.2      6 April  2016      Construct Jacobian matrix for chemical system                                          
      DRY_MIN    3.0     25 November 2015      Calculate mineral precipitation at dry grid blocks                                 
      phichg   2.4     21 August  2015      Calculate porosity changes from mineralprecipitation/dissolution                      
      permchg  2.3      1 June  2015      Calculate permeability changes due to mineral dis./prec.                                
      COMPUTE_MASS 3.0   12 April 2016      Compute mass input to and output from the system                                      
      CONVER3  2.2      11 May    2017      Adjust timestep for reactive transport                                                
      RELP     1.11      30 November   2015      LIQUID AND GAS PHASE RELATIVE PERMEABILITIES AS FUNCTIONS OF SATURATION          
                                               for IRP=7, use Corey-krg when RP(4).ne.0, with Sgr = RP(4)                         
      MTRXIN   1.1      10 September 2000      Routine for Z-preprocessing of the Jacobian                                        
      WRIFI    1.2      30 November   2015      AT THE COMPLETION OF A TOUGH2 RUN, WRITE PRIMARY VARIABLES ON FILE *SAVE*         
      WRITE_RESTART 2.1  17 September 2013      Write restart data for reactive chemical transport                                
      VISGAS   1.1       8 August    2005      VISCOSITY OF CO2 AS FUNCTION OF TEMPERATURE AND PRESSURE                           
      WRITE_MASS   2.2   25 November 2015      Write mass input to and output from the system                                     
      Waterchem  2.1   10 February   2015      Write chemical speciation in chemical.inp format                                   


 ***********************************************************************************************************************************

    END OF TOUGHREACT V4.13omp  SIMULATION

    ELAPSED TIME =     53.616 SEC   CALCULATION TIME =     53.610 SEC   DATA INPUT TIME =     0.007 SEC

