   TOUGHREACT V4.13omp : massbalance.out


 Mass (mol) balance for the whole system at time 1.15741E-02 days:

                        Total Moles    
 --------------------------------------------------------------------------------------------------------------------
  Component  Aq_Input Aq_Output Gas_Input Gas_Output            Initial                      Current                Dryout Residual
                                                      Aqueous    Solid     Gas     Aqueous    Solid      Gas       Total   Max(mol/m3)
 --------------------------------------------------------------------------------------------------------------------------
  na+        0.000E+00 0.000E+00 0.000E+00 0.000E+00 4.023E+10 0.000E+00 0.000E+00 4.023E+10 0.000E+00 0.000E+00 0.000E+00 0.000E+00
  k+         0.000E+00 0.000E+00 0.000E+00 0.000E+00 4.023E+01 0.000E+00 0.000E+00 4.023E+01 0.000E+00 0.000E+00 0.000E+00 0.000E+00
  ca+2       0.000E+00 0.000E+00 0.000E+00 0.000E+00 4.023E+01 0.000E+00 0.000E+00 4.023E+01 0.000E+00 0.000E+00 0.000E+00 0.000E+00
  mg+2       0.000E+00 0.000E+00 0.000E+00 0.000E+00 4.023E+01 0.000E+00 0.000E+00 4.023E+01 0.000E+00 0.000E+00 0.000E+00 0.000E+00
  hco3-      0.000E+00 0.000E+00 0.000E+00 0.000E+00 2.276E+04 0.000E+00 0.000E+00 2.275E+04 0.000E+00 0.000E+00 0.000E+00 0.000E+00
  so4-2      0.000E+00 0.000E+00 0.000E+00 0.000E+00 4.023E+01 0.000E+00 0.000E+00 4.023E+01 0.000E+00 0.000E+00 0.000E+00 0.000E+00
  cl-        0.000E+00 0.000E+00 0.000E+00 0.000E+00 4.023E+10 0.000E+00 0.000E+00 4.023E+10 0.000E+00 0.000E+00 0.000E+00 0.000E+00
  sio2(aq)   0.000E+00 0.000E+00 0.000E+00 0.000E+00 4.023E+01 0.000E+00 0.000E+00 4.023E+01 0.000E+00 0.000E+00 0.000E+00 0.000E+00
  alo2-      0.000E+00 0.000E+00 0.000E+00 0.000E+00 4.023E+01 0.000E+00 0.000E+00 4.023E+01 0.000E+00 0.000E+00 0.000E+00 0.000E+00
  fe+2       0.000E+00 0.000E+00 0.000E+00 0.000E+00 4.023E+01 0.000E+00 0.000E+00 4.023E+01 0.000E+00 0.000E+00 0.000E+00 0.000E+00
  o2(aq)     0.000E+00 0.000E+00 0.000E+00 0.000E+00 4.023E+01 0.000E+00 0.000E+00 4.023E+01 0.000E+00 0.000E+00 0.000E+00 0.000E+00
 
             Total Moles and Mass Balances     
               Input+Initial  Output+Current Difference   RelDiff%   DSol/liq%  Tdry/Tvol(mol/m3)
 --------------------------------------------------------------------------------------------------------------------
 na+           4.0231E+10      4.0232E+10   4.6196E+05   1.1483E-03  -1.0000E+02   0.0000E+00
 k+            4.0231E+01      4.0232E+01   4.6196E-04   1.1483E-03  -1.0000E+02   0.0000E+00
 ca+2          4.0231E+01      4.0232E+01   4.6196E-04   1.1483E-03  -1.0000E+02   0.0000E+00
 mg+2          4.0231E+01      4.0232E+01   4.6196E-04   1.1483E-03  -1.0000E+02   0.0000E+00
 hco3-         2.2760E+04      2.2753E+04  -7.4275E+00  -3.2634E-02  -1.0000E+02   0.0000E+00
 so4-2         4.0231E+01      4.0232E+01   4.6198E-04   1.1483E-03  -1.0000E+02   0.0000E+00
 cl-           4.0231E+10      4.0232E+10   4.6196E+05   1.1483E-03  -1.0000E+02   0.0000E+00
 sio2(aq)      4.0231E+01      4.0232E+01   4.6196E-04   1.1483E-03  -1.0000E+02   0.0000E+00
 alo2-         4.0231E+01      4.0232E+01   4.6197E-04   1.1483E-03  -1.0000E+02   0.0000E+00
 fe+2          4.0231E+01      4.0232E+01   4.5082E-04   1.1206E-03  -1.0000E+02   0.0000E+00
 o2(aq)        4.0231E+01      4.0232E+01   4.5917E-04   1.1413E-03  -1.0000E+02   0.0000E+00
 --------------------------------------------------------------------------------------------------------------------
