  TOUGHREACT V4.13omp : solute.out
 
  ---> start reading solute.inp
 '2-D CO2'                                                                         

                 ****** Writing solute transport input ******


 Options for controlling chemical calculations:
 *******************************************
  Using sequential non-iterative approach
  BiConjugate Gradient Squared Solver (5 = default)
  Iterations: DH and Chemical Solver
  Flag for gas species transport (0=off/1=on)=  1
  Print chemical speciation results at each grid block and each time step:  No
  Calculate porosity and permeability changes and affect fluid flow 
  CO2 and H2O reaction sources are not considered in flow 
  Do not consider aqueous density changes due to  reactions

 Constraints for chemistry solver:
 *********************************
  Minimum liquid saturation =  1.0000E-05
  No Courant number limitation on transport time steps
  Maximum stoichiometric ionic strength =  6.0000E+00

 Input and output file names:
 ***************************
  Thermo. database: TherAkin10.dat      
  Iteration info:   iter.out            
  Plot aqueous:     co2d_conc.tec       
  Plot minerals:    co2d_min.tec        
  Plot gas:         co2d_gas.tec        
  Plot time series: co2d_tim.out        

 Time/space weighting factors and diffusion coefficients:
 *******************************************************
       WTIME      WUPC    DIFUN     DIFUNG 
        1.00      1.00  1.000E-09  1.100E-05

 Convergence tolerance data:
 **************************
  Maximum iterations for solving transport    =    1
  Relative tolerance for solving transport    = 1.000E-04
  Maximum iterations for whole chemical system=  200
  Relative tolerance for whole chemical system= 1.000E-06
  (absolute mass action tolerance set at min. 1.E-6)
  Absolute mass balance tolerance   = 1.000E-08
  Rel. conc change tolerance for steady-state = 0.000E+00
  Rel. diss/ppt rate change tolerance for steady-state = 0.000E+00

 Printout/output control flags:
 *****************************
  Writing frequency in time           =  100
  Number of nodes to output in time file =    1
  Number of primary species (total amounts) to output in time/plot files =   11
  Number of minerals to output time/plot files =   17
  Number of aqueous species to output time/plot files =    1
  Number of adsorbed species to output time/plot files =    0
  Number of exchange species to output time/plot files =    0
  ICONFLAG(0=mol/kg H2O,1=mol/L,2=mg/L,3=mg/kg H2O(~ppm))=    0
  MINFLAG(0=change in mol/m3, 1=change in volume fraction,
          2=current volume fraction, 3=change in volume% 4=mol/m3 from prior time) 5=current mol/m3)    1
  IGASFLAG(0=partial pressure (bars),1=mol fraction) =    1

 Elements for which to output time series:
 A1 10

 Aqueous components for which to output data: 
    3    4    5    6    7    8    9   10   11   12   13

 Minerals for which to output data: 
    1    2    3    4    5    6    7    8    9   10   11   12   13   14   15   16   17

 Individual aqueous species for which to output molalities:
   32

 Surface complexes for which to output molalities:

 Exchanged species for which to output data: 

 Default values for chemical zones:
 *********************************
        IZIW IZBW IZMI IZGS IZAD IZEX IZPP IZKD IZBG IZBOUT
        ---- ---- ---- ---- ---- ---- ---- ---- ---- ----
        1    1    1    1    0    0    1    0    0    0

 Data for chemical zones:
 ***********************
ELEM NSEQ NADD IZIW IZBW IZMI IZGS IZAD IZEX IZPP IZKD IZBG IZBOUT
 ---- ---- ---- ---- ---- ---- ---- ---- ---- ---- ---- ---- -----
A1  1    0    0    1    1    1    1    0    0    1    0    0    0
A2  1    0    0    1    1    1    1    0    0    1    0    0    0
A3  1    0    0    1    1    1    1    0    0    1    0    0    0
A4  1    0    0    1    1    1    1    0    0    1    0    0    0
A5  1    0    0    1    1    1    1    0    0    1    0    0    0
A6  1    0    0    1    1    1    1    0    0    1    0    0    0
A7  1    0    0    1    1    1    1    0    0    1    0    0    0
A8  1    0    0    1    1    1    1    0    0    1    0    0    0
A9  1    0    0    1    1    1    1    0    0    1    0    0    0
AA  1    0    0    1    1    1    1    0    0    1    0    0    0
AB  1    0    0    1    1    1    1    0    0    1    0    0    0
AC  1    0    0    1    1    1    1    0    0    1    0    0    0
AD  1    0    0    1    1    1    1    0    0    1    0    0    0
AE  1    0    0    1    1    1    1    0    0    1    0    0    0
AF  1    0    0    1    1    1    1    0    0    1    0    0    0
AG  1    0    0    1    1    1    1    0    0    1    0    0    0
AH  1    0    0    1    1    1    1    0    0    1    0    0    0
AI  1    0    0    1    1    1    1    0    0    1    0    0    0
AJ  1    0    0    1    1    1    1    0    0    1    0    0    0
AK  1    0    0    1    1    1    1    0    0    1    0    0    0
A1  2    0    0    1    1    1    1    0    0    1    0    0    0
A2  2    0    0    1    1    1    1    0    0    1    0    0    0
A3  2    0    0    1    1    1    1    0    0    1    0    0    0
A4  2    0    0    1    1    1    1    0    0    1    0    0    0
A5  2    0    0    1    1    1    1    0    0    1    0    0    0
A6  2    0    0    1    1    1    1    0    0    1    0    0    0
A7  2    0    0    1    1    1    1    0    0    1    0    0    0
A8  2    0    0    1    1    1    1    0    0    1    0    0    0
A9  2    0    0    1    1    1    1    0    0    1    0    0    0
AA  2    0    0    1    1    1    1    0    0    1    0    0    0
AB  2    0    0    1    1    1    1    0    0    1    0    0    0
AC  2    0    0    1    1    1    1    0    0    1    0    0    0
AD  2    0    0    1    1    1    1    0    0    1    0    0    0
AE  2    0    0    1    1    1    1    0    0    1    0    0    0
AF  2    0    0    1    1    1    1    0    0    1    0    0    0
AG  2    0    0    1    1    1    1    0    0    1    0    0    0
AH  2    0    0    1    1    1    1    0    0    1    0    0    0
AI  2    0    0    1    1    1    1    0    0    1    0    0    0
AJ  2    0    0    1    1    1    1    0    0    1    0    0    0
AK  2    0    0    1    1    1    1    0    0    1    0    0    0
A1  3    0    0    1    1    1    1    0    0    1    0    0    0
A2  3    0    0    1    1    1    1    0    0    1    0    0    0
A3  3    0    0    1    1    1    1    0    0    1    0    0    0
A4  3    0    0    1    1    1    1    0    0    1    0    0    0
A5  3    0    0    1    1    1    1    0    0    1    0    0    0
A6  3    0    0    1    1    1    1    0    0    1    0    0    0
A7  3    0    0    1    1    1    1    0    0    1    0    0    0
A8  3    0    0    1    1    1    1    0    0    1    0    0    0
A9  3    0    0    1    1    1    1    0    0    1    0    0    0
AA  3    0    0    1    1    1    1    0    0    1    0    0    0
AB  3    0    0    1    1    1    1    0    0    1    0    0    0
AC  3    0    0    1    1    1    1    0    0    1    0    0    0
AD  3    0    0    1    1    1    1    0    0    1    0    0    0
AE  3    0    0    1    1    1    1    0    0    1    0    0    0
AF  3    0    0    1    1    1    1    0    0    1    0    0    0
AG  3    0    0    1    1    1    1    0    0    1    0    0    0
AH  3    0    0    1    1    1    1    0    0    1    0    0    0
AI  3    0    0    1    1    1    1    0    0    1    0    0    0
AJ  3    0    0    1    1    1    1    0    0    1    0    0    0
AK  3    0    0    1    1    1    1    0    0    1    0    0    0
A1  4    0    0    1    1    1    1    0    0    1    0    0    0
A2  4    0    0    1    1    1    1    0    0    1    0    0    0
A3  4    0    0    1    1    1    1    0    0    1    0    0    0
A4  4    0    0    1    1    1    1    0    0    1    0    0    0
A5  4    0    0    1    1    1    1    0    0    1    0    0    0
A6  4    0    0    1    1    1    1    0    0    1    0    0    0
A7  4    0    0    1    1    1    1    0    0    1    0    0    0
A8  4    0    0    1    1    1    1    0    0    1    0    0    0
A9  4    0    0    1    1    1    1    0    0    1    0    0    0
AA  4    0    0    1    1    1    1    0    0    1    0    0    0
AB  4    0    0    1    1    1    1    0    0    1    0    0    0
AC  4    0    0    1    1    1    1    0    0    1    0    0    0
AD  4    0    0    1    1    1    1    0    0    1    0    0    0
AE  4    0    0    1    1    1    1    0    0    1    0    0    0
AF  4    0    0    1    1    1    1    0    0    1    0    0    0
AG  4    0    0    1    1    1    1    0    0    1    0    0    0
AH  4    0    0    1    1    1    1    0    0    1    0    0    0
AI  4    0    0    1    1    1    1    0    0    1    0    0    0
AJ  4    0    0    1    1    1    1    0    0    1    0    0    0
AK  4    0    0    1    1    1    1    0    0    1    0    0    0
A1  5    0    0    1    1    1    1    0    0    1    0    0    0
A2  5    0    0    1    1    1    1    0    0    1    0    0    0
A3  5    0    0    1    1    1    1    0    0    1    0    0    0
A4  5    0    0    1    1    1    1    0    0    1    0    0    0
A5  5    0    0    1    1    1    1    0    0    1    0    0    0
A6  5    0    0    1    1    1    1    0    0    1    0    0    0
A7  5    0    0    1    1    1    1    0    0    1    0    0    0
A8  5    0    0    1    1    1    1    0    0    1    0    0    0
A9  5    0    0    1    1    1    1    0    0    1    0    0    0
AA  5    0    0    1    1    1    1    0    0    1    0    0    0
AB  5    0    0    1    1    1    1    0    0    1    0    0    0
AC  5    0    0    1    1    1    1    0    0    1    0    0    0
AD  5    0    0    1    1    1    1    0    0    1    0    0    0
AE  5    0    0    1    1    1    1    0    0    1    0    0    0
AF  5    0    0    1    1    1    1    0    0    1    0    0    0
AG  5    0    0    1    1    1    1    0    0    1    0    0    0
AH  5    0    0    1    1    1    1    0    0    1    0    0    0
AI  5    0    0    1    1    1    1    0    0    1    0    0    0
AJ  5    0    0    1    1    1    1    0    0    1    0    0    0
AK  5    0    0    1    1    1    1    0    0    1    0    0    0
A1  6    0    0    1    1    1    1    0    0    1    0    0    0
A2  6    0    0    1    1    1    1    0    0    1    0    0    0
A3  6    0    0    1    1    1    1    0    0    1    0    0    0
A4  6    0    0    1    1    1    1    0    0    1    0    0    0
A5  6    0    0    1    1    1    1    0    0    1    0    0    0
A6  6    0    0    1    1    1    1    0    0    1    0    0    0
A7  6    0    0    1    1    1    1    0    0    1    0    0    0
A8  6    0    0    1    1    1    1    0    0    1    0    0    0
A9  6    0    0    1    1    1    1    0    0    1    0    0    0
AA  6    0    0    1    1    1    1    0    0    1    0    0    0
AB  6    0    0    1    1    1    1    0    0    1    0    0    0
AC  6    0    0    1    1    1    1    0    0    1    0    0    0
AD  6    0    0    1    1    1    1    0    0    1    0    0    0
AE  6    0    0    1    1    1    1    0    0    1    0    0    0
AF  6    0    0    1    1    1    1    0    0    1    0    0    0
AG  6    0    0    1    1    1    1    0    0    1    0    0    0
AH  6    0    0    1    1    1    1    0    0    1    0    0    0
AI  6    0    0    1    1    1    1    0    0    1    0    0    0
AJ  6    0    0    1    1    1    1    0    0    1    0    0    0
AK  6    0    0    1    1    1    1    0    0    1    0    0    0
A1  7    0    0    1    1    1    1    0    0    1    0    0    0
A2  7    0    0    1    1    1    1    0    0    1    0    0    0
A3  7    0    0    1    1    1    1    0    0    1    0    0    0
A4  7    0    0    1    1    1    1    0    0    1    0    0    0
A5  7    0    0    1    1    1    1    0    0    1    0    0    0
A6  7    0    0    1    1    1    1    0    0    1    0    0    0
A7  7    0    0    1    1    1    1    0    0    1    0    0    0
A8  7    0    0    1    1    1    1    0    0    1    0    0    0
A9  7    0    0    1    1    1    1    0    0    1    0    0    0
AA  7    0    0    1    1    1    1    0    0    1    0    0    0
AB  7    0    0    1    1    1    1    0    0    1    0    0    0
AC  7    0    0    1    1    1    1    0    0    1    0    0    0
AD  7    0    0    1    1    1    1    0    0    1    0    0    0
AE  7    0    0    1    1    1    1    0    0    1    0    0    0
AF  7    0    0    1    1    1    1    0    0    1    0    0    0
AG  7    0    0    1    1    1    1    0    0    1    0    0    0
AH  7    0    0    1    1    1    1    0    0    1    0    0    0
AI  7    0    0    1    1    1    1    0    0    1    0    0    0
AJ  7    0    0    1    1    1    1    0    0    1    0    0    0
AK  7    0    0    1    1    1    1    0    0    1    0    0    0
A1  8    0    0    1    1    1    1    0    0    1    0    0    0
A2  8    0    0    1    1    1    1    0    0    1    0    0    0
A3  8    0    0    1    1    1    1    0    0    1    0    0    0
A4  8    0    0    1    1    1    1    0    0    1    0    0    0
A5  8    0    0    1    1    1    1    0    0    1    0    0    0
A6  8    0    0    1    1    1    1    0    0    1    0    0    0
A7  8    0    0    1    1    1    1    0    0    1    0    0    0
A8  8    0    0    1    1    1    1    0    0    1    0    0    0
A9  8    0    0    1    1    1    1    0    0    1    0    0    0
AA  8    0    0    1    1    1    1    0    0    1    0    0    0
AB  8    0    0    1    1    1    1    0    0    1    0    0    0
AC  8    0    0    1    1    1    1    0    0    1    0    0    0
AD  8    0    0    1    1    1    1    0    0    1    0    0    0
AE  8    0    0    1    1    1    1    0    0    1    0    0    0
AF  8    0    0    1    1    1    1    0    0    1    0    0    0
AG  8    0    0    1    1    1    1    0    0    1    0    0    0
AH  8    0    0    1    1    1    1    0    0    1    0    0    0
AI  8    0    0    1    1    1    1    0    0    1    0    0    0
AJ  8    0    0    1    1    1    1    0    0    1    0    0    0
AK  8    0    0    1    1    1    1    0    0    1    0    0    0
A1  9    0    0    1    1    1    1    0    0    1    0    0    0
A2  9    0    0    1    1    1    1    0    0    1    0    0    0
A3  9    0    0    1    1    1    1    0    0    1    0    0    0
A4  9    0    0    1    1    1    1    0    0    1    0    0    0
A5  9    0    0    1    1    1    1    0    0    1    0    0    0
A6  9    0    0    1    1    1    1    0    0    1    0    0    0
A7  9    0    0    1    1    1    1    0    0    1    0    0    0
A8  9    0    0    1    1    1    1    0    0    1    0    0    0
A9  9    0    0    1    1    1    1    0    0    1    0    0    0
AA  9    0    0    1    1    1    1    0    0    1    0    0    0
AB  9    0    0    1    1    1    1    0    0    1    0    0    0
AC  9    0    0    1    1    1    1    0    0    1    0    0    0
AD  9    0    0    1    1    1    1    0    0    1    0    0    0
AE  9    0    0    1    1    1    1    0    0    1    0    0    0
AF  9    0    0    1    1    1    1    0    0    1    0    0    0
AG  9    0    0    1    1    1    1    0    0    1    0    0    0
AH  9    0    0    1    1    1    1    0    0    1    0    0    0
AI  9    0    0    1    1    1    1    0    0    1    0    0    0
AJ  9    0    0    1    1    1    1    0    0    1    0    0    0
AK  9    0    0    1    1    1    1    0    0    1    0    0    0
A1 10    0    0    1    1    1    1    0    0    1    0    0    0
A2 10    0    0    1    1    1    1    0    0    1    0    0    0
A3 10    0    0    1    1    1    1    0    0    1    0    0    0
A4 10    0    0    1    1    1    1    0    0    1    0    0    0
A5 10    0    0    1    1    1    1    0    0    1    0    0    0
A6 10    0    0    1    1    1    1    0    0    1    0    0    0
A7 10    0    0    1    1    1    1    0    0    1    0    0    0
A8 10    0    0    1    1    1    1    0    0    1    0    0    0
A9 10    0    0    1    1    1    1    0    0    1    0    0    0
AA 10    0    0    1    1    1    1    0    0    1    0    0    0
AB 10    0    0    1    1    1    1    0    0    1    0    0    0
AC 10    0    0    1    1    1    1    0    0    1    0    0    0
AD 10    0    0    1    1    1    1    0    0    1    0    0    0
AE 10    0    0    1    1    1    1    0    0    1    0    0    0
AF 10    0    0    1    1    1    1    0    0    1    0    0    0
AG 10    0    0    1    1    1    1    0    0    1    0    0    0
AH 10    0    0    1    1    1    1    0    0    1    0    0    0
AI 10    0    0    1    1    1    1    0    0    1    0    0    0
AJ 10    0    0    1    1    1    1    0    0    1    0    0    0
AK 10    0    0    1    1    1    1    0    0    1    0    0    0
A1 11    0    0    1    1    1    1    0    0    1    0    0    0
A2 11    0    0    1    1    1    1    0    0    1    0    0    0
A3 11    0    0    1    1    1    1    0    0    1    0    0    0
A4 11    0    0    1    1    1    1    0    0    1    0    0    0
A5 11    0    0    1    1    1    1    0    0    1    0    0    0
A6 11    0    0    1    1    1    1    0    0    1    0    0    0
A7 11    0    0    1    1    1    1    0    0    1    0    0    0
A8 11    0    0    1    1    1    1    0    0    1    0    0    0
A9 11    0    0    1    1    1    1    0    0    1    0    0    0
AA 11    0    0    1    1    1    1    0    0    1    0    0    0
AB 11    0    0    1    1    1    1    0    0    1    0    0    0
AC 11    0    0    1    1    1    1    0    0    1    0    0    0
AD 11    0    0    1    1    1    1    0    0    1    0    0    0
AE 11    0    0    1    1    1    1    0    0    1    0    0    0
AF 11    0    0    1    1    1    1    0    0    1    0    0    0
AG 11    0    0    1    1    1    1    0    0    1    0    0    0
AH 11    0    0    1    1    1    1    0    0    1    0    0    0
AI 11    0    0    1    1    1    1    0    0    1    0    0    0
AJ 11    0    0    1    1    1    1    0    0    1    0    0    0
AK 11    0    0    1    1    1    1    0    0    1    0    0    0
A1 12    0    0    1    1    1    1    0    0    1    0    0    0
A2 12    0    0    1    1    1    1    0    0    1    0    0    0
A3 12    0    0    1    1    1    1    0    0    1    0    0    0
A4 12    0    0    1    1    1    1    0    0    1    0    0    0
A5 12    0    0    1    1    1    1    0    0    1    0    0    0
A6 12    0    0    1    1    1    1    0    0    1    0    0    0
A7 12    0    0    1    1    1    1    0    0    1    0    0    0
A8 12    0    0    1    1    1    1    0    0    1    0    0    0
A9 12    0    0    1    1    1    1    0    0    1    0    0    0
AA 12    0    0    1    1    1    1    0    0    1    0    0    0
AB 12    0    0    1    1    1    1    0    0    1    0    0    0
AC 12    0    0    1    1    1    1    0    0    1    0    0    0
AD 12    0    0    1    1    1    1    0    0    1    0    0    0
AE 12    0    0    1    1    1    1    0    0    1    0    0    0
AF 12    0    0    1    1    1    1    0    0    1    0    0    0
AG 12    0    0    1    1    1    1    0    0    1    0    0    0
AH 12    0    0    1    1    1    1    0    0    1    0    0    0
AI 12    0    0    1    1    1    1    0    0    1    0    0    0
AJ 12    0    0    1    1    1    1    0    0    1    0    0    0
AK 12    0    0    1    1    1    1    0    0    1    0    0    0
A1 13    0    0    1    1    1    1    0    0    1    0    0    0
A2 13    0    0    1    1    1    1    0    0    1    0    0    0
A3 13    0    0    1    1    1    1    0    0    1    0    0    0
A4 13    0    0    1    1    1    1    0    0    1    0    0    0
A5 13    0    0    1    1    1    1    0    0    1    0    0    0
A6 13    0    0    1    1    1    1    0    0    1    0    0    0
A7 13    0    0    1    1    1    1    0    0    1    0    0    0
A8 13    0    0    1    1    1    1    0    0    1    0    0    0
A9 13    0    0    1    1    1    1    0    0    1    0    0    0
AA 13    0    0    1    1    1    1    0    0    1    0    0    0
AB 13    0    0    1    1    1    1    0    0    1    0    0    0
AC 13    0    0    1    1    1    1    0    0    1    0    0    0
AD 13    0    0    1    1    1    1    0    0    1    0    0    0
AE 13    0    0    1    1    1    1    0    0    1    0    0    0
AF 13    0    0    1    1    1    1    0    0    1    0    0    0
AG 13    0    0    1    1    1    1    0    0    1    0    0    0
AH 13    0    0    1    1    1    1    0    0    1    0    0    0
AI 13    0    0    1    1    1    1    0    0    1    0    0    0
AJ 13    0    0    1    1    1    1    0    0    1    0    0    0
AK 13    0    0    1    1    1    1    0    0    1    0    0    0
A1 14    0    0    1    1    1    1    0    0    1    0    0    0
A2 14    0    0    1    1    1    1    0    0    1    0    0    0
A3 14    0    0    1    1    1    1    0    0    1    0    0    0
A4 14    0    0    1    1    1    1    0    0    1    0    0    0
A5 14    0    0    1    1    1    1    0    0    1    0    0    0
A6 14    0    0    1    1    1    1    0    0    1    0    0    0
A7 14    0    0    1    1    1    1    0    0    1    0    0    0
A8 14    0    0    1    1    1    1    0    0    1    0    0    0
A9 14    0    0    1    1    1    1    0    0    1    0    0    0
AA 14    0    0    1    1    1    1    0    0    1    0    0    0
AB 14    0    0    1    1    1    1    0    0    1    0    0    0
AC 14    0    0    1    1    1    1    0    0    1    0    0    0
AD 14    0    0    1    1    1    1    0    0    1    0    0    0
AE 14    0    0    1    1    1    1    0    0    1    0    0    0
AF 14    0    0    1    1    1    1    0    0    1    0    0    0
AG 14    0    0    1    1    1    1    0    0    1    0    0    0
AH 14    0    0    1    1    1    1    0    0    1    0    0    0
AI 14    0    0    1    1    1    1    0    0    1    0    0    0
AJ 14    0    0    1    1    1    1    0    0    1    0    0    0
AK 14    0    0    1    1    1    1    0    0    1    0    0    0
A1 15    0    0    1    1    1    1    0    0    1    0    0    0
A2 15    0    0    1    1    1    1    0    0    1    0    0    0
A3 15    0    0    1    1    1    1    0    0    1    0    0    0
A4 15    0    0    1    1    1    1    0    0    1    0    0    0
A5 15    0    0    1    1    1    1    0    0    1    0    0    0
A6 15    0    0    1    1    1    1    0    0    1    0    0    0
A7 15    0    0    1    1    1    1    0    0    1    0    0    0
A8 15    0    0    1    1    1    1    0    0    1    0    0    0
A9 15    0    0    1    1    1    1    0    0    1    0    0    0
AA 15    0    0    1    1    1    1    0    0    1    0    0    0
AB 15    0    0    1    1    1    1    0    0    1    0    0    0
AC 15    0    0    1    1    1    1    0    0    1    0    0    0
AD 15    0    0    1    1    1    1    0    0    1    0    0    0
AE 15    0    0    1    1    1    1    0    0    1    0    0    0
AF 15    0    0    1    1    1    1    0    0    1    0    0    0
AG 15    0    0    1    1    1    1    0    0    1    0    0    0
AH 15    0    0    1    1    1    1    0    0    1    0    0    0
AI 15    0    0    1    1    1    1    0    0    1    0    0    0
AJ 15    0    0    1    1    1    1    0    0    1    0    0    0
AK 15    0    0    1    1    1    1    0    0    1    0    0    0
A1 16    0    0    1    1    1    1    0    0    1    0    0    0
A2 16    0    0    1    1    1    1    0    0    1    0    0    0
A3 16    0    0    1    1    1    1    0    0    1    0    0    0
A4 16    0    0    1    1    1    1    0    0    1    0    0    0
A5 16    0    0    1    1    1    1    0    0    1    0    0    0
A6 16    0    0    1    1    1    1    0    0    1    0    0    0
A7 16    0    0    1    1    1    1    0    0    1    0    0    0
A8 16    0    0    1    1    1    1    0    0    1    0    0    0
A9 16    0    0    1    1    1    1    0    0    1    0    0    0
AA 16    0    0    1    1    1    1    0    0    1    0    0    0
AB 16    0    0    1    1    1    1    0    0    1    0    0    0
AC 16    0    0    1    1    1    1    0    0    1    0    0    0
AD 16    0    0    1    1    1    1    0    0    1    0    0    0
AE 16    0    0    1    1    1    1    0    0    1    0    0    0
AF 16    0    0    1    1    1    1    0    0    1    0    0    0
AG 16    0    0    1    1    1    1    0    0    1    0    0    0
AH 16    0    0    1    1    1    1    0    0    1    0    0    0
AI 16    0    0    1    1    1    1    0    0    1    0    0    0
AJ 16    0    0    1    1    1    1    0    0    1    0    0    0
AK 16    0    0    1    1    1    1    0    0    1    0    0    0
A1 17    0    0    1    1    1    1    0    0    1    0    0    0
A2 17    0    0    1    1    1    1    0    0    1    0    0    0
A3 17    0    0    1    1    1    1    0    0    1    0    0    0
A4 17    0    0    1    1    1    1    0    0    1    0    0    0
A5 17    0    0    1    1    1    1    0    0    1    0    0    0
A6 17    0    0    1    1    1    1    0    0    1    0    0    0
A7 17    0    0    1    1    1    1    0    0    1    0    0    0
A8 17    0    0    1    1    1    1    0    0    1    0    0    0
A9 17    0    0    1    1    1    1    0    0    1    0    0    0
AA 17    0    0    1    1    1    1    0    0    1    0    0    0
AB 17    0    0    1    1    1    1    0    0    1    0    0    0
AC 17    0    0    1    1    1    1    0    0    1    0    0    0
AD 17    0    0    1    1    1    1    0    0    1    0    0    0
AE 17    0    0    1    1    1    1    0    0    1    0    0    0
AF 17    0    0    1    1    1    1    0    0    1    0    0    0
AG 17    0    0    1    1    1    1    0    0    1    0    0    0
AH 17    0    0    1    1    1    1    0    0    1    0    0    0
AI 17    0    0    1    1    1    1    0    0    1    0    0    0
AJ 17    0    0    1    1    1    1    0    0    1    0    0    0
AK 17    0    0    1    1    1    1    0    0    1    0    0    0
A1 18    0    0    1    1    1    1    0    0    1    0    0    0
A2 18    0    0    1    1    1    1    0    0    1    0    0    0
A3 18    0    0    1    1    1    1    0    0    1    0    0    0
A4 18    0    0    1    1    1    1    0    0    1    0    0    0
A5 18    0    0    1    1    1    1    0    0    1    0    0    0
A6 18    0    0    1    1    1    1    0    0    1    0    0    0
A7 18    0    0    1    1    1    1    0    0    1    0    0    0
A8 18    0    0    1    1    1    1    0    0    1    0    0    0
A9 18    0    0    1    1    1    1    0    0    1    0    0    0
AA 18    0    0    1    1    1    1    0    0    1    0    0    0
AB 18    0    0    1    1    1    1    0    0    1    0    0    0
AC 18    0    0    1    1    1    1    0    0    1    0    0    0
AD 18    0    0    1    1    1    1    0    0    1    0    0    0
AE 18    0    0    1    1    1    1    0    0    1    0    0    0
AF 18    0    0    1    1    1    1    0    0    1    0    0    0
AG 18    0    0    1    1    1    1    0    0    1    0    0    0
AH 18    0    0    1    1    1    1    0    0    1    0    0    0
AI 18    0    0    1    1    1    1    0    0    1    0    0    0
AJ 18    0    0    1    1    1    1    0    0    1    0    0    0
AK 18    0    0    1    1    1    1    0    0    1    0    0    0
A1 19    0    0    1    1    1    1    0    0    1    0    0    0
A2 19    0    0    1    1    1    1    0    0    1    0    0    0
A3 19    0    0    1    1    1    1    0    0    1    0    0    0
A4 19    0    0    1    1    1    1    0    0    1    0    0    0
A5 19    0    0    1    1    1    1    0    0    1    0    0    0
A6 19    0    0    1    1    1    1    0    0    1    0    0    0
A7 19    0    0    1    1    1    1    0    0    1    0    0    0
A8 19    0    0    1    1    1    1    0    0    1    0    0    0
A9 19    0    0    1    1    1    1    0    0    1    0    0    0
AA 19    0    0    1    1    1    1    0    0    1    0    0    0
AB 19    0    0    1    1    1    1    0    0    1    0    0    0
AC 19    0    0    1    1    1    1    0    0    1    0    0    0
AD 19    0    0    1    1    1    1    0    0    1    0    0    0
AE 19    0    0    1    1    1    1    0    0    1    0    0    0
AF 19    0    0    1    1    1    1    0    0    1    0    0    0
AG 19    0    0    1    1    1    1    0    0    1    0    0    0
AH 19    0    0    1    1    1    1    0    0    1    0    0    0
AI 19    0    0    1    1    1    1    0    0    1    0    0    0
AJ 19    0    0    1    1    1    1    0    0    1    0    0    0
AK 19    0    0    1    1    1    1    0    0    1    0    0    0
A1 20    0    0    1    1    1    1    0    0    1    0    0    0
A2 20    0    0    1    1    1    1    0    0    1    0    0    0
A3 20    0    0    1    1    1    1    0    0    1    0    0    0
A4 20    0    0    1    1    1    1    0    0    1    0    0    0
A5 20    0    0    1    1    1    1    0    0    1    0    0    0
A6 20    0    0    1    1    1    1    0    0    1    0    0    0
A7 20    0    0    1    1    1    1    0    0    1    0    0    0
A8 20    0    0    1    1    1    1    0    0    1    0    0    0
A9 20    0    0    1    1    1    1    0    0    1    0    0    0
AA 20    0    0    1    1    1    1    0    0    1    0    0    0
AB 20    0    0    1    1    1    1    0    0    1    0    0    0
AC 20    0    0    1    1    1    1    0    0    1    0    0    0
AD 20    0    0    1    1    1    1    0    0    1    0    0    0
AE 20    0    0    1    1    1    1    0    0    1    0    0    0
AF 20    0    0    1    1    1    1    0    0    1    0    0    0
AG 20    0    0    1    1    1    1    0    0    1    0    0    0
AH 20    0    0    1    1    1    1    0    0    1    0    0    0
AI 20    0    0    1    1    1    1    0    0    1    0    0    0
AJ 20    0    0    1    1    1    1    0    0    1    0    0    0
AK 20    0    0    1    1    1    1    0    0    1    0    0    0
A1 21    0    0    1    1    1    1    0    0    1    0    0    0
A2 21    0    0    1    1    1    1    0    0    1    0    0    0
A3 21    0    0    1    1    1    1    0    0    1    0    0    0
A4 21    0    0    1    1    1    1    0    0    1    0    0    0
A5 21    0    0    1    1    1    1    0    0    1    0    0    0
A6 21    0    0    1    1    1    1    0    0    1    0    0    0
A7 21    0    0    1    1    1    1    0    0    1    0    0    0
A8 21    0    0    1    1    1    1    0    0    1    0    0    0
A9 21    0    0    1    1    1    1    0    0    1    0    0    0
AA 21    0    0    1    1    1    1    0    0    1    0    0    0
AB 21    0    0    1    1    1    1    0    0    1    0    0    0
AC 21    0    0    1    1    1    1    0    0    1    0    0    0
AD 21    0    0    1    1    1    1    0    0    1    0    0    0
AE 21    0    0    1    1    1    1    0    0    1    0    0    0
AF 21    0    0    1    1    1    1    0    0    1    0    0    0
AG 21    0    0    1    1    1    1    0    0    1    0    0    0
AH 21    0    0    1    1    1    1    0    0    1    0    0    0
AI 21    0    0    1    1    1    1    0    0    1    0    0    0
AJ 21    0    0    1    1    1    1    0    0    1    0    0    0
AK 21    0    0    1    1    1    1    0    0    1    0    0    0
A1 22    0    0    1    1    1    1    0    0    1    0    0    0
A2 22    0    0    1    1    1    1    0    0    1    0    0    0
A3 22    0    0    1    1    1    1    0    0    1    0    0    0
A4 22    0    0    1    1    1    1    0    0    1    0    0    0
A5 22    0    0    1    1    1    1    0    0    1    0    0    0
A6 22    0    0    1    1    1    1    0    0    1    0    0    0
A7 22    0    0    1    1    1    1    0    0    1    0    0    0
A8 22    0    0    1    1    1    1    0    0    1    0    0    0
A9 22    0    0    1    1    1    1    0    0    1    0    0    0
AA 22    0    0    1    1    1    1    0    0    1    0    0    0
AB 22    0    0    1    1    1    1    0    0    1    0    0    0
AC 22    0    0    1    1    1    1    0    0    1    0    0    0
AD 22    0    0    1    1    1    1    0    0    1    0    0    0
AE 22    0    0    1    1    1    1    0    0    1    0    0    0
AF 22    0    0    1    1    1    1    0    0    1    0    0    0
AG 22    0    0    1    1    1    1    0    0    1    0    0    0
AH 22    0    0    1    1    1    1    0    0    1    0    0    0
AI 22    0    0    1    1    1    1    0    0    1    0    0    0
AJ 22    0    0    1    1    1    1    0    0    1    0    0    0
AK 22    0    0    1    1    1    1    0    0    1    0    0    0
A1 23    0    0    1    1    1    1    0    0    1    0    0    0
A2 23    0    0    1    1    1    1    0    0    1    0    0    0
A3 23    0    0    1    1    1    1    0    0    1    0    0    0
A4 23    0    0    1    1    1    1    0    0    1    0    0    0
A5 23    0    0    1    1    1    1    0    0    1    0    0    0
A6 23    0    0    1    1    1    1    0    0    1    0    0    0
A7 23    0    0    1    1    1    1    0    0    1    0    0    0
A8 23    0    0    1    1    1    1    0    0    1    0    0    0
A9 23    0    0    1    1    1    1    0    0    1    0    0    0
AA 23    0    0    1    1    1    1    0    0    1    0    0    0
AB 23    0    0    1    1    1    1    0    0    1    0    0    0
AC 23    0    0    1    1    1    1    0    0    1    0    0    0
AD 23    0    0    1    1    1    1    0    0    1    0    0    0
AE 23    0    0    1    1    1    1    0    0    1    0    0    0
AF 23    0    0    1    1    1    1    0    0    1    0    0    0
AG 23    0    0    1    1    1    1    0    0    1    0    0    0
AH 23    0    0    1    1    1    1    0    0    1    0    0    0
AI 23    0    0    1    1    1    1    0    0    1    0    0    0
AJ 23    0    0    1    1    1    1    0    0    1    0    0    0
AK 23    0    0    1    1    1    1    0    0    1    0    0    0
A1 24    0    0    1    1    1    1    0    0    1    0    0    0
A2 24    0    0    1    1    1    1    0    0    1    0    0    0
A3 24    0    0    1    1    1    1    0    0    1    0    0    0
A4 24    0    0    1    1    1    1    0    0    1    0    0    0
A5 24    0    0    1    1    1    1    0    0    1    0    0    0
A6 24    0    0    1    1    1    1    0    0    1    0    0    0
A7 24    0    0    1    1    1    1    0    0    1    0    0    0
A8 24    0    0    1    1    1    1    0    0    1    0    0    0
A9 24    0    0    1    1    1    1    0    0    1    0    0    0
AA 24    0    0    1    1    1    1    0    0    1    0    0    0
AB 24    0    0    1    1    1    1    0    0    1    0    0    0
AC 24    0    0    1    1    1    1    0    0    1    0    0    0
AD 24    0    0    1    1    1    1    0    0    1    0    0    0
AE 24    0    0    1    1    1    1    0    0    1    0    0    0
AF 24    0    0    1    1    1    1    0    0    1    0    0    0
AG 24    0    0    1    1    1    1    0    0    1    0    0    0
AH 24    0    0    1    1    1    1    0    0    1    0    0    0
AI 24    0    0    1    1    1    1    0    0    1    0    0    0
AJ 24    0    0    1    1    1    1    0    0    1    0    0    0
AK 24    0    0    1    1    1    1    0    0    1    0    0    0
A1 25    0    0    1    1    1    1    0    0    1    0    0    0
A2 25    0    0    1    1    1    1    0    0    1    0    0    0
A3 25    0    0    1    1    1    1    0    0    1    0    0    0
A4 25    0    0    1    1    1    1    0    0    1    0    0    0
A5 25    0    0    1    1    1    1    0    0    1    0    0    0
A6 25    0    0    1    1    1    1    0    0    1    0    0    0
A7 25    0    0    1    1    1    1    0    0    1    0    0    0
A8 25    0    0    1    1    1    1    0    0    1    0    0    0
A9 25    0    0    1    1    1    1    0    0    1    0    0    0
AA 25    0    0    1    1    1    1    0    0    1    0    0    0
AB 25    0    0    1    1    1    1    0    0    1    0    0    0
AC 25    0    0    1    1    1    1    0    0    1    0    0    0
AD 25    0    0    1    1    1    1    0    0    1    0    0    0
AE 25    0    0    1    1    1    1    0    0    1    0    0    0
AF 25    0    0    1    1    1    1    0    0    1    0    0    0
AG 25    0    0    1    1    1    1    0    0    1    0    0    0
AH 25    0    0    1    1    1    1    0    0    1    0    0    0
AI 25    0    0    1    1    1    1    0    0    1    0    0    0
AJ 25    0    0    1    1    1    1    0    0    1    0    0    0
AK 25    0    0    1    1    1    1    0    0    1    0    0    0
A1 26    0    0    1    1    1    1    0    0    1    0    0    0
A2 26    0    0    1    1    1    1    0    0    1    0    0    0
A3 26    0    0    1    1    1    1    0    0    1    0    0    0
A4 26    0    0    1    1    1    1    0    0    1    0    0    0
A5 26    0    0    1    1    1    1    0    0    1    0    0    0
A6 26    0    0    1    1    1    1    0    0    1    0    0    0
A7 26    0    0    1    1    1    1    0    0    1    0    0    0
A8 26    0    0    1    1    1    1    0    0    1    0    0    0
A9 26    0    0    1    1    1    1    0    0    1    0    0    0
AA 26    0    0    1    1    1    1    0    0    1    0    0    0
AB 26    0    0    1    1    1    1    0    0    1    0    0    0
AC 26    0    0    1    1    1    1    0    0    1    0    0    0
AD 26    0    0    1    1    1    1    0    0    1    0    0    0
AE 26    0    0    1    1    1    1    0    0    1    0    0    0
AF 26    0    0    1    1    1    1    0    0    1    0    0    0
AG 26    0    0    1    1    1    1    0    0    1    0    0    0
AH 26    0    0    1    1    1    1    0    0    1    0    0    0
AI 26    0    0    1    1    1    1    0    0    1    0    0    0
AJ 26    0    0    1    1    1    1    0    0    1    0    0    0
AK 26    0    0    1    1    1    1    0    0    1    0    0    0
A1 27    0    0    1    1    1    1    0    0    1    0    0    0
A2 27    0    0    1    1    1    1    0    0    1    0    0    0
A3 27    0    0    1    1    1    1    0    0    1    0    0    0
A4 27    0    0    1    1    1    1    0    0    1    0    0    0
A5 27    0    0    1    1    1    1    0    0    1    0    0    0
A6 27    0    0    1    1    1    1    0    0    1    0    0    0
A7 27    0    0    1    1    1    1    0    0    1    0    0    0
A8 27    0    0    1    1    1    1    0    0    1    0    0    0
A9 27    0    0    1    1    1    1    0    0    1    0    0    0
AA 27    0    0    1    1    1    1    0    0    1    0    0    0
AB 27    0    0    1    1    1    1    0    0    1    0    0    0
AC 27    0    0    1    1    1    1    0    0    1    0    0    0
AD 27    0    0    1    1    1    1    0    0    1    0    0    0
AE 27    0    0    1    1    1    1    0    0    1    0    0    0
AF 27    0    0    1    1    1    1    0    0    1    0    0    0
AG 27    0    0    1    1    1    1    0    0    1    0    0    0
AH 27    0    0    1    1    1    1    0    0    1    0    0    0
AI 27    0    0    1    1    1    1    0    0    1    0    0    0
AJ 27    0    0    1    1    1    1    0    0    1    0    0    0
AK 27    0    0    1    1    1    1    0    0    1    0    0    0
A1 28    0    0    1    1    1    1    0    0    1    0    0    0
A2 28    0    0    1    1    1    1    0    0    1    0    0    0
A3 28    0    0    1    1    1    1    0    0    1    0    0    0
A4 28    0    0    1    1    1    1    0    0    1    0    0    0
A5 28    0    0    1    1    1    1    0    0    1    0    0    0
A6 28    0    0    1    1    1    1    0    0    1    0    0    0
A7 28    0    0    1    1    1    1    0    0    1    0    0    0
A8 28    0    0    1    1    1    1    0    0    1    0    0    0
A9 28    0    0    1    1    1    1    0    0    1    0    0    0
AA 28    0    0    1    1    1    1    0    0    1    0    0    0
AB 28    0    0    1    1    1    1    0    0    1    0    0    0
AC 28    0    0    1    1    1    1    0    0    1    0    0    0
AD 28    0    0    1    1    1    1    0    0    1    0    0    0
AE 28    0    0    1    1    1    1    0    0    1    0    0    0
AF 28    0    0    1    1    1    1    0    0    1    0    0    0
AG 28    0    0    1    1    1    1    0    0    1    0    0    0
AH 28    0    0    1    1    1    1    0    0    1    0    0    0
AI 28    0    0    1    1    1    1    0    0    1    0    0    0
AJ 28    0    0    1    1    1    1    0    0    1    0    0    0
AK 28    0    0    1    1    1    1    0    0    1    0    0    0
A1 29    0    0    1    1    1    1    0    0    1    0    0    0
A2 29    0    0    1    1    1    1    0    0    1    0    0    0
A3 29    0    0    1    1    1    1    0    0    1    0    0    0
A4 29    0    0    1    1    1    1    0    0    1    0    0    0
A5 29    0    0    1    1    1    1    0    0    1    0    0    0
A6 29    0    0    1    1    1    1    0    0    1    0    0    0
A7 29    0    0    1    1    1    1    0    0    1    0    0    0
A8 29    0    0    1    1    1    1    0    0    1    0    0    0
A9 29    0    0    1    1    1    1    0    0    1    0    0    0
AA 29    0    0    1    1    1    1    0    0    1    0    0    0
AB 29    0    0    1    1    1    1    0    0    1    0    0    0
AC 29    0    0    1    1    1    1    0    0    1    0    0    0
AD 29    0    0    1    1    1    1    0    0    1    0    0    0
AE 29    0    0    1    1    1    1    0    0    1    0    0    0
AF 29    0    0    1    1    1    1    0    0    1    0    0    0
AG 29    0    0    1    1    1    1    0    0    1    0    0    0
AH 29    0    0    1    1    1    1    0    0    1    0    0    0
AI 29    0    0    1    1    1    1    0    0    1    0    0    0
AJ 29    0    0    1    1    1    1    0    0    1    0    0    0
AK 29    0    0    1    1    1    1    0    0    1    0    0    0
A1 30    0    0    1    1    1    1    0    0    1    0    0    0
A2 30    0    0    1    1    1    1    0    0    1    0    0    0
A3 30    0    0    1    1    1    1    0    0    1    0    0    0
A4 30    0    0    1    1    1    1    0    0    1    0    0    0
A5 30    0    0    1    1    1    1    0    0    1    0    0    0
A6 30    0    0    1    1    1    1    0    0    1    0    0    0
A7 30    0    0    1    1    1    1    0    0    1    0    0    0
A8 30    0    0    1    1    1    1    0    0    1    0    0    0
A9 30    0    0    1    1    1    1    0    0    1    0    0    0
AA 30    0    0    1    1    1    1    0    0    1    0    0    0
AB 30    0    0    1    1    1    1    0    0    1    0    0    0
AC 30    0    0    1    1    1    1    0    0    1    0    0    0
AD 30    0    0    1    1    1    1    0    0    1    0    0    0
AE 30    0    0    1    1    1    1    0    0    1    0    0    0
AF 30    0    0    1    1    1    1    0    0    1    0    0    0
AG 30    0    0    1    1    1    1    0    0    1    0    0    0
AH 30    0    0    1    1    1    1    0    0    1    0    0    0
AI 30    0    0    1    1    1    1    0    0    1    0    0    0
AJ 30    0    0    1    1    1    1    0    0    1    0    0    0
AK 30    0    0    1    1    1    1    0    0    1    0    0    0
A1 31    0    0    1    1    1    1    0    0    1    0    0    0
A2 31    0    0    1    1    1    1    0    0    1    0    0    0
A3 31    0    0    1    1    1    1    0    0    1    0    0    0
A4 31    0    0    1    1    1    1    0    0    1    0    0    0
A5 31    0    0    1    1    1    1    0    0    1    0    0    0
A6 31    0    0    1    1    1    1    0    0    1    0    0    0
A7 31    0    0    1    1    1    1    0    0    1    0    0    0
A8 31    0    0    1    1    1    1    0    0    1    0    0    0
A9 31    0    0    1    1    1    1    0    0    1    0    0    0
AA 31    0    0    1    1    1    1    0    0    1    0    0    0
AB 31    0    0    1    1    1    1    0    0    1    0    0    0
AC 31    0    0    1    1    1    1    0    0    1    0    0    0
AD 31    0    0    1    1    1    1    0    0    1    0    0    0
AE 31    0    0    1    1    1    1    0    0    1    0    0    0
AF 31    0    0    1    1    1    1    0    0    1    0    0    0
AG 31    0    0    1    1    1    1    0    0    1    0    0    0
AH 31    0    0    1    1    1    1    0    0    1    0    0    0
AI 31    0    0    1    1    1    1    0    0    1    0    0    0
AJ 31    0    0    1    1    1    1    0    0    1    0    0    0
AK 31    0    0    1    1    1    1    0    0    1    0    0    0
A1 32    0    0    1    1    1    1    0    0    1    0    0    0
A2 32    0    0    1    1    1    1    0    0    1    0    0    0
A3 32    0    0    1    1    1    1    0    0    1    0    0    0
A4 32    0    0    1    1    1    1    0    0    1    0    0    0
A5 32    0    0    1    1    1    1    0    0    1    0    0    0
A6 32    0    0    1    1    1    1    0    0    1    0    0    0
A7 32    0    0    1    1    1    1    0    0    1    0    0    0
A8 32    0    0    1    1    1    1    0    0    1    0    0    0
A9 32    0    0    1    1    1    1    0    0    1    0    0    0
AA 32    0    0    1    1    1    1    0    0    1    0    0    0
AB 32    0    0    1    1    1    1    0    0    1    0    0    0
AC 32    0    0    1    1    1    1    0    0    1    0    0    0
AD 32    0    0    1    1    1    1    0    0    1    0    0    0
AE 32    0    0    1    1    1    1    0    0    1    0    0    0
AF 32    0    0    1    1    1    1    0    0    1    0    0    0
AG 32    0    0    1    1    1    1    0    0    1    0    0    0
AH 32    0    0    1    1    1    1    0    0    1    0    0    0
AI 32    0    0    1    1    1    1    0    0    1    0    0    0
AJ 32    0    0    1    1    1    1    0    0    1    0    0    0
AK 32    0    0    1    1    1    1    0    0    1    0    0    0
A1 33    0    0    1    1    1    1    0    0    1    0    0    0
A2 33    0    0    1    1    1    1    0    0    1    0    0    0
A3 33    0    0    1    1    1    1    0    0    1    0    0    0
A4 33    0    0    1    1    1    1    0    0    1    0    0    0
A5 33    0    0    1    1    1    1    0    0    1    0    0    0
A6 33    0    0    1    1    1    1    0    0    1    0    0    0
A7 33    0    0    1    1    1    1    0    0    1    0    0    0
A8 33    0    0    1    1    1    1    0    0    1    0    0    0
A9 33    0    0    1    1    1    1    0    0    1    0    0    0
AA 33    0    0    1    1    1    1    0    0    1    0    0    0
AB 33    0    0    1    1    1    1    0    0    1    0    0    0
AC 33    0    0    1    1    1    1    0    0    1    0    0    0
AD 33    0    0    1    1    1    1    0    0    1    0    0    0
AE 33    0    0    1    1    1    1    0    0    1    0    0    0
AF 33    0    0    1    1    1    1    0    0    1    0    0    0
AG 33    0    0    1    1    1    1    0    0    1    0    0    0
AH 33    0    0    1    1    1    1    0    0    1    0    0    0
AI 33    0    0    1    1    1    1    0    0    1    0    0    0
AJ 33    0    0    1    1    1    1    0    0    1    0    0    0
AK 33    0    0    1    1    1    1    0    0    1    0    0    0
A1 34    0    0    1    1    1    1    0    0    1    0    0    0
A2 34    0    0    1    1    1    1    0    0    1    0    0    0
A3 34    0    0    1    1    1    1    0    0    1    0    0    0
A4 34    0    0    1    1    1    1    0    0    1    0    0    0
A5 34    0    0    1    1    1    1    0    0    1    0    0    0
A6 34    0    0    1    1    1    1    0    0    1    0    0    0
A7 34    0    0    1    1    1    1    0    0    1    0    0    0
A8 34    0    0    1    1    1    1    0    0    1    0    0    0
A9 34    0    0    1    1    1    1    0    0    1    0    0    0
AA 34    0    0    1    1    1    1    0    0    1    0    0    0
AB 34    0    0    1    1    1    1    0    0    1    0    0    0
AC 34    0    0    1    1    1    1    0    0    1    0    0    0
AD 34    0    0    1    1    1    1    0    0    1    0    0    0
AE 34    0    0    1    1    1    1    0    0    1    0    0    0
AF 34    0    0    1    1    1    1    0    0    1    0    0    0
AG 34    0    0    1    1    1    1    0    0    1    0    0    0
AH 34    0    0    1    1    1    1    0    0    1    0    0    0
AI 34    0    0    1    1    1    1    0    0    1    0    0    0
AJ 34    0    0    1    1    1    1    0    0    1    0    0    0
AK 34    0    0    1    1    1    1    0    0    1    0    0    0
A1 35    0    0    1    1    1    1    0    0    1    0    0    0
A2 35    0    0    1    1    1    1    0    0    1    0    0    0
A3 35    0    0    1    1    1    1    0    0    1    0    0    0
A4 35    0    0    1    1    1    1    0    0    1    0    0    0
A5 35    0    0    1    1    1    1    0    0    1    0    0    0
A6 35    0    0    1    1    1    1    0    0    1    0    0    0
A7 35    0    0    1    1    1    1    0    0    1    0    0    0
A8 35    0    0    1    1    1    1    0    0    1    0    0    0
A9 35    0    0    1    1    1    1    0    0    1    0    0    0
AA 35    0    0    1    1    1    1    0    0    1    0    0    0
AB 35    0    0    1    1    1    1    0    0    1    0    0    0
AC 35    0    0    1    1    1    1    0    0    1    0    0    0
AD 35    0    0    1    1    1    1    0    0    1    0    0    0
AE 35    0    0    1    1    1    1    0    0    1    0    0    0
AF 35    0    0    1    1    1    1    0    0    1    0    0    0
AG 35    0    0    1    1    1    1    0    0    1    0    0    0
AH 35    0    0    1    1    1    1    0    0    1    0    0    0
AI 35    0    0    1    1    1    1    0    0    1    0    0    0
AJ 35    0    0    1    1    1    1    0    0    1    0    0    0
AK 35    0    0    1    1    1    1    0    0    1    0    0    0
A1 36    0    0    1    1    1    1    0    0    1    0    0    0
A2 36    0    0    1    1    1    1    0    0    1    0    0    0
A3 36    0    0    1    1    1    1    0    0    1    0    0    0
A4 36    0    0    1    1    1    1    0    0    1    0    0    0
A5 36    0    0    1    1    1    1    0    0    1    0    0    0
A6 36    0    0    1    1    1    1    0    0    1    0    0    0
A7 36    0    0    1    1    1    1    0    0    1    0    0    0
A8 36    0    0    1    1    1    1    0    0    1    0    0    0
A9 36    0    0    1    1    1    1    0    0    1    0    0    0
AA 36    0    0    1    1    1    1    0    0    1    0    0    0
AB 36    0    0    1    1    1    1    0    0    1    0    0    0
AC 36    0    0    1    1    1    1    0    0    1    0    0    0
AD 36    0    0    1    1    1    1    0    0    1    0    0    0
AE 36    0    0    1    1    1    1    0    0    1    0    0    0
AF 36    0    0    1    1    1    1    0    0    1    0    0    0
AG 36    0    0    1    1    1    1    0    0    1    0    0    0
AH 36    0    0    1    1    1    1    0    0    1    0    0    0
AI 36    0    0    1    1    1    1    0    0    1    0    0    0
AJ 36    0    0    1    1    1    1    0    0    1    0    0    0
AK 36    0    0    1    1    1    1    0    0    1    0    0    0
A1 37    0    0    1    1    1    1    0    0    1    0    0    0
A2 37    0    0    1    1    1    1    0    0    1    0    0    0
A3 37    0    0    1    1    1    1    0    0    1    0    0    0
A4 37    0    0    1    1    1    1    0    0    1    0    0    0
A5 37    0    0    1    1    1    1    0    0    1    0    0    0
A6 37    0    0    1    1    1    1    0    0    1    0    0    0
A7 37    0    0    1    1    1    1    0    0    1    0    0    0
A8 37    0    0    1    1    1    1    0    0    1    0    0    0
A9 37    0    0    1    1    1    1    0    0    1    0    0    0
AA 37    0    0    1    1    1    1    0    0    1    0    0    0
AB 37    0    0    1    1    1    1    0    0    1    0    0    0
AC 37    0    0    1    1    1    1    0    0    1    0    0    0
AD 37    0    0    1    1    1    1    0    0    1    0    0    0
AE 37    0    0    1    1    1    1    0    0    1    0    0    0
AF 37    0    0    1    1    1    1    0    0    1    0    0    0
AG 37    0    0    1    1    1    1    0    0    1    0    0    0
AH 37    0    0    1    1    1    1    0    0    1    0    0    0
AI 37    0    0    1    1    1    1    0    0    1    0    0    0
AJ 37    0    0    1    1    1    1    0    0    1    0    0    0
AK 37    0    0    1    1    1    1    0    0    1    0    0    0
A1 38    0    0    1    1    1    1    0    0    1    0    0    0
A2 38    0    0    1    1    1    1    0    0    1    0    0    0
A3 38    0    0    1    1    1    1    0    0    1    0    0    0
A4 38    0    0    1    1    1    1    0    0    1    0    0    0
A5 38    0    0    1    1    1    1    0    0    1    0    0    0
A6 38    0    0    1    1    1    1    0    0    1    0    0    0
A7 38    0    0    1    1    1    1    0    0    1    0    0    0
A8 38    0    0    1    1    1    1    0    0    1    0    0    0
A9 38    0    0    1    1    1    1    0    0    1    0    0    0
AA 38    0    0    1    1    1    1    0    0    1    0    0    0
AB 38    0    0    1    1    1    1    0    0    1    0    0    0
AC 38    0    0    1    1    1    1    0    0    1    0    0    0
AD 38    0    0    1    1    1    1    0    0    1    0    0    0
AE 38    0    0    1    1    1    1    0    0    1    0    0    0
AF 38    0    0    1    1    1    1    0    0    1    0    0    0
AG 38    0    0    1    1    1    1    0    0    1    0    0    0
AH 38    0    0    1    1    1    1    0    0    1    0    0    0
AI 38    0    0    1    1    1    1    0    0    1    0    0    0
AJ 38    0    0    1    1    1    1    0    0    1    0    0    0
AK 38    0    0    1    1    1    1    0    0    1    0    0    0
A1 39    0    0    1    1    1    1    0    0    1    0    0    0
A2 39    0    0    1    1    1    1    0    0    1    0    0    0
A3 39    0    0    1    1    1    1    0    0    1    0    0    0
A4 39    0    0    1    1    1    1    0    0    1    0    0    0
A5 39    0    0    1    1    1    1    0    0    1    0    0    0
A6 39    0    0    1    1    1    1    0    0    1    0    0    0
A7 39    0    0    1    1    1    1    0    0    1    0    0    0
A8 39    0    0    1    1    1    1    0    0    1    0    0    0
A9 39    0    0    1    1    1    1    0    0    1    0    0    0
AA 39    0    0    1    1    1    1    0    0    1    0    0    0
AB 39    0    0    1    1    1    1    0    0    1    0    0    0
AC 39    0    0    1    1    1    1    0    0    1    0    0    0
AD 39    0    0    1    1    1    1    0    0    1    0    0    0
AE 39    0    0    1    1    1    1    0    0    1    0    0    0
AF 39    0    0    1    1    1    1    0    0    1    0    0    0
AG 39    0    0    1    1    1    1    0    0    1    0    0    0
AH 39    0    0    1    1    1    1    0    0    1    0    0    0
AI 39    0    0    1    1    1    1    0    0    1    0    0    0
AJ 39    0    0    1    1    1    1    0    0    1    0    0    0
AK 39    0    0    1    1    1    1    0    0    1    0    0    0
A1 40    0    0    1    1    1    1    0    0    1    0    0    0
A2 40    0    0    1    1    1    1    0    0    1    0    0    0
A3 40    0    0    1    1    1    1    0    0    1    0    0    0
A4 40    0    0    1    1    1    1    0    0    1    0    0    0
A5 40    0    0    1    1    1    1    0    0    1    0    0    0
A6 40    0    0    1    1    1    1    0    0    1    0    0    0
A7 40    0    0    1    1    1    1    0    0    1    0    0    0
A8 40    0    0    1    1    1    1    0    0    1    0    0    0
A9 40    0    0    1    1    1    1    0    0    1    0    0    0
AA 40    0    0    1    1    1    1    0    0    1    0    0    0
AB 40    0    0    1    1    1    1    0    0    1    0    0    0
AC 40    0    0    1    1    1    1    0    0    1    0    0    0
AD 40    0    0    1    1    1    1    0    0    1    0    0    0
AE 40    0    0    1    1    1    1    0    0    1    0    0    0
AF 40    0    0    1    1    1    1    0    0    1    0    0    0
AG 40    0    0    1    1    1    1    0    0    1    0    0    0
AH 40    0    0    1    1    1    1    0    0    1    0    0    0
AI 40    0    0    1    1    1    1    0    0    1    0    0    0
AJ 40    0    0    1    1    1    1    0    0    1    0    0    0
AK 40    0    0    1    1    1    1    0    0    1    0    0    0
A1 41    0    0    1    1    1    1    0    0    1    0    0    0
A2 41    0    0    1    1    1    1    0    0    1    0    0    0
A3 41    0    0    1    1    1    1    0    0    1    0    0    0
A4 41    0    0    1    1    1    1    0    0    1    0    0    0
A5 41    0    0    1    1    1    1    0    0    1    0    0    0
A6 41    0    0    1    1    1    1    0    0    1    0    0    0
A7 41    0    0    1    1    1    1    0    0    1    0    0    0
A8 41    0    0    1    1    1    1    0    0    1    0    0    0
A9 41    0    0    1    1    1    1    0    0    1    0    0    0
AA 41    0    0    1    1    1    1    0    0    1    0    0    0
AB 41    0    0    1    1    1    1    0    0    1    0    0    0
AC 41    0    0    1    1    1    1    0    0    1    0    0    0
AD 41    0    0    1    1    1    1    0    0    1    0    0    0
AE 41    0    0    1    1    1    1    0    0    1    0    0    0
AF 41    0    0    1    1    1    1    0    0    1    0    0    0
AG 41    0    0    1    1    1    1    0    0    1    0    0    0
AH 41    0    0    1    1    1    1    0    0    1    0    0    0
AI 41    0    0    1    1    1    1    0    0    1    0    0    0
AJ 41    0    0    1    1    1    1    0    0    1    0    0    0
AK 41    0    0    1    1    1    1    0    0    1    0    0    0
A1 42    0    0    1    1    1    1    0    0    1    0    0    0
A2 42    0    0    1    1    1    1    0    0    1    0    0    0
A3 42    0    0    1    1    1    1    0    0    1    0    0    0
A4 42    0    0    1    1    1    1    0    0    1    0    0    0
A5 42    0    0    1    1    1    1    0    0    1    0    0    0
A6 42    0    0    1    1    1    1    0    0    1    0    0    0
A7 42    0    0    1    1    1    1    0    0    1    0    0    0
A8 42    0    0    1    1    1    1    0    0    1    0    0    0
A9 42    0    0    1    1    1    1    0    0    1    0    0    0
AA 42    0    0    1    1    1    1    0    0    1    0    0    0
AB 42    0    0    1    1    1    1    0    0    1    0    0    0
AC 42    0    0    1    1    1    1    0    0    1    0    0    0
AD 42    0    0    1    1    1    1    0    0    1    0    0    0
AE 42    0    0    1    1    1    1    0    0    1    0    0    0
AF 42    0    0    1    1    1    1    0    0    1    0    0    0
AG 42    0    0    1    1    1    1    0    0    1    0    0    0
AH 42    0    0    1    1    1    1    0    0    1    0    0    0
AI 42    0    0    1    1    1    1    0    0    1    0    0    0
AJ 42    0    0    1    1    1    1    0    0    1    0    0    0
AK 42    0    0    1    1    1    1    0    0    1    0    0    0
A1 43    0    0    1    1    1    1    0    0    1    0    0    0
A2 43    0    0    1    1    1    1    0    0    1    0    0    0
A3 43    0    0    1    1    1    1    0    0    1    0    0    0
A4 43    0    0    1    1    1    1    0    0    1    0    0    0
A5 43    0    0    1    1    1    1    0    0    1    0    0    0
A6 43    0    0    1    1    1    1    0    0    1    0    0    0
A7 43    0    0    1    1    1    1    0    0    1    0    0    0
A8 43    0    0    1    1    1    1    0    0    1    0    0    0
A9 43    0    0    1    1    1    1    0    0    1    0    0    0
AA 43    0    0    1    1    1    1    0    0    1    0    0    0
AB 43    0    0    1    1    1    1    0    0    1    0    0    0
AC 43    0    0    1    1    1    1    0    0    1    0    0    0
AD 43    0    0    1    1    1    1    0    0    1    0    0    0
AE 43    0    0    1    1    1    1    0    0    1    0    0    0
AF 43    0    0    1    1    1    1    0    0    1    0    0    0
AG 43    0    0    1    1    1    1    0    0    1    0    0    0
AH 43    0    0    1    1    1    1    0    0    1    0    0    0
AI 43    0    0    1    1    1    1    0    0    1    0    0    0
AJ 43    0    0    1    1    1    1    0    0    1    0    0    0
AK 43    0    0    1    1    1    1    0    0    1    0    0    0
A1 44    0    0    1    1    1    1    0    0    1    0    0    0
A2 44    0    0    1    1    1    1    0    0    1    0    0    0
A3 44    0    0    1    1    1    1    0    0    1    0    0    0
A4 44    0    0    1    1    1    1    0    0    1    0    0    0
A5 44    0    0    1    1    1    1    0    0    1    0    0    0
A6 44    0    0    1    1    1    1    0    0    1    0    0    0
A7 44    0    0    1    1    1    1    0    0    1    0    0    0
A8 44    0    0    1    1    1    1    0    0    1    0    0    0
A9 44    0    0    1    1    1    1    0    0    1    0    0    0
AA 44    0    0    1    1    1    1    0    0    1    0    0    0
AB 44    0    0    1    1    1    1    0    0    1    0    0    0
AC 44    0    0    1    1    1    1    0    0    1    0    0    0
AD 44    0    0    1    1    1    1    0    0    1    0    0    0
AE 44    0    0    1    1    1    1    0    0    1    0    0    0
AF 44    0    0    1    1    1    1    0    0    1    0    0    0
AG 44    0    0    1    1    1    1    0    0    1    0    0    0
AH 44    0    0    1    1    1    1    0    0    1    0    0    0
AI 44    0    0    1    1    1    1    0    0    1    0    0    0
AJ 44    0    0    1    1    1    1    0    0    1    0    0    0
AK 44    0    0    1    1    1    1    0    0    1    0    0    0
A1 45    0    0    1    1    1    1    0    0    1    0    0    0
A2 45    0    0    1    1    1    1    0    0    1    0    0    0
A3 45    0    0    1    1    1    1    0    0    1    0    0    0
A4 45    0    0    1    1    1    1    0    0    1    0    0    0
A5 45    0    0    1    1    1    1    0    0    1    0    0    0
A6 45    0    0    1    1    1    1    0    0    1    0    0    0
A7 45    0    0    1    1    1    1    0    0    1    0    0    0
A8 45    0    0    1    1    1    1    0    0    1    0    0    0
A9 45    0    0    1    1    1    1    0    0    1    0    0    0
AA 45    0    0    1    1    1    1    0    0    1    0    0    0
AB 45    0    0    1    1    1    1    0    0    1    0    0    0
AC 45    0    0    1    1    1    1    0    0    1    0    0    0
AD 45    0    0    1    1    1    1    0    0    1    0    0    0
AE 45    0    0    1    1    1    1    0    0    1    0    0    0
AF 45    0    0    1    1    1    1    0    0    1    0    0    0
AG 45    0    0    1    1    1    1    0    0    1    0    0    0
AH 45    0    0    1    1    1    1    0    0    1    0    0    0
AI 45    0    0    1    1    1    1    0    0    1    0    0    0
AJ 45    0    0    1    1    1    1    0    0    1    0    0    0
AK 45    0    0    1    1    1    1    0    0    1    0    0    0
A1 46    0    0    1    1    1    1    0    0    1    0    0    0
A2 46    0    0    1    1    1    1    0    0    1    0    0    0
A3 46    0    0    1    1    1    1    0    0    1    0    0    0
A4 46    0    0    1    1    1    1    0    0    1    0    0    0
A5 46    0    0    1    1    1    1    0    0    1    0    0    0
A6 46    0    0    1    1    1    1    0    0    1    0    0    0
A7 46    0    0    1    1    1    1    0    0    1    0    0    0
A8 46    0    0    1    1    1    1    0    0    1    0    0    0
A9 46    0    0    1    1    1    1    0    0    1    0    0    0
AA 46    0    0    1    1    1    1    0    0    1    0    0    0
AB 46    0    0    1    1    1    1    0    0    1    0    0    0
AC 46    0    0    1    1    1    1    0    0    1    0    0    0
AD 46    0    0    1    1    1    1    0    0    1    0    0    0
AE 46    0    0    1    1    1    1    0    0    1    0    0    0
AF 46    0    0    1    1    1    1    0    0    1    0    0    0
AG 46    0    0    1    1    1    1    0    0    1    0    0    0
AH 46    0    0    1    1    1    1    0    0    1    0    0    0
AI 46    0    0    1    1    1    1    0    0    1    0    0    0
AJ 46    0    0    1    1    1    1    0    0    1    0    0    0
AK 46    0    0    1    1    1    1    0    0    1    0    0    0
A1 47    0    0    1    1    1    1    0    0    1    0    0    0
A2 47    0    0    1    1    1    1    0    0    1    0    0    0
A3 47    0    0    1    1    1    1    0    0    1    0    0    0
A4 47    0    0    1    1    1    1    0    0    1    0    0    0
A5 47    0    0    1    1    1    1    0    0    1    0    0    0
A6 47    0    0    1    1    1    1    0    0    1    0    0    0
A7 47    0    0    1    1    1    1    0    0    1    0    0    0
A8 47    0    0    1    1    1    1    0    0    1    0    0    0
A9 47    0    0    1    1    1    1    0    0    1    0    0    0
AA 47    0    0    1    1    1    1    0    0    1    0    0    0
AB 47    0    0    1    1    1    1    0    0    1    0    0    0
AC 47    0    0    1    1    1    1    0    0    1    0    0    0
AD 47    0    0    1    1    1    1    0    0    1    0    0    0
AE 47    0    0    1    1    1    1    0    0    1    0    0    0
AF 47    0    0    1    1    1    1    0    0    1    0    0    0
AG 47    0    0    1    1    1    1    0    0    1    0    0    0
AH 47    0    0    1    1    1    1    0    0    1    0    0    0
AI 47    0    0    1    1    1    1    0    0    1    0    0    0
AJ 47    0    0    1    1    1    1    0    0    1    0    0    0
AK 47    0    0    1    1    1    1    0    0    1    0    0    0
A1 48    0    0    1    1    1    1    0    0    1    0    0    0
A2 48    0    0    1    1    1    1    0    0    1    0    0    0
A3 48    0    0    1    1    1    1    0    0    1    0    0    0
A4 48    0    0    1    1    1    1    0    0    1    0    0    0
A5 48    0    0    1    1    1    1    0    0    1    0    0    0
A6 48    0    0    1    1    1    1    0    0    1    0    0    0
A7 48    0    0    1    1    1    1    0    0    1    0    0    0
A8 48    0    0    1    1    1    1    0    0    1    0    0    0
A9 48    0    0    1    1    1    1    0    0    1    0    0    0
AA 48    0    0    1    1    1    1    0    0    1    0    0    0
AB 48    0    0    1    1    1    1    0    0    1    0    0    0
AC 48    0    0    1    1    1    1    0    0    1    0    0    0
AD 48    0    0    1    1    1    1    0    0    1    0    0    0
AE 48    0    0    1    1    1    1    0    0    1    0    0    0
AF 48    0    0    1    1    1    1    0    0    1    0    0    0
AG 48    0    0    1    1    1    1    0    0    1    0    0    0
AH 48    0    0    1    1    1    1    0    0    1    0    0    0
AI 48    0    0    1    1    1    1    0    0    1    0    0    0
AJ 48    0    0    1    1    1    1    0    0    1    0    0    0
AK 48    0    0    1    1    1    1    0    0    1    0    0    0
A1 49    0    0    1    1    1    1    0    0    1    0    0    0
A2 49    0    0    1    1    1    1    0    0    1    0    0    0
A3 49    0    0    1    1    1    1    0    0    1    0    0    0
A4 49    0    0    1    1    1    1    0    0    1    0    0    0
A5 49    0    0    1    1    1    1    0    0    1    0    0    0
A6 49    0    0    1    1    1    1    0    0    1    0    0    0
A7 49    0    0    1    1    1    1    0    0    1    0    0    0
A8 49    0    0    1    1    1    1    0    0    1    0    0    0
A9 49    0    0    1    1    1    1    0    0    1    0    0    0
AA 49    0    0    1    1    1    1    0    0    1    0    0    0
AB 49    0    0    1    1    1    1    0    0    1    0    0    0
AC 49    0    0    1    1    1    1    0    0    1    0    0    0
AD 49    0    0    1    1    1    1    0    0    1    0    0    0
AE 49    0    0    1    1    1    1    0    0    1    0    0    0
AF 49    0    0    1    1    1    1    0    0    1    0    0    0
AG 49    0    0    1    1    1    1    0    0    1    0    0    0
AH 49    0    0    1    1    1    1    0    0    1    0    0    0
AI 49    0    0    1    1    1    1    0    0    1    0    0    0
AJ 49    0    0    1    1    1    1    0    0    1    0    0    0
AK 49    0    0    1    1    1    1    0    0    1    0    0    0
A1 50    0    0    1    1    1    1    0    0    1    0    0    0
A2 50    0    0    1    1    1    1    0    0    1    0    0    0
A3 50    0    0    1    1    1    1    0    0    1    0    0    0
A4 50    0    0    1    1    1    1    0    0    1    0    0    0
A5 50    0    0    1    1    1    1    0    0    1    0    0    0
A6 50    0    0    1    1    1    1    0    0    1    0    0    0
A7 50    0    0    1    1    1    1    0    0    1    0    0    0
A8 50    0    0    1    1    1    1    0    0    1    0    0    0
A9 50    0    0    1    1    1    1    0    0    1    0    0    0
AA 50    0    0    1    1    1    1    0    0    1    0    0    0
AB 50    0    0    1    1    1    1    0    0    1    0    0    0
AC 50    0    0    1    1    1    1    0    0    1    0    0    0
AD 50    0    0    1    1    1    1    0    0    1    0    0    0
AE 50    0    0    1    1    1    1    0    0    1    0    0    0
AF 50    0    0    1    1    1    1    0    0    1    0    0    0
AG 50    0    0    1    1    1    1    0    0    1    0    0    0
AH 50    0    0    1    1    1    1    0    0    1    0    0    0
AI 50    0    0    1    1    1    1    0    0    1    0    0    0
AJ 50    0    0    1    1    1    1    0    0    1    0    0    0
AK 50    0    0    1    1    1    1    0    0    1    0    0    0
A1 51    0    0    1    1    1    1    0    0    1    0    0    0
A2 51    0    0    1    1    1    1    0    0    1    0    0    0
A3 51    0    0    1    1    1    1    0    0    1    0    0    0
A4 51    0    0    1    1    1    1    0    0    1    0    0    0
A5 51    0    0    1    1    1    1    0    0    1    0    0    0
A6 51    0    0    1    1    1    1    0    0    1    0    0    0
A7 51    0    0    1    1    1    1    0    0    1    0    0    0
A8 51    0    0    1    1    1    1    0    0    1    0    0    0
A9 51    0    0    1    1    1    1    0    0    1    0    0    0
AA 51    0    0    1    1    1    1    0    0    1    0    0    0
AB 51    0    0    1    1    1    1    0    0    1    0    0    0
AC 51    0    0    1    1    1    1    0    0    1    0    0    0
AD 51    0    0    1    1    1    1    0    0    1    0    0    0
AE 51    0    0    1    1    1    1    0    0    1    0    0    0
AF 51    0    0    1    1    1    1    0    0    1    0    0    0
AG 51    0    0    1    1    1    1    0    0    1    0    0    0
AH 51    0    0    1    1    1    1    0    0    1    0    0    0
AI 51    0    0    1    1    1    1    0    0    1    0    0    0
AJ 51    0    0    1    1    1    1    0    0    1    0    0    0
AK 51    0    0    1    1    1    1    0    0    1    0    0    0
A1 52    0    0    1    1    1    1    0    0    1    0    0    0
A2 52    0    0    1    1    1    1    0    0    1    0    0    0
A3 52    0    0    1    1    1    1    0    0    1    0    0    0
A4 52    0    0    1    1    1    1    0    0    1    0    0    0
A5 52    0    0    1    1    1    1    0    0    1    0    0    0
A6 52    0    0    1    1    1    1    0    0    1    0    0    0
A7 52    0    0    1    1    1    1    0    0    1    0    0    0
A8 52    0    0    1    1    1    1    0    0    1    0    0    0
A9 52    0    0    1    1    1    1    0    0    1    0    0    0
AA 52    0    0    1    1    1    1    0    0    1    0    0    0
AB 52    0    0    1    1    1    1    0    0    1    0    0    0
AC 52    0    0    1    1    1    1    0    0    1    0    0    0
AD 52    0    0    1    1    1    1    0    0    1    0    0    0
AE 52    0    0    1    1    1    1    0    0    1    0    0    0
AF 52    0    0    1    1    1    1    0    0    1    0    0    0
AG 52    0    0    1    1    1    1    0    0    1    0    0    0
AH 52    0    0    1    1    1    1    0    0    1    0    0    0
AI 52    0    0    1    1    1    1    0    0    1    0    0    0
AJ 52    0    0    1    1    1    1    0    0    1    0    0    0
AK 52    0    0    1    1    1    1    0    0    1    0    0    0
A1 53    0    0    1    1    1    1    0    0    1    0    0    0
A2 53    0    0    1    1    1    1    0    0    1    0    0    0
A3 53    0    0    1    1    1    1    0    0    1    0    0    0
A4 53    0    0    1    1    1    1    0    0    1    0    0    0
A5 53    0    0    1    1    1    1    0    0    1    0    0    0
A6 53    0    0    1    1    1    1    0    0    1    0    0    0
A7 53    0    0    1    1    1    1    0    0    1    0    0    0
A8 53    0    0    1    1    1    1    0    0    1    0    0    0
A9 53    0    0    1    1    1    1    0    0    1    0    0    0
AA 53    0    0    1    1    1    1    0    0    1    0    0    0
AB 53    0    0    1    1    1    1    0    0    1    0    0    0
AC 53    0    0    1    1    1    1    0    0    1    0    0    0
AD 53    0    0    1    1    1    1    0    0    1    0    0    0
AE 53    0    0    1    1    1    1    0    0    1    0    0    0
AF 53    0    0    1    1    1    1    0    0    1    0    0    0
AG 53    0    0    1    1    1    1    0    0    1    0    0    0
AH 53    0    0    1    1    1    1    0    0    1    0    0    0
AI 53    0    0    1    1    1    1    0    0    1    0    0    0
AJ 53    0    0    1    1    1    1    0    0    1    0    0    0
AK 53    0    0    1    1    1    1    0    0    1    0    0    0
A1 54    0    0    1    1    1    1    0    0    1    0    0    0
A2 54    0    0    1    1    1    1    0    0    1    0    0    0
A3 54    0    0    1    1    1    1    0    0    1    0    0    0
A4 54    0    0    1    1    1    1    0    0    1    0    0    0
A5 54    0    0    1    1    1    1    0    0    1    0    0    0
A6 54    0    0    1    1    1    1    0    0    1    0    0    0
A7 54    0    0    1    1    1    1    0    0    1    0    0    0
A8 54    0    0    1    1    1    1    0    0    1    0    0    0
A9 54    0    0    1    1    1    1    0    0    1    0    0    0
AA 54    0    0    1    1    1    1    0    0    1    0    0    0
AB 54    0    0    1    1    1    1    0    0    1    0    0    0
AC 54    0    0    1    1    1    1    0    0    1    0    0    0
AD 54    0    0    1    1    1    1    0    0    1    0    0    0
AE 54    0    0    1    1    1    1    0    0    1    0    0    0
AF 54    0    0    1    1    1    1    0    0    1    0    0    0
AG 54    0    0    1    1    1    1    0    0    1    0    0    0
AH 54    0    0    1    1    1    1    0    0    1    0    0    0
AI 54    0    0    1    1    1    1    0    0    1    0    0    0
AJ 54    0    0    1    1    1    1    0    0    1    0    0    0
AK 54    0    0    1    1    1    1    0    0    1    0    0    0
A1 55    0    0    1    1    1    1    0    0    1    0    0    0
A2 55    0    0    1    1    1    1    0    0    1    0    0    0
A3 55    0    0    1    1    1    1    0    0    1    0    0    0
A4 55    0    0    1    1    1    1    0    0    1    0    0    0
A5 55    0    0    1    1    1    1    0    0    1    0    0    0
A6 55    0    0    1    1    1    1    0    0    1    0    0    0
A7 55    0    0    1    1    1    1    0    0    1    0    0    0
A8 55    0    0    1    1    1    1    0    0    1    0    0    0
A9 55    0    0    1    1    1    1    0    0    1    0    0    0
AA 55    0    0    1    1    1    1    0    0    1    0    0    0
AB 55    0    0    1    1    1    1    0    0    1    0    0    0
AC 55    0    0    1    1    1    1    0    0    1    0    0    0
AD 55    0    0    1    1    1    1    0    0    1    0    0    0
AE 55    0    0    1    1    1    1    0    0    1    0    0    0
AF 55    0    0    1    1    1    1    0    0    1    0    0    0
AG 55    0    0    1    1    1    1    0    0    1    0    0    0
AH 55    0    0    1    1    1    1    0    0    1    0    0    0
AI 55    0    0    1    1    1    1    0    0    1    0    0    0
AJ 55    0    0    1    1    1    1    0    0    1    0    0    0
AK 55    0    0    1    1    1    1    0    0    1    0    0    0
A1 56    0    0    1    1    1    1    0    0    1    0    0    0
A2 56    0    0    1    1    1    1    0    0    1    0    0    0
A3 56    0    0    1    1    1    1    0    0    1    0    0    0
A4 56    0    0    1    1    1    1    0    0    1    0    0    0
A5 56    0    0    1    1    1    1    0    0    1    0    0    0
A6 56    0    0    1    1    1    1    0    0    1    0    0    0
A7 56    0    0    1    1    1    1    0    0    1    0    0    0
A8 56    0    0    1    1    1    1    0    0    1    0    0    0
A9 56    0    0    1    1    1    1    0    0    1    0    0    0
AA 56    0    0    1    1    1    1    0    0    1    0    0    0
AB 56    0    0    1    1    1    1    0    0    1    0    0    0
AC 56    0    0    1    1    1    1    0    0    1    0    0    0
AD 56    0    0    1    1    1    1    0    0    1    0    0    0
AE 56    0    0    1    1    1    1    0    0    1    0    0    0
AF 56    0    0    1    1    1    1    0    0    1    0    0    0
AG 56    0    0    1    1    1    1    0    0    1    0    0    0
AH 56    0    0    1    1    1    1    0    0    1    0    0    0
AI 56    0    0    1    1    1    1    0    0    1    0    0    0
AJ 56    0    0    1    1    1    1    0    0    1    0    0    0
AK 56    0    0    1    1    1    1    0    0    1    0    0    0
 
 end
 
  ---> finished reading solute.inp 
